{"contracts/Citizenship.sol":{"l":{"16":0,"17":0,"26":0,"27":0,"28":0,"29":0,"33":0,"34":0},"path":"/home/darkdark/block_projs/rome_stuff/Test-Ground.io/contracts/Citizenship.sol","s":{"1":0,"2":0,"3":0,"4":0,"5":0,"6":0,"7":0},"b":{"1":[0,0],"2":[0,0]},"f":{"1":0,"2":0,"3":0},"fnMap":{"1":{"name":"constructor","line":15,"loc":{"start":{"line":15,"column":4},"end":{"line":18,"column":4}}},"2":{"name":"redeemCitizenship","line":25,"loc":{"start":{"line":25,"column":4},"end":{"line":30,"column":4}}},"3":{"name":"test","line":32,"loc":{"start":{"line":32,"column":4},"end":{"line":35,"column":4}}}},"statementMap":{"1":{"start":{"line":16,"column":8},"end":{"line":16,"column":32}},"2":{"start":{"line":17,"column":8},"end":{"line":17,"column":23}},"3":{"start":{"line":26,"column":8},"end":{"line":26,"column":104}},"4":{"start":{"line":27,"column":8},"end":{"line":27,"column":83}},"5":{"start":{"line":28,"column":8},"end":{"line":28,"column":42}},"6":{"start":{"line":33,"column":8},"end":{"line":33,"column":48}},"7":{"start":{"line":34,"column":8},"end":{"line":34,"column":18}}},"branchMap":{"1":{"line":26,"type":"if","locations":[{"start":{"line":26,"column":8},"end":{"line":26,"column":8}},{"start":{"line":26,"column":8},"end":{"line":26,"column":8}}]},"2":{"line":27,"type":"if","locations":[{"start":{"line":27,"column":8},"end":{"line":27,"column":8}},{"start":{"line":27,"column":8},"end":{"line":27,"column":8}}]}}},"contracts/IStrategy.sol":{"l":{},"path":"/home/darkdark/block_projs/rome_stuff/Test-Ground.io/contracts/IStrategy.sol","s":{},"b":{},"f":{},"fnMap":{},"statementMap":{},"branchMap":{}},"contracts/justStoreItButFifthStrategy.sol":{"l":{"13":0,"14":0,"31":0,"32":0,"37":0,"38":0,"44":0},"path":"/home/darkdark/block_projs/rome_stuff/Test-Ground.io/contracts/justStoreItButFifthStrategy.sol","s":{"1":0,"2":0,"3":0,"4":0,"5":0,"6":0,"7":0},"b":{"1":[0,0],"2":[0,0]},"f":{"1":0,"2":0,"3":0,"4":0,"5":0},"fnMap":{"1":{"name":"constructor","line":12,"loc":{"start":{"line":12,"column":4},"end":{"line":15,"column":4}}},"2":{"name":"deposit","line":25,"loc":{"start":{"line":25,"column":4},"end":{"line":27,"column":4}}},"3":{"name":"withdraw","line":30,"loc":{"start":{"line":30,"column":4},"end":{"line":33,"column":4}}},"4":{"name":"withdrawAll","line":36,"loc":{"start":{"line":36,"column":4},"end":{"line":39,"column":4}}},"5":{"name":"totalBalance","line":43,"loc":{"start":{"line":43,"column":4},"end":{"line":45,"column":4}}}},"statementMap":{"1":{"start":{"line":13,"column":8},"end":{"line":13,"column":26}},"2":{"start":{"line":14,"column":8},"end":{"line":14,"column":26}},"3":{"start":{"line":31,"column":8},"end":{"line":31,"column":77}},"4":{"start":{"line":32,"column":8},"end":{"line":32,"column":50}},"5":{"start":{"line":37,"column":8},"end":{"line":37,"column":77}},"6":{"start":{"line":38,"column":8},"end":{"line":38,"column":69}},"7":{"start":{"line":44,"column":8},"end":{"line":44,"column":48}}},"branchMap":{"1":{"line":31,"type":"if","locations":[{"start":{"line":31,"column":8},"end":{"line":31,"column":8}},{"start":{"line":31,"column":8},"end":{"line":31,"column":8}}]},"2":{"line":37,"type":"if","locations":[{"start":{"line":37,"column":8},"end":{"line":37,"column":8}},{"start":{"line":37,"column":8},"end":{"line":37,"column":8}}]}}},"contracts/justStoreItButHalfStrategy.sol":{"l":{"13":0,"14":0,"31":0,"32":0,"37":0,"38":0,"44":0},"path":"/home/darkdark/block_projs/rome_stuff/Test-Ground.io/contracts/justStoreItButHalfStrategy.sol","s":{"1":0,"2":0,"3":0,"4":0,"5":0,"6":0,"7":0},"b":{"1":[0,0],"2":[0,0]},"f":{"1":0,"2":0,"3":0,"4":0,"5":0},"fnMap":{"1":{"name":"constructor","line":12,"loc":{"start":{"line":12,"column":4},"end":{"line":15,"column":4}}},"2":{"name":"deposit","line":25,"loc":{"start":{"line":25,"column":4},"end":{"line":27,"column":4}}},"3":{"name":"withdraw","line":30,"loc":{"start":{"line":30,"column":4},"end":{"line":33,"column":4}}},"4":{"name":"withdrawAll","line":36,"loc":{"start":{"line":36,"column":4},"end":{"line":39,"column":4}}},"5":{"name":"totalBalance","line":43,"loc":{"start":{"line":43,"column":4},"end":{"line":45,"column":4}}}},"statementMap":{"1":{"start":{"line":13,"column":8},"end":{"line":13,"column":26}},"2":{"start":{"line":14,"column":8},"end":{"line":14,"column":26}},"3":{"start":{"line":31,"column":8},"end":{"line":31,"column":77}},"4":{"start":{"line":32,"column":8},"end":{"line":32,"column":50}},"5":{"start":{"line":37,"column":8},"end":{"line":37,"column":77}},"6":{"start":{"line":38,"column":8},"end":{"line":38,"column":69}},"7":{"start":{"line":44,"column":8},"end":{"line":44,"column":48}}},"branchMap":{"1":{"line":31,"type":"if","locations":[{"start":{"line":31,"column":8},"end":{"line":31,"column":8}},{"start":{"line":31,"column":8},"end":{"line":31,"column":8}}]},"2":{"line":37,"type":"if","locations":[{"start":{"line":37,"column":8},"end":{"line":37,"column":8}},{"start":{"line":37,"column":8},"end":{"line":37,"column":8}}]}}},"contracts/justStoreItStrategy.sol":{"l":{"13":0,"14":0,"31":0,"32":0,"37":0,"38":0,"44":0},"path":"/home/darkdark/block_projs/rome_stuff/Test-Ground.io/contracts/justStoreItStrategy.sol","s":{"1":0,"2":0,"3":0,"4":0,"5":0,"6":0,"7":0},"b":{"1":[0,0],"2":[0,0]},"f":{"1":0,"2":0,"3":0,"4":0,"5":0},"fnMap":{"1":{"name":"constructor","line":12,"loc":{"start":{"line":12,"column":4},"end":{"line":15,"column":4}}},"2":{"name":"deposit","line":25,"loc":{"start":{"line":25,"column":4},"end":{"line":27,"column":4}}},"3":{"name":"withdraw","line":30,"loc":{"start":{"line":30,"column":4},"end":{"line":33,"column":4}}},"4":{"name":"withdrawAll","line":36,"loc":{"start":{"line":36,"column":4},"end":{"line":39,"column":4}}},"5":{"name":"totalBalance","line":43,"loc":{"start":{"line":43,"column":4},"end":{"line":45,"column":4}}}},"statementMap":{"1":{"start":{"line":13,"column":8},"end":{"line":13,"column":26}},"2":{"start":{"line":14,"column":8},"end":{"line":14,"column":26}},"3":{"start":{"line":31,"column":8},"end":{"line":31,"column":77}},"4":{"start":{"line":32,"column":8},"end":{"line":32,"column":46}},"5":{"start":{"line":37,"column":8},"end":{"line":37,"column":77}},"6":{"start":{"line":38,"column":8},"end":{"line":38,"column":69}},"7":{"start":{"line":44,"column":8},"end":{"line":44,"column":44}}},"branchMap":{"1":{"line":31,"type":"if","locations":[{"start":{"line":31,"column":8},"end":{"line":31,"column":8}},{"start":{"line":31,"column":8},"end":{"line":31,"column":8}}]},"2":{"line":37,"type":"if","locations":[{"start":{"line":37,"column":8},"end":{"line":37,"column":8}},{"start":{"line":37,"column":8},"end":{"line":37,"column":8}}]}}},"contracts/openzeppelin-contracts/contracts/access/AccessControl.sol":{"l":{"88":0,"96":0,"112":0,"122":0,"136":0,"138":0,"151":0,"153":0,"171":0,"173":0,"193":0,"202":0,"203":0,"207":0,"208":0,"213":0,"214":0},"path":"/home/darkdark/block_projs/rome_stuff/Test-Ground.io/contracts/openzeppelin-contracts/contracts/access/AccessControl.sol","s":{"1":0,"2":0,"3":0,"4":0,"5":0,"6":0,"7":0,"8":0,"9":0,"10":0,"11":0,"12":0,"13":0,"14":0,"15":0,"16":0,"17":0},"b":{"1":[0,0],"2":[0,0],"3":[0,0],"4":[0,0],"5":[0,0]},"f":{"1":0,"2":0,"3":0,"4":0,"5":0,"6":0,"7":0,"8":0,"9":0,"10":0,"11":0},"fnMap":{"1":{"name":"hasRole","line":87,"loc":{"start":{"line":87,"column":4},"end":{"line":89,"column":4}}},"2":{"name":"getRoleMemberCount","line":95,"loc":{"start":{"line":95,"column":4},"end":{"line":97,"column":4}}},"3":{"name":"getRoleMember","line":111,"loc":{"start":{"line":111,"column":4},"end":{"line":113,"column":4}}},"4":{"name":"getRoleAdmin","line":121,"loc":{"start":{"line":121,"column":4},"end":{"line":123,"column":4}}},"5":{"name":"grantRole","line":135,"loc":{"start":{"line":135,"column":4},"end":{"line":139,"column":4}}},"6":{"name":"revokeRole","line":150,"loc":{"start":{"line":150,"column":4},"end":{"line":154,"column":4}}},"7":{"name":"renounceRole","line":170,"loc":{"start":{"line":170,"column":4},"end":{"line":174,"column":4}}},"8":{"name":"_setupRole","line":192,"loc":{"start":{"line":192,"column":4},"end":{"line":194,"column":4}}},"9":{"name":"_setRoleAdmin","line":201,"loc":{"start":{"line":201,"column":4},"end":{"line":204,"column":4}}},"10":{"name":"_grantRole","line":206,"loc":{"start":{"line":206,"column":4},"end":{"line":210,"column":4}}},"11":{"name":"_revokeRole","line":212,"loc":{"start":{"line":212,"column":4},"end":{"line":216,"column":4}}}},"statementMap":{"1":{"start":{"line":88,"column":8},"end":{"line":88,"column":53}},"2":{"start":{"line":96,"column":8},"end":{"line":96,"column":44}},"3":{"start":{"line":112,"column":8},"end":{"line":112,"column":45}},"4":{"start":{"line":122,"column":8},"end":{"line":122,"column":37}},"5":{"start":{"line":136,"column":8},"end":{"line":136,"column":112}},"6":{"start":{"line":138,"column":8},"end":{"line":138,"column":32}},"7":{"start":{"line":151,"column":8},"end":{"line":151,"column":113}},"8":{"start":{"line":153,"column":8},"end":{"line":153,"column":33}},"9":{"start":{"line":171,"column":8},"end":{"line":171,"column":90}},"10":{"start":{"line":173,"column":8},"end":{"line":173,"column":33}},"11":{"start":{"line":193,"column":8},"end":{"line":193,"column":32}},"12":{"start":{"line":202,"column":8},"end":{"line":202,"column":70}},"13":{"start":{"line":203,"column":8},"end":{"line":203,"column":41}},"14":{"start":{"line":207,"column":8},"end":{"line":207,"column":7103}},"15":{"start":{"line":208,"column":12},"end":{"line":208,"column":57}},"16":{"start":{"line":213,"column":8},"end":{"line":213,"column":7294}},"17":{"start":{"line":214,"column":12},"end":{"line":214,"column":57}}},"branchMap":{"1":{"line":136,"type":"if","locations":[{"start":{"line":136,"column":8},"end":{"line":136,"column":8}},{"start":{"line":136,"column":8},"end":{"line":136,"column":8}}]},"2":{"line":151,"type":"if","locations":[{"start":{"line":151,"column":8},"end":{"line":151,"column":8}},{"start":{"line":151,"column":8},"end":{"line":151,"column":8}}]},"3":{"line":171,"type":"if","locations":[{"start":{"line":171,"column":8},"end":{"line":171,"column":8}},{"start":{"line":171,"column":8},"end":{"line":171,"column":8}}]},"4":{"line":207,"type":"if","locations":[{"start":{"line":207,"column":8},"end":{"line":207,"column":8}},{"start":{"line":207,"column":8},"end":{"line":207,"column":8}}]},"5":{"line":213,"type":"if","locations":[{"start":{"line":213,"column":8},"end":{"line":213,"column":8}},{"start":{"line":213,"column":8},"end":{"line":213,"column":8}}]}}},"contracts/openzeppelin-contracts/contracts/access/Ownable.sol":{"l":{"27":34,"28":34,"29":34,"36":2,"43":1,"44":1,"55":1,"56":1,"64":0,"65":0,"66":0},"path":"/home/darkdark/block_projs/rome_stuff/Test-Ground.io/contracts/openzeppelin-contracts/contracts/access/Ownable.sol","s":{"1":34,"2":34,"3":34,"4":2,"5":1,"6":1,"7":1,"8":0,"9":0,"10":0},"b":{"1":[1,0],"2":[0,0]},"f":{"1":34,"2":2,"3":1,"4":1,"5":0},"fnMap":{"1":{"name":"constructor","line":26,"loc":{"start":{"line":26,"column":4},"end":{"line":30,"column":4}}},"2":{"name":"owner","line":35,"loc":{"start":{"line":35,"column":4},"end":{"line":37,"column":4}}},"3":{"name":"onlyOwner","line":42,"loc":{"start":{"line":42,"column":4},"end":{"line":45,"column":4}}},"4":{"name":"renounceOwnership","line":54,"loc":{"start":{"line":54,"column":4},"end":{"line":57,"column":4}}},"5":{"name":"transferOwnership","line":63,"loc":{"start":{"line":63,"column":4},"end":{"line":67,"column":4}}}},"statementMap":{"1":{"start":{"line":27,"column":8},"end":{"line":27,"column":40}},"2":{"start":{"line":28,"column":8},"end":{"line":28,"column":25}},"3":{"start":{"line":29,"column":8},"end":{"line":29,"column":56}},"4":{"start":{"line":36,"column":8},"end":{"line":36,"column":21}},"5":{"start":{"line":43,"column":8},"end":{"line":43,"column":74}},"6":{"start":{"line":55,"column":8},"end":{"line":55,"column":53}},"7":{"start":{"line":56,"column":8},"end":{"line":56,"column":26}},"8":{"start":{"line":64,"column":8},"end":{"line":64,"column":80}},"9":{"start":{"line":65,"column":8},"end":{"line":65,"column":51}},"10":{"start":{"line":66,"column":8},"end":{"line":66,"column":24}}},"branchMap":{"1":{"line":43,"type":"if","locations":[{"start":{"line":43,"column":8},"end":{"line":43,"column":8}},{"start":{"line":43,"column":8},"end":{"line":43,"column":8}}]},"2":{"line":64,"type":"if","locations":[{"start":{"line":64,"column":8},"end":{"line":64,"column":8}},{"start":{"line":64,"column":8},"end":{"line":64,"column":8}}]}}},"contracts/openzeppelin-contracts/contracts/access/TimelockController.sol":{"l":{"58":0,"59":0,"60":0,"63":0,"64":0,"67":0,"68":0,"72":0,"73":0,"76":0,"77":0,"87":0,"88":0,"100":0,"108":0,"115":0,"123":0,"132":0,"140":0,"148":0,"161":0,"162":0,"163":0,"176":0,"177":0,"179":0,"180":0,"181":0,"182":0,"190":0,"191":0,"193":0,"204":0,"205":0,"207":0,"220":0,"221":0,"222":0,"223":0,"236":0,"237":0,"239":0,"240":0,"241":0,"242":0,"244":0,"251":0,"258":0,"259":0,"269":0,"270":0,"272":0,"286":0,"287":0,"288":0},"path":"/home/darkdark/block_projs/rome_stuff/Test-Ground.io/contracts/openzeppelin-contracts/contracts/access/TimelockController.sol","s":{"1":0,"2":0,"3":0,"4":0,"5":0,"6":0,"7":0,"8":0,"9":0,"10":0,"11":0,"12":0,"13":0,"14":0,"15":0,"16":0,"17":0,"18":0,"19":0,"20":0,"21":0,"22":0,"23":0,"24":0,"25":0,"26":0,"27":0,"28":0,"29":0,"30":0,"31":0,"32":0,"33":0,"34":0,"35":0,"36":0,"37":0,"38":0,"39":0,"40":0,"41":0,"42":0,"43":0,"44":0,"45":0,"46":0,"47":0,"48":0,"49":0,"50":0,"51":0,"52":0,"53":0},"b":{"1":[0,0],"2":[0,0],"3":[0,0],"4":[0,0],"5":[0,0],"6":[0,0],"7":[0,0],"8":[0,0],"9":[0,0],"10":[0,0],"11":[0,0],"12":[0,0]},"f":{"1":0,"2":0,"3":0,"4":0,"5":0,"6":0,"7":0,"8":0,"9":0,"10":0,"11":0,"12":0,"13":0,"14":0,"15":0,"16":0,"17":0,"18":0,"19":0},"fnMap":{"1":{"name":"constructor","line":57,"loc":{"start":{"line":57,"column":4},"end":{"line":78,"column":4}}},"2":{"name":"onlyRole","line":86,"loc":{"start":{"line":86,"column":4},"end":{"line":89,"column":4}}},"3":{"name":"isOperationPending","line":99,"loc":{"start":{"line":99,"column":4},"end":{"line":101,"column":4}}},"4":{"name":"isOperationReady","line":106,"loc":{"start":{"line":106,"column":4},"end":{"line":109,"column":4}}},"5":{"name":"isOperationDone","line":114,"loc":{"start":{"line":114,"column":4},"end":{"line":116,"column":4}}},"6":{"name":"getTimestamp","line":122,"loc":{"start":{"line":122,"column":4},"end":{"line":124,"column":4}}},"7":{"name":"getMinDelay","line":131,"loc":{"start":{"line":131,"column":4},"end":{"line":133,"column":4}}},"8":{"name":"hashOperation","line":139,"loc":{"start":{"line":139,"column":4},"end":{"line":141,"column":4}}},"9":{"name":"hashOperationBatch","line":147,"loc":{"start":{"line":147,"column":4},"end":{"line":149,"column":4}}},"10":{"name":"schedule","line":160,"loc":{"start":{"line":160,"column":4},"end":{"line":164,"column":4}}},"11":{"name":"scheduleBatch","line":175,"loc":{"start":{"line":175,"column":4},"end":{"line":184,"column":4}}},"12":{"name":"_schedule","line":189,"loc":{"start":{"line":189,"column":4},"end":{"line":194,"column":4}}},"13":{"name":"cancel","line":203,"loc":{"start":{"line":203,"column":4},"end":{"line":208,"column":4}}},"14":{"name":"execute","line":219,"loc":{"start":{"line":219,"column":4},"end":{"line":224,"column":4}}},"15":{"name":"executeBatch","line":235,"loc":{"start":{"line":235,"column":4},"end":{"line":245,"column":4}}},"16":{"name":"_beforeCall","line":250,"loc":{"start":{"line":250,"column":4},"end":{"line":252,"column":4}}},"17":{"name":"_afterCall","line":257,"loc":{"start":{"line":257,"column":4},"end":{"line":260,"column":4}}},"18":{"name":"_call","line":267,"loc":{"start":{"line":267,"column":4},"end":{"line":273,"column":4}}},"19":{"name":"updateDelay","line":285,"loc":{"start":{"line":285,"column":4},"end":{"line":289,"column":4}}}},"statementMap":{"1":{"start":{"line":58,"column":8},"end":{"line":58,"column":62}},"2":{"start":{"line":59,"column":8},"end":{"line":59,"column":56}},"3":{"start":{"line":60,"column":8},"end":{"line":60,"column":56}},"4":{"start":{"line":63,"column":8},"end":{"line":63,"column":52}},"5":{"start":{"line":64,"column":8},"end":{"line":64,"column":53}},"6":{"start":{"line":67,"column":8},"end":{"line":67,"column":2582}},"7":{"start":{"line":68,"column":12},"end":{"line":68,"column":50}},"8":{"start":{"line":72,"column":8},"end":{"line":72,"column":2733}},"9":{"start":{"line":73,"column":12},"end":{"line":73,"column":50}},"10":{"start":{"line":76,"column":8},"end":{"line":76,"column":27}},"11":{"start":{"line":77,"column":8},"end":{"line":77,"column":40}},"12":{"start":{"line":87,"column":8},"end":{"line":87,"column":122}},"13":{"start":{"line":100,"column":8},"end":{"line":100,"column":48}},"14":{"start":{"line":108,"column":8},"end":{"line":108,"column":86}},"15":{"start":{"line":115,"column":8},"end":{"line":115,"column":49}},"16":{"start":{"line":123,"column":8},"end":{"line":123,"column":30}},"17":{"start":{"line":132,"column":8},"end":{"line":132,"column":24}},"18":{"start":{"line":140,"column":8},"end":{"line":140,"column":76}},"19":{"start":{"line":148,"column":8},"end":{"line":148,"column":79}},"20":{"start":{"line":161,"column":8},"end":{"line":161,"column":74}},"21":{"start":{"line":162,"column":8},"end":{"line":162,"column":27}},"22":{"start":{"line":163,"column":8},"end":{"line":163,"column":74}},"23":{"start":{"line":176,"column":8},"end":{"line":176,"column":86}},"24":{"start":{"line":177,"column":8},"end":{"line":177,"column":85}},"25":{"start":{"line":179,"column":8},"end":{"line":179,"column":82}},"26":{"start":{"line":180,"column":8},"end":{"line":180,"column":27}},"27":{"start":{"line":181,"column":8},"end":{"line":181,"column":6811}},"28":{"start":{"line":182,"column":12},"end":{"line":182,"column":90}},"29":{"start":{"line":190,"column":8},"end":{"line":190,"column":87}},"30":{"start":{"line":191,"column":8},"end":{"line":191,"column":76}},"31":{"start":{"line":193,"column":8},"end":{"line":193,"column":61}},"32":{"start":{"line":204,"column":8},"end":{"line":204,"column":91}},"33":{"start":{"line":207,"column":8},"end":{"line":207,"column":26}},"34":{"start":{"line":220,"column":8},"end":{"line":220,"column":74}},"35":{"start":{"line":221,"column":8},"end":{"line":221,"column":31}},"36":{"start":{"line":222,"column":8},"end":{"line":222,"column":40}},"37":{"start":{"line":223,"column":8},"end":{"line":223,"column":21}},"38":{"start":{"line":236,"column":8},"end":{"line":236,"column":86}},"39":{"start":{"line":237,"column":8},"end":{"line":237,"column":85}},"40":{"start":{"line":239,"column":8},"end":{"line":239,"column":82}},"41":{"start":{"line":240,"column":8},"end":{"line":240,"column":31}},"42":{"start":{"line":241,"column":8},"end":{"line":241,"column":9095}},"43":{"start":{"line":242,"column":12},"end":{"line":242,"column":56}},"44":{"start":{"line":244,"column":8},"end":{"line":244,"column":21}},"45":{"start":{"line":251,"column":8},"end":{"line":251,"column":115}},"46":{"start":{"line":258,"column":8},"end":{"line":258,"column":82}},"47":{"start":{"line":259,"column":8},"end":{"line":259,"column":40}},"48":{"start":{"line":269,"column":8},"end":{"line":269,"column":57}},"49":{"start":{"line":270,"column":8},"end":{"line":270,"column":78}},"50":{"start":{"line":272,"column":8},"end":{"line":272,"column":57}},"51":{"start":{"line":286,"column":8},"end":{"line":286,"column":90}},"52":{"start":{"line":287,"column":8},"end":{"line":287,"column":48}},"53":{"start":{"line":288,"column":8},"end":{"line":288,"column":27}}},"branchMap":{"1":{"line":87,"type":"if","locations":[{"start":{"line":87,"column":8},"end":{"line":87,"column":8}},{"start":{"line":87,"column":8},"end":{"line":87,"column":8}}]},"2":{"line":176,"type":"if","locations":[{"start":{"line":176,"column":8},"end":{"line":176,"column":8}},{"start":{"line":176,"column":8},"end":{"line":176,"column":8}}]},"3":{"line":177,"type":"if","locations":[{"start":{"line":177,"column":8},"end":{"line":177,"column":8}},{"start":{"line":177,"column":8},"end":{"line":177,"column":8}}]},"4":{"line":190,"type":"if","locations":[{"start":{"line":190,"column":8},"end":{"line":190,"column":8}},{"start":{"line":190,"column":8},"end":{"line":190,"column":8}}]},"5":{"line":191,"type":"if","locations":[{"start":{"line":191,"column":8},"end":{"line":191,"column":8}},{"start":{"line":191,"column":8},"end":{"line":191,"column":8}}]},"6":{"line":204,"type":"if","locations":[{"start":{"line":204,"column":8},"end":{"line":204,"column":8}},{"start":{"line":204,"column":8},"end":{"line":204,"column":8}}]},"7":{"line":236,"type":"if","locations":[{"start":{"line":236,"column":8},"end":{"line":236,"column":8}},{"start":{"line":236,"column":8},"end":{"line":236,"column":8}}]},"8":{"line":237,"type":"if","locations":[{"start":{"line":237,"column":8},"end":{"line":237,"column":8}},{"start":{"line":237,"column":8},"end":{"line":237,"column":8}}]},"9":{"line":251,"type":"if","locations":[{"start":{"line":251,"column":8},"end":{"line":251,"column":8}},{"start":{"line":251,"column":8},"end":{"line":251,"column":8}}]},"10":{"line":258,"type":"if","locations":[{"start":{"line":258,"column":8},"end":{"line":258,"column":8}},{"start":{"line":258,"column":8},"end":{"line":258,"column":8}}]},"11":{"line":270,"type":"if","locations":[{"start":{"line":270,"column":8},"end":{"line":270,"column":8}},{"start":{"line":270,"column":8},"end":{"line":270,"column":8}}]},"12":{"line":286,"type":"if","locations":[{"start":{"line":286,"column":8},"end":{"line":286,"column":8}},{"start":{"line":286,"column":8},"end":{"line":286,"column":8}}]}}},"contracts/openzeppelin-contracts/contracts/cryptography/ECDSA.sol":{"l":{"28":0,"29":0,"33":0,"34":0,"35":0,"40":0,"46":0,"63":0,"64":0,"67":0,"68":0,"70":0,"84":0},"path":"/home/darkdark/block_projs/rome_stuff/Test-Ground.io/contracts/openzeppelin-contracts/contracts/cryptography/ECDSA.sol","s":{"1":0,"2":0,"3":0,"4":0,"5":0,"6":0,"7":0,"8":0,"9":0,"10":0,"11":0,"12":0},"b":{"1":[0,0],"2":[0,0],"3":[0,0],"4":[0,0]},"f":{"1":0,"2":0,"3":0},"fnMap":{"1":{"name":"recover","line":26,"loc":{"start":{"line":26,"column":4},"end":{"line":47,"column":4}}},"2":{"name":"recover","line":53,"loc":{"start":{"line":53,"column":4},"end":{"line":71,"column":4}}},"3":{"name":"toEthSignedMessageHash","line":81,"loc":{"start":{"line":81,"column":4},"end":{"line":85,"column":4}}}},"statementMap":{"1":{"start":{"line":28,"column":8},"end":{"line":28,"column":1216}},"2":{"start":{"line":29,"column":12},"end":{"line":29,"column":52}},"3":{"start":{"line":33,"column":8},"end":{"line":33,"column":17}},"4":{"start":{"line":34,"column":8},"end":{"line":34,"column":17}},"5":{"start":{"line":35,"column":8},"end":{"line":35,"column":15}},"6":{"start":{"line":46,"column":8},"end":{"line":46,"column":37}},"7":{"start":{"line":63,"column":8},"end":{"line":63,"column":134}},"8":{"start":{"line":64,"column":8},"end":{"line":64,"column":72}},"9":{"start":{"line":67,"column":8},"end":{"line":67,"column":49}},"10":{"start":{"line":68,"column":8},"end":{"line":68,"column":64}},"11":{"start":{"line":70,"column":8},"end":{"line":70,"column":21}},"12":{"start":{"line":84,"column":8},"end":{"line":84,"column":84}}},"branchMap":{"1":{"line":28,"type":"if","locations":[{"start":{"line":28,"column":8},"end":{"line":28,"column":8}},{"start":{"line":28,"column":8},"end":{"line":28,"column":8}}]},"2":{"line":63,"type":"if","locations":[{"start":{"line":63,"column":8},"end":{"line":63,"column":8}},{"start":{"line":63,"column":8},"end":{"line":63,"column":8}}]},"3":{"line":64,"type":"if","locations":[{"start":{"line":64,"column":8},"end":{"line":64,"column":8}},{"start":{"line":64,"column":8},"end":{"line":64,"column":8}}]},"4":{"line":68,"type":"if","locations":[{"start":{"line":68,"column":8},"end":{"line":68,"column":8}},{"start":{"line":68,"column":8},"end":{"line":68,"column":8}}]}}},"contracts/openzeppelin-contracts/contracts/cryptography/MerkleProof.sol":{"l":{"16":0,"18":0,"19":0,"21":0,"23":0,"26":0,"31":0},"path":"/home/darkdark/block_projs/rome_stuff/Test-Ground.io/contracts/openzeppelin-contracts/contracts/cryptography/MerkleProof.sol","s":{"1":0,"2":0,"3":0,"4":0,"5":0,"6":0,"7":0},"b":{"1":[0,0]},"f":{"1":0},"fnMap":{"1":{"name":"verify","line":15,"loc":{"start":{"line":15,"column":4},"end":{"line":32,"column":4}}}},"statementMap":{"1":{"start":{"line":16,"column":8},"end":{"line":16,"column":35}},"2":{"start":{"line":18,"column":8},"end":{"line":18,"column":659}},"3":{"start":{"line":19,"column":12},"end":{"line":19,"column":43}},"4":{"start":{"line":21,"column":12},"end":{"line":21,"column":766}},"5":{"start":{"line":23,"column":16},"end":{"line":23,"column":85}},"6":{"start":{"line":26,"column":16},"end":{"line":26,"column":85}},"7":{"start":{"line":31,"column":8},"end":{"line":31,"column":35}}},"branchMap":{"1":{"line":21,"type":"if","locations":[{"start":{"line":21,"column":12},"end":{"line":21,"column":12}},{"start":{"line":21,"column":12},"end":{"line":21,"column":12}}]}}},"contracts/openzeppelin-contracts/contracts/drafts/EIP712.sol":{"l":{"47":0,"48":0,"49":0,"50":0,"51":0,"52":0,"53":0,"54":0,"61":0,"62":0,"64":0,"69":0,"96":0,"100":0,"102":0},"path":"/home/darkdark/block_projs/rome_stuff/Test-Ground.io/contracts/openzeppelin-contracts/contracts/drafts/EIP712.sol","s":{"1":0,"2":0,"3":0,"4":0,"5":0,"6":0,"7":0,"8":0,"9":0,"10":0,"11":0,"12":0,"13":0},"b":{"1":[0,0]},"f":{"1":0,"2":0,"3":0,"4":0,"5":0},"fnMap":{"1":{"name":"constructor","line":46,"loc":{"start":{"line":46,"column":4},"end":{"line":55,"column":4}}},"2":{"name":"_domainSeparatorV4","line":60,"loc":{"start":{"line":60,"column":4},"end":{"line":66,"column":4}}},"3":{"name":"_buildDomainSeparator","line":68,"loc":{"start":{"line":68,"column":4},"end":{"line":78,"column":4}}},"4":{"name":"_hashTypedDataV4","line":95,"loc":{"start":{"line":95,"column":4},"end":{"line":97,"column":4}}},"5":{"name":"_getChainId","line":99,"loc":{"start":{"line":99,"column":4},"end":{"line":105,"column":4}}}},"statementMap":{"1":{"start":{"line":47,"column":8},"end":{"line":47,"column":51}},"2":{"start":{"line":48,"column":8},"end":{"line":48,"column":57}},"3":{"start":{"line":49,"column":8},"end":{"line":49,"column":122}},"4":{"start":{"line":50,"column":8},"end":{"line":50,"column":32}},"5":{"start":{"line":51,"column":8},"end":{"line":51,"column":38}},"6":{"start":{"line":52,"column":8},"end":{"line":52,"column":39}},"7":{"start":{"line":53,"column":8},"end":{"line":53,"column":92}},"8":{"start":{"line":54,"column":8},"end":{"line":54,"column":28}},"9":{"start":{"line":61,"column":8},"end":{"line":61,"column":3013}},"10":{"start":{"line":62,"column":12},"end":{"line":62,"column":43}},"11":{"start":{"line":64,"column":12},"end":{"line":64,"column":83}},"12":{"start":{"line":69,"column":8},"end":{"line":69,"column":3344}},"13":{"start":{"line":96,"column":8},"end":{"line":96,"column":88}}},"branchMap":{"1":{"line":61,"type":"if","locations":[{"start":{"line":61,"column":8},"end":{"line":61,"column":8}},{"start":{"line":61,"column":8},"end":{"line":61,"column":8}}]}}},"contracts/openzeppelin-contracts/contracts/drafts/ERC20Permit.sol":{"l":{"40":0,"42":0,"53":0,"55":0,"56":0,"58":0,"59":0,"66":0,"74":0},"path":"/home/darkdark/block_projs/rome_stuff/Test-Ground.io/contracts/openzeppelin-contracts/contracts/drafts/ERC20Permit.sol","s":{"1":0,"2":0,"3":0,"4":0,"5":0,"6":0,"7":0,"8":0,"9":0},"b":{"1":[0,0],"2":[0,0]},"f":{"1":0,"2":0,"3":0,"4":0},"fnMap":{"1":{"name":"constructor","line":32,"loc":{"start":{"line":32,"column":4},"end":{"line":33,"column":4}}},"2":{"name":"permit","line":38,"loc":{"start":{"line":38,"column":4},"end":{"line":60,"column":4}}},"3":{"name":"nonces","line":65,"loc":{"start":{"line":65,"column":4},"end":{"line":67,"column":4}}},"4":{"name":"DOMAIN_SEPARATOR","line":73,"loc":{"start":{"line":73,"column":4},"end":{"line":75,"column":4}}}},"statementMap":{"1":{"start":{"line":40,"column":8},"end":{"line":40,"column":76}},"2":{"start":{"line":42,"column":8},"end":{"line":42,"column":1720}},"3":{"start":{"line":53,"column":8},"end":{"line":53,"column":51}},"4":{"start":{"line":55,"column":8},"end":{"line":55,"column":53}},"5":{"start":{"line":56,"column":8},"end":{"line":56,"column":65}},"6":{"start":{"line":58,"column":8},"end":{"line":58,"column":33}},"7":{"start":{"line":59,"column":8},"end":{"line":59,"column":38}},"8":{"start":{"line":66,"column":8},"end":{"line":66,"column":39}},"9":{"start":{"line":74,"column":8},"end":{"line":74,"column":35}}},"branchMap":{"1":{"line":40,"type":"if","locations":[{"start":{"line":40,"column":8},"end":{"line":40,"column":8}},{"start":{"line":40,"column":8},"end":{"line":40,"column":8}}]},"2":{"line":56,"type":"if","locations":[{"start":{"line":56,"column":8},"end":{"line":56,"column":8}},{"start":{"line":56,"column":8},"end":{"line":56,"column":8}}]}}},"contracts/openzeppelin-contracts/contracts/drafts/IERC20Permit.sol":{"l":{},"path":"/home/darkdark/block_projs/rome_stuff/Test-Ground.io/contracts/openzeppelin-contracts/contracts/drafts/IERC20Permit.sol","s":{},"b":{},"f":{},"fnMap":{},"statementMap":{},"branchMap":{}},"contracts/openzeppelin-contracts/contracts/GSN/Context.sol":{"l":{},"path":"/home/darkdark/block_projs/rome_stuff/Test-Ground.io/contracts/openzeppelin-contracts/contracts/GSN/Context.sol","s":{},"b":{},"f":{},"fnMap":{},"statementMap":{},"branchMap":{}},"contracts/openzeppelin-contracts/contracts/GSN/GSNRecipient.sol":{"l":{"39":0,"50":0,"51":0,"52":0,"54":0,"56":0,"66":0,"67":0,"76":0,"91":0,"92":0,"94":0,"105":0,"106":0,"108":0,"125":0,"126":0,"148":0,"149":0,"166":0,"175":0,"182":0,"192":0,"206":0,"207":0,"210":0,"214":0,"221":0,"222":0,"224":0,"225":0,"228":0},"path":"/home/darkdark/block_projs/rome_stuff/Test-Ground.io/contracts/openzeppelin-contracts/contracts/GSN/GSNRecipient.sol","s":{"1":0,"2":0,"3":0,"4":0,"5":0,"6":0,"7":0,"8":0,"9":0,"10":0,"11":0,"12":0,"13":0,"14":0,"15":0,"16":0,"17":0,"18":0,"19":0,"20":0,"21":0,"22":0,"23":0,"24":0,"25":0,"26":0,"27":0,"28":0,"29":0,"30":0},"b":{"1":[0,0],"2":[0,0],"3":[0,0],"4":[0,0],"5":[0,0],"6":[0,0]},"f":{"1":0,"2":0,"3":0,"4":0,"5":0,"6":0,"7":0,"8":0,"9":0,"10":0,"11":0,"12":0,"13":0,"14":0},"fnMap":{"1":{"name":"getHubAddr","line":38,"loc":{"start":{"line":38,"column":4},"end":{"line":40,"column":4}}},"2":{"name":"_upgradeRelayHub","line":49,"loc":{"start":{"line":49,"column":4},"end":{"line":57,"column":4}}},"3":{"name":"relayHubVersion","line":65,"loc":{"start":{"line":65,"column":4},"end":{"line":68,"column":4}}},"4":{"name":"_withdrawDeposits","line":75,"loc":{"start":{"line":75,"column":4},"end":{"line":77,"column":4}}},"5":{"name":"_msgSender","line":90,"loc":{"start":{"line":90,"column":4},"end":{"line":96,"column":4}}},"6":{"name":"_msgData","line":104,"loc":{"start":{"line":104,"column":4},"end":{"line":110,"column":4}}},"7":{"name":"preRelayedCall","line":124,"loc":{"start":{"line":124,"column":4},"end":{"line":127,"column":4}}},"8":{"name":"postRelayedCall","line":147,"loc":{"start":{"line":147,"column":4},"end":{"line":150,"column":4}}},"9":{"name":"_approveRelayedCall","line":165,"loc":{"start":{"line":165,"column":4},"end":{"line":167,"column":4}}},"10":{"name":"_approveRelayedCall","line":174,"loc":{"start":{"line":174,"column":4},"end":{"line":176,"column":4}}},"11":{"name":"_rejectRelayedCall","line":181,"loc":{"start":{"line":181,"column":4},"end":{"line":183,"column":4}}},"12":{"name":"_computeCharge","line":189,"loc":{"start":{"line":189,"column":4},"end":{"line":193,"column":4}}},"13":{"name":"_getRelayedCallSender","line":195,"loc":{"start":{"line":195,"column":4},"end":{"line":215,"column":4}}},"14":{"name":"_getRelayedCallData","line":217,"loc":{"start":{"line":217,"column":4},"end":{"line":229,"column":4}}}},"statementMap":{"1":{"start":{"line":39,"column":8},"end":{"line":39,"column":24}},"2":{"start":{"line":50,"column":8},"end":{"line":50,"column":43}},"3":{"start":{"line":51,"column":8},"end":{"line":51,"column":91}},"4":{"start":{"line":52,"column":8},"end":{"line":52,"column":95}},"5":{"start":{"line":54,"column":8},"end":{"line":54,"column":58}},"6":{"start":{"line":56,"column":8},"end":{"line":56,"column":30}},"7":{"start":{"line":67,"column":8},"end":{"line":67,"column":22}},"8":{"start":{"line":76,"column":8},"end":{"line":76,"column":51}},"9":{"start":{"line":91,"column":8},"end":{"line":91,"column":3997}},"10":{"start":{"line":92,"column":12},"end":{"line":92,"column":29}},"11":{"start":{"line":94,"column":12},"end":{"line":94,"column":42}},"12":{"start":{"line":105,"column":8},"end":{"line":105,"column":4581}},"13":{"start":{"line":106,"column":12},"end":{"line":106,"column":27}},"14":{"start":{"line":108,"column":12},"end":{"line":108,"column":40}},"15":{"start":{"line":125,"column":8},"end":{"line":125,"column":82}},"16":{"start":{"line":126,"column":8},"end":{"line":126,"column":39}},"17":{"start":{"line":148,"column":8},"end":{"line":148,"column":82}},"18":{"start":{"line":149,"column":8},"end":{"line":149,"column":66}},"19":{"start":{"line":166,"column":8},"end":{"line":166,"column":38}},"20":{"start":{"line":175,"column":8},"end":{"line":175,"column":48}},"21":{"start":{"line":182,"column":8},"end":{"line":182,"column":55}},"22":{"start":{"line":192,"column":8},"end":{"line":192,"column":58}},"23":{"start":{"line":206,"column":8},"end":{"line":206,"column":37}},"24":{"start":{"line":207,"column":8},"end":{"line":207,"column":39}},"25":{"start":{"line":214,"column":8},"end":{"line":214,"column":21}},"26":{"start":{"line":221,"column":8},"end":{"line":221,"column":55}},"27":{"start":{"line":222,"column":8},"end":{"line":222,"column":61}},"28":{"start":{"line":224,"column":8},"end":{"line":224,"column":9747}},"29":{"start":{"line":225,"column":12},"end":{"line":225,"column":38}},"30":{"start":{"line":228,"column":8},"end":{"line":228,"column":25}}},"branchMap":{"1":{"line":51,"type":"if","locations":[{"start":{"line":51,"column":8},"end":{"line":51,"column":8}},{"start":{"line":51,"column":8},"end":{"line":51,"column":8}}]},"2":{"line":52,"type":"if","locations":[{"start":{"line":52,"column":8},"end":{"line":52,"column":8}},{"start":{"line":52,"column":8},"end":{"line":52,"column":8}}]},"3":{"line":91,"type":"if","locations":[{"start":{"line":91,"column":8},"end":{"line":91,"column":8}},{"start":{"line":91,"column":8},"end":{"line":91,"column":8}}]},"4":{"line":105,"type":"if","locations":[{"start":{"line":105,"column":8},"end":{"line":105,"column":8}},{"start":{"line":105,"column":8},"end":{"line":105,"column":8}}]},"5":{"line":125,"type":"if","locations":[{"start":{"line":125,"column":8},"end":{"line":125,"column":8}},{"start":{"line":125,"column":8},"end":{"line":125,"column":8}}]},"6":{"line":148,"type":"if","locations":[{"start":{"line":148,"column":8},"end":{"line":148,"column":8}},{"start":{"line":148,"column":8},"end":{"line":148,"column":8}}]}}},"contracts/openzeppelin-contracts/contracts/GSN/GSNRecipientERC20Fee.sol":{"l":{"34":0,"41":0,"48":0,"71":0,"72":0,"75":0,"85":0,"88":0,"90":0,"97":0,"103":0,"104":0,"107":0,"125":0,"130":0,"131":0,"133":0,"139":0,"140":0,"142":0,"147":0,"148":0,"149":0,"151":0},"path":"/home/darkdark/block_projs/rome_stuff/Test-Ground.io/contracts/openzeppelin-contracts/contracts/GSN/GSNRecipientERC20Fee.sol","s":{"1":0,"2":0,"3":0,"4":0,"5":0,"6":0,"7":0,"8":0,"9":0,"10":0,"11":0,"12":0,"13":0,"14":0,"15":0,"16":0,"17":0,"18":0,"19":0,"20":0,"21":0,"22":0,"23":0,"24":0},"b":{"1":[0,0],"2":[0,0],"3":[0,0],"4":[0,0]},"f":{"1":0,"2":0,"3":0,"4":0,"5":0,"6":0,"7":0,"8":0,"9":0,"10":0,"11":0},"fnMap":{"1":{"name":"constructor","line":33,"loc":{"start":{"line":33,"column":4},"end":{"line":35,"column":4}}},"2":{"name":"token","line":40,"loc":{"start":{"line":40,"column":4},"end":{"line":42,"column":4}}},"3":{"name":"_mint","line":47,"loc":{"start":{"line":47,"column":4},"end":{"line":49,"column":4}}},"4":{"name":"acceptRelayedCall","line":54,"loc":{"start":{"line":54,"column":4},"end":{"line":76,"column":4}}},"5":{"name":"_preRelayedCall","line":84,"loc":{"start":{"line":84,"column":4},"end":{"line":91,"column":4}}},"6":{"name":"_postRelayedCall","line":96,"loc":{"start":{"line":96,"column":4},"end":{"line":108,"column":4}}},"7":{"name":"constructor","line":121,"loc":{"start":{"line":121,"column":4},"end":{"line":121,"column":87}}},"8":{"name":"mint","line":124,"loc":{"start":{"line":124,"column":4},"end":{"line":126,"column":4}}},"9":{"name":"allowance","line":129,"loc":{"start":{"line":129,"column":4},"end":{"line":135,"column":4}}},"10":{"name":"_approve","line":138,"loc":{"start":{"line":138,"column":4},"end":{"line":144,"column":4}}},"11":{"name":"transferFrom","line":146,"loc":{"start":{"line":146,"column":4},"end":{"line":153,"column":4}}}},"statementMap":{"1":{"start":{"line":34,"column":8},"end":{"line":34,"column":56}},"2":{"start":{"line":41,"column":8},"end":{"line":41,"column":29}},"3":{"start":{"line":48,"column":8},"end":{"line":48,"column":35}},"4":{"start":{"line":71,"column":8},"end":{"line":71,"column":2349}},"5":{"start":{"line":72,"column":12},"end":{"line":72,"column":99}},"6":{"start":{"line":75,"column":8},"end":{"line":75,"column":97}},"7":{"start":{"line":85,"column":8},"end":{"line":85,"column":91}},"8":{"start":{"line":88,"column":8},"end":{"line":88,"column":70}},"9":{"start":{"line":90,"column":8},"end":{"line":90,"column":16}},"10":{"start":{"line":97,"column":8},"end":{"line":97,"column":3716}},"11":{"start":{"line":103,"column":8},"end":{"line":103,"column":112}},"12":{"start":{"line":104,"column":8},"end":{"line":104,"column":54}},"13":{"start":{"line":107,"column":8},"end":{"line":107,"column":69}},"14":{"start":{"line":125,"column":8},"end":{"line":125,"column":29}},"15":{"start":{"line":130,"column":8},"end":{"line":130,"column":5315}},"16":{"start":{"line":131,"column":12},"end":{"line":131,"column":31}},"17":{"start":{"line":133,"column":12},"end":{"line":133,"column":55}},"18":{"start":{"line":139,"column":8},"end":{"line":139,"column":5642}},"19":{"start":{"line":140,"column":12},"end":{"line":140,"column":18}},"20":{"start":{"line":142,"column":12},"end":{"line":142,"column":53}},"21":{"start":{"line":147,"column":8},"end":{"line":147,"column":5896}},"22":{"start":{"line":148,"column":12},"end":{"line":148,"column":47}},"23":{"start":{"line":149,"column":12},"end":{"line":149,"column":23}},"24":{"start":{"line":151,"column":12},"end":{"line":151,"column":64}}},"branchMap":{"1":{"line":71,"type":"if","locations":[{"start":{"line":71,"column":8},"end":{"line":71,"column":8}},{"start":{"line":71,"column":8},"end":{"line":71,"column":8}}]},"2":{"line":130,"type":"if","locations":[{"start":{"line":130,"column":8},"end":{"line":130,"column":8}},{"start":{"line":130,"column":8},"end":{"line":130,"column":8}}]},"3":{"line":139,"type":"if","locations":[{"start":{"line":139,"column":8},"end":{"line":139,"column":8}},{"start":{"line":139,"column":8},"end":{"line":139,"column":8}}]},"4":{"line":147,"type":"if","locations":[{"start":{"line":147,"column":8},"end":{"line":147,"column":8}},{"start":{"line":147,"column":8},"end":{"line":147,"column":8}}]}}},"contracts/openzeppelin-contracts/contracts/GSN/GSNRecipientSignature.sol":{"l":{"27":0,"28":0,"51":0,"62":0,"63":0,"65":0},"path":"/home/darkdark/block_projs/rome_stuff/Test-Ground.io/contracts/openzeppelin-contracts/contracts/GSN/GSNRecipientSignature.sol","s":{"1":0,"2":0,"3":0,"4":0,"5":0,"6":0},"b":{"1":[0,0],"2":[0,0]},"f":{"1":0,"2":0,"3":0,"4":0},"fnMap":{"1":{"name":"constructor","line":26,"loc":{"start":{"line":26,"column":4},"end":{"line":29,"column":4}}},"2":{"name":"acceptRelayedCall","line":34,"loc":{"start":{"line":34,"column":4},"end":{"line":67,"column":4}}},"3":{"name":"_preRelayedCall","line":69,"loc":{"start":{"line":69,"column":4},"end":{"line":69,"column":89}}},"4":{"name":"_postRelayedCall","line":71,"loc":{"start":{"line":71,"column":4},"end":{"line":71,"column":96}}}},"statementMap":{"1":{"start":{"line":27,"column":8},"end":{"line":27,"column":104}},"2":{"start":{"line":28,"column":8},"end":{"line":28,"column":37}},"3":{"start":{"line":51,"column":8},"end":{"line":51,"column":1598}},"4":{"start":{"line":62,"column":8},"end":{"line":62,"column":1980}},"5":{"start":{"line":63,"column":12},"end":{"line":63,"column":40}},"6":{"start":{"line":65,"column":12},"end":{"line":65,"column":94}}},"branchMap":{"1":{"line":27,"type":"if","locations":[{"start":{"line":27,"column":8},"end":{"line":27,"column":8}},{"start":{"line":27,"column":8},"end":{"line":27,"column":8}}]},"2":{"line":62,"type":"if","locations":[{"start":{"line":62,"column":8},"end":{"line":62,"column":8}},{"start":{"line":62,"column":8},"end":{"line":62,"column":8}}]}}},"contracts/openzeppelin-contracts/contracts/GSN/IRelayHub.sol":{"l":{},"path":"/home/darkdark/block_projs/rome_stuff/Test-Ground.io/contracts/openzeppelin-contracts/contracts/GSN/IRelayHub.sol","s":{},"b":{},"f":{},"fnMap":{},"statementMap":{},"branchMap":{}},"contracts/openzeppelin-contracts/contracts/GSN/IRelayRecipient.sol":{"l":{},"path":"/home/darkdark/block_projs/rome_stuff/Test-Ground.io/contracts/openzeppelin-contracts/contracts/GSN/IRelayRecipient.sol","s":{},"b":{},"f":{},"fnMap":{},"statementMap":{},"branchMap":{}},"contracts/openzeppelin-contracts/contracts/introspection/ERC165.sol":{"l":{"27":0,"36":0,"51":0,"52":0},"path":"/home/darkdark/block_projs/rome_stuff/Test-Ground.io/contracts/openzeppelin-contracts/contracts/introspection/ERC165.sol","s":{"1":0,"2":0,"3":0,"4":0},"b":{"1":[0,0]},"f":{"1":0,"2":0,"3":0},"fnMap":{"1":{"name":"constructor","line":24,"loc":{"start":{"line":24,"column":4},"end":{"line":28,"column":4}}},"2":{"name":"supportsInterface","line":35,"loc":{"start":{"line":35,"column":4},"end":{"line":37,"column":4}}},"3":{"name":"_registerInterface","line":50,"loc":{"start":{"line":50,"column":4},"end":{"line":53,"column":4}}}},"statementMap":{"1":{"start":{"line":27,"column":8},"end":{"line":27,"column":47}},"2":{"start":{"line":36,"column":8},"end":{"line":36,"column":48}},"3":{"start":{"line":51,"column":8},"end":{"line":51,"column":73}},"4":{"start":{"line":52,"column":8},"end":{"line":52,"column":47}}},"branchMap":{"1":{"line":51,"type":"if","locations":[{"start":{"line":51,"column":8},"end":{"line":51,"column":8}},{"start":{"line":51,"column":8},"end":{"line":51,"column":8}}]}}},"contracts/openzeppelin-contracts/contracts/introspection/ERC165Checker.sol":{"l":{"27":0,"39":0,"54":0,"55":0,"59":0,"60":0,"61":0,"66":0,"83":0,"85":0,"101":0,"102":0,"103":0,"104":0},"path":"/home/darkdark/block_projs/rome_stuff/Test-Ground.io/contracts/openzeppelin-contracts/contracts/introspection/ERC165Checker.sol","s":{"1":0,"2":0,"3":0,"4":0,"5":0,"6":0,"7":0,"8":0,"9":0,"10":0,"11":0,"12":0,"13":0,"14":0,"15":0},"b":{"1":[0,0],"2":[0,0],"3":[0,0]},"f":{"1":0,"2":0,"3":0,"4":0,"5":0},"fnMap":{"1":{"name":"supportsERC165","line":24,"loc":{"start":{"line":24,"column":4},"end":{"line":29,"column":4}}},"2":{"name":"supportsInterface","line":37,"loc":{"start":{"line":37,"column":4},"end":{"line":41,"column":4}}},"3":{"name":"supportsAllInterfaces","line":52,"loc":{"start":{"line":52,"column":4},"end":{"line":67,"column":4}}},"4":{"name":"_supportsERC165Interface","line":80,"loc":{"start":{"line":80,"column":4},"end":{"line":86,"column":4}}},"5":{"name":"_callERC165SupportsInterface","line":96,"loc":{"start":{"line":96,"column":4},"end":{"line":105,"column":4}}}},"statementMap":{"1":{"start":{"line":27,"column":8},"end":{"line":27,"column":1068}},"2":{"start":{"line":39,"column":8},"end":{"line":39,"column":1604}},"3":{"start":{"line":54,"column":8},"end":{"line":54,"column":2147}},"4":{"start":{"line":55,"column":12},"end":{"line":55,"column":24}},"5":{"start":{"line":59,"column":8},"end":{"line":59,"column":2284}},"6":{"start":{"line":60,"column":12},"end":{"line":60,"column":2352}},"7":{"start":{"line":61,"column":16},"end":{"line":61,"column":28}},"8":{"start":{"line":66,"column":8},"end":{"line":66,"column":19}},"9":{"start":{"line":83,"column":8},"end":{"line":83,"column":88}},"10":{"start":{"line":85,"column":8},"end":{"line":85,"column":34}},"11":{"start":{"line":101,"column":8},"end":{"line":101,"column":94}},"12":{"start":{"line":102,"column":8},"end":{"line":102,"column":93}},"13":{"start":{"line":103,"column":8},"end":{"line":103,"column":53}},"14":{"start":{"line":103,"column":32},"end":{"line":103,"column":53}},"15":{"start":{"line":104,"column":8},"end":{"line":104,"column":52}}},"branchMap":{"1":{"line":54,"type":"if","locations":[{"start":{"line":54,"column":8},"end":{"line":54,"column":8}},{"start":{"line":54,"column":8},"end":{"line":54,"column":8}}]},"2":{"line":60,"type":"if","locations":[{"start":{"line":60,"column":12},"end":{"line":60,"column":12}},{"start":{"line":60,"column":12},"end":{"line":60,"column":12}}]},"3":{"line":103,"type":"if","locations":[{"start":{"line":103,"column":8},"end":{"line":103,"column":8}},{"start":{"line":103,"column":8},"end":{"line":103,"column":8}}]}}},"contracts/openzeppelin-contracts/contracts/introspection/ERC1820Implementer.sol":{"l":{"24":0,"35":0},"path":"/home/darkdark/block_projs/rome_stuff/Test-Ground.io/contracts/openzeppelin-contracts/contracts/introspection/ERC1820Implementer.sol","s":{"1":0,"2":0},"b":{},"f":{"1":0,"2":0},"fnMap":{"1":{"name":"canImplementInterfaceForAddress","line":23,"loc":{"start":{"line":23,"column":4},"end":{"line":25,"column":4}}},"2":{"name":"_registerInterfaceForAddress","line":34,"loc":{"start":{"line":34,"column":4},"end":{"line":36,"column":4}}}},"statementMap":{"1":{"start":{"line":24,"column":8},"end":{"line":24,"column":99}},"2":{"start":{"line":35,"column":8},"end":{"line":35,"column":58}}},"branchMap":{}},"contracts/openzeppelin-contracts/contracts/introspection/IERC165.sol":{"l":{},"path":"/home/darkdark/block_projs/rome_stuff/Test-Ground.io/contracts/openzeppelin-contracts/contracts/introspection/IERC165.sol","s":{},"b":{},"f":{},"fnMap":{},"statementMap":{},"branchMap":{}},"contracts/openzeppelin-contracts/contracts/introspection/IERC1820Implementer.sol":{"l":{},"path":"/home/darkdark/block_projs/rome_stuff/Test-Ground.io/contracts/openzeppelin-contracts/contracts/introspection/IERC1820Implementer.sol","s":{},"b":{},"f":{},"fnMap":{},"statementMap":{},"branchMap":{}},"contracts/openzeppelin-contracts/contracts/introspection/IERC1820Registry.sol":{"l":{},"path":"/home/darkdark/block_projs/rome_stuff/Test-Ground.io/contracts/openzeppelin-contracts/contracts/introspection/IERC1820Registry.sol","s":{},"b":{},"f":{},"fnMap":{},"statementMap":{},"branchMap":{}},"contracts/openzeppelin-contracts/contracts/math/Math.sol":{"l":{"13":0,"20":0,"29":0},"path":"/home/darkdark/block_projs/rome_stuff/Test-Ground.io/contracts/openzeppelin-contracts/contracts/math/Math.sol","s":{"1":0,"2":0,"3":0},"b":{},"f":{"1":0,"2":0,"3":0},"fnMap":{"1":{"name":"max","line":12,"loc":{"start":{"line":12,"column":4},"end":{"line":14,"column":4}}},"2":{"name":"min","line":19,"loc":{"start":{"line":19,"column":4},"end":{"line":21,"column":4}}},"3":{"name":"average","line":27,"loc":{"start":{"line":27,"column":4},"end":{"line":30,"column":4}}}},"statementMap":{"1":{"start":{"line":13,"column":8},"end":{"line":13,"column":29}},"2":{"start":{"line":20,"column":8},"end":{"line":20,"column":28}},"3":{"start":{"line":29,"column":8},"end":{"line":29,"column":56}}},"branchMap":{}},"contracts/openzeppelin-contracts/contracts/math/SafeMath.sol":{"l":{"30":0,"31":0,"33":0,"47":0,"61":0,"62":0,"64":0,"81":0,"82":0,"85":0,"86":0,"88":0,"104":0,"120":0,"121":0,"124":0,"140":0,"156":0,"157":0},"path":"/home/darkdark/block_projs/rome_stuff/Test-Ground.io/contracts/openzeppelin-contracts/contracts/math/SafeMath.sol","s":{"1":0,"2":0,"3":0,"4":0,"5":0,"6":0,"7":0,"8":0,"9":0,"10":0,"11":0,"12":0,"13":0,"14":0,"15":0,"16":0,"17":0,"18":0,"19":0},"b":{"1":[0,0],"2":[0,0],"3":[0,0],"4":[0,0],"5":[0,0],"6":[0,0]},"f":{"1":0,"2":0,"3":0,"4":0,"5":0,"6":0,"7":0,"8":0},"fnMap":{"1":{"name":"add","line":29,"loc":{"start":{"line":29,"column":4},"end":{"line":34,"column":4}}},"2":{"name":"sub","line":46,"loc":{"start":{"line":46,"column":4},"end":{"line":48,"column":4}}},"3":{"name":"sub","line":60,"loc":{"start":{"line":60,"column":4},"end":{"line":65,"column":4}}},"4":{"name":"mul","line":77,"loc":{"start":{"line":77,"column":4},"end":{"line":89,"column":4}}},"5":{"name":"div","line":103,"loc":{"start":{"line":103,"column":4},"end":{"line":105,"column":4}}},"6":{"name":"div","line":119,"loc":{"start":{"line":119,"column":4},"end":{"line":125,"column":4}}},"7":{"name":"mod","line":139,"loc":{"start":{"line":139,"column":4},"end":{"line":141,"column":4}}},"8":{"name":"mod","line":155,"loc":{"start":{"line":155,"column":4},"end":{"line":158,"column":4}}}},"statementMap":{"1":{"start":{"line":30,"column":8},"end":{"line":30,"column":25}},"2":{"start":{"line":31,"column":8},"end":{"line":31,"column":53}},"3":{"start":{"line":33,"column":8},"end":{"line":33,"column":16}},"4":{"start":{"line":47,"column":8},"end":{"line":47,"column":58}},"5":{"start":{"line":61,"column":8},"end":{"line":61,"column":36}},"6":{"start":{"line":62,"column":8},"end":{"line":62,"column":25}},"7":{"start":{"line":64,"column":8},"end":{"line":64,"column":16}},"8":{"start":{"line":81,"column":8},"end":{"line":81,"column":2492}},"9":{"start":{"line":82,"column":12},"end":{"line":82,"column":20}},"10":{"start":{"line":85,"column":8},"end":{"line":85,"column":25}},"11":{"start":{"line":86,"column":8},"end":{"line":86,"column":63}},"12":{"start":{"line":88,"column":8},"end":{"line":88,"column":16}},"13":{"start":{"line":104,"column":8},"end":{"line":104,"column":54}},"14":{"start":{"line":120,"column":8},"end":{"line":120,"column":35}},"15":{"start":{"line":121,"column":8},"end":{"line":121,"column":25}},"16":{"start":{"line":124,"column":8},"end":{"line":124,"column":16}},"17":{"start":{"line":140,"column":8},"end":{"line":140,"column":52}},"18":{"start":{"line":156,"column":8},"end":{"line":156,"column":36}},"19":{"start":{"line":157,"column":8},"end":{"line":157,"column":20}}},"branchMap":{"1":{"line":31,"type":"if","locations":[{"start":{"line":31,"column":8},"end":{"line":31,"column":8}},{"start":{"line":31,"column":8},"end":{"line":31,"column":8}}]},"2":{"line":61,"type":"if","locations":[{"start":{"line":61,"column":8},"end":{"line":61,"column":8}},{"start":{"line":61,"column":8},"end":{"line":61,"column":8}}]},"3":{"line":81,"type":"if","locations":[{"start":{"line":81,"column":8},"end":{"line":81,"column":8}},{"start":{"line":81,"column":8},"end":{"line":81,"column":8}}]},"4":{"line":86,"type":"if","locations":[{"start":{"line":86,"column":8},"end":{"line":86,"column":8}},{"start":{"line":86,"column":8},"end":{"line":86,"column":8}}]},"5":{"line":120,"type":"if","locations":[{"start":{"line":120,"column":8},"end":{"line":120,"column":8}},{"start":{"line":120,"column":8},"end":{"line":120,"column":8}}]},"6":{"line":156,"type":"if","locations":[{"start":{"line":156,"column":8},"end":{"line":156,"column":8}},{"start":{"line":156,"column":8},"end":{"line":156,"column":8}}]}}},"contracts/openzeppelin-contracts/contracts/math/SignedSafeMath.sol":{"l":{"26":0,"27":0,"30":0,"32":0,"33":0,"35":0,"51":0,"52":0,"54":0,"56":0,"70":0,"71":0,"73":0,"87":0,"88":0,"90":0},"path":"/home/darkdark/block_projs/rome_stuff/Test-Ground.io/contracts/openzeppelin-contracts/contracts/math/SignedSafeMath.sol","s":{"1":0,"2":0,"3":0,"4":0,"5":0,"6":0,"7":0,"8":0,"9":0,"10":0,"11":0,"12":0,"13":0,"14":0,"15":0,"16":0},"b":{"1":[0,0],"2":[0,0],"3":[0,0],"4":[0,0],"5":[0,0],"6":[0,0],"7":[0,0]},"f":{"1":0,"2":0,"3":0,"4":0},"fnMap":{"1":{"name":"mul","line":22,"loc":{"start":{"line":22,"column":4},"end":{"line":36,"column":4}}},"2":{"name":"div","line":50,"loc":{"start":{"line":50,"column":4},"end":{"line":57,"column":4}}},"3":{"name":"sub","line":69,"loc":{"start":{"line":69,"column":4},"end":{"line":74,"column":4}}},"4":{"name":"add","line":86,"loc":{"start":{"line":86,"column":4},"end":{"line":91,"column":4}}}},"statementMap":{"1":{"start":{"line":26,"column":8},"end":{"line":26,"column":792}},"2":{"start":{"line":27,"column":12},"end":{"line":27,"column":20}},"3":{"start":{"line":30,"column":8},"end":{"line":30,"column":89}},"4":{"start":{"line":32,"column":8},"end":{"line":32,"column":24}},"5":{"start":{"line":33,"column":8},"end":{"line":33,"column":69}},"6":{"start":{"line":35,"column":8},"end":{"line":35,"column":16}},"7":{"start":{"line":51,"column":8},"end":{"line":51,"column":58}},"8":{"start":{"line":52,"column":8},"end":{"line":52,"column":83}},"9":{"start":{"line":54,"column":8},"end":{"line":54,"column":24}},"10":{"start":{"line":56,"column":8},"end":{"line":56,"column":16}},"11":{"start":{"line":70,"column":8},"end":{"line":70,"column":24}},"12":{"start":{"line":71,"column":8},"end":{"line":71,"column":94}},"13":{"start":{"line":73,"column":8},"end":{"line":73,"column":16}},"14":{"start":{"line":87,"column":8},"end":{"line":87,"column":24}},"15":{"start":{"line":88,"column":8},"end":{"line":88,"column":91}},"16":{"start":{"line":90,"column":8},"end":{"line":90,"column":16}}},"branchMap":{"1":{"line":26,"type":"if","locations":[{"start":{"line":26,"column":8},"end":{"line":26,"column":8}},{"start":{"line":26,"column":8},"end":{"line":26,"column":8}}]},"2":{"line":30,"type":"if","locations":[{"start":{"line":30,"column":8},"end":{"line":30,"column":8}},{"start":{"line":30,"column":8},"end":{"line":30,"column":8}}]},"3":{"line":33,"type":"if","locations":[{"start":{"line":33,"column":8},"end":{"line":33,"column":8}},{"start":{"line":33,"column":8},"end":{"line":33,"column":8}}]},"4":{"line":51,"type":"if","locations":[{"start":{"line":51,"column":8},"end":{"line":51,"column":8}},{"start":{"line":51,"column":8},"end":{"line":51,"column":8}}]},"5":{"line":52,"type":"if","locations":[{"start":{"line":52,"column":8},"end":{"line":52,"column":8}},{"start":{"line":52,"column":8},"end":{"line":52,"column":8}}]},"6":{"line":71,"type":"if","locations":[{"start":{"line":71,"column":8},"end":{"line":71,"column":8}},{"start":{"line":71,"column":8},"end":{"line":71,"column":8}}]},"7":{"line":88,"type":"if","locations":[{"start":{"line":88,"column":8},"end":{"line":88,"column":8}},{"start":{"line":88,"column":8},"end":{"line":88,"column":8}}]}}},"contracts/openzeppelin-contracts/contracts/mocks/AccessControlMock.sol":{"l":{"9":0,"13":0},"path":"/home/darkdark/block_projs/rome_stuff/Test-Ground.io/contracts/openzeppelin-contracts/contracts/mocks/AccessControlMock.sol","s":{"1":0,"2":0},"b":{},"f":{"1":0,"2":0},"fnMap":{"1":{"name":"constructor","line":8,"loc":{"start":{"line":8,"column":4},"end":{"line":10,"column":4}}},"2":{"name":"setRoleAdmin","line":12,"loc":{"start":{"line":12,"column":4},"end":{"line":14,"column":4}}}},"statementMap":{"1":{"start":{"line":9,"column":8},"end":{"line":9,"column":51}},"2":{"start":{"line":13,"column":8},"end":{"line":13,"column":41}}},"branchMap":{}},"contracts/openzeppelin-contracts/contracts/mocks/AddressImpl.sol":{"l":{"13":0,"17":0,"21":0,"22":0,"26":0,"27":0,"31":0,"32":0,"36":0,"37":0},"path":"/home/darkdark/block_projs/rome_stuff/Test-Ground.io/contracts/openzeppelin-contracts/contracts/mocks/AddressImpl.sol","s":{"1":0,"2":0,"3":0,"4":0,"5":0,"6":0,"7":0,"8":0,"9":0,"10":0},"b":{},"f":{"1":0,"2":0,"3":0,"4":0,"5":0,"6":0},"fnMap":{"1":{"name":"isContract","line":12,"loc":{"start":{"line":12,"column":4},"end":{"line":14,"column":4}}},"2":{"name":"sendValue","line":16,"loc":{"start":{"line":16,"column":4},"end":{"line":18,"column":4}}},"3":{"name":"functionCall","line":20,"loc":{"start":{"line":20,"column":4},"end":{"line":23,"column":4}}},"4":{"name":"functionCallWithValue","line":25,"loc":{"start":{"line":25,"column":4},"end":{"line":28,"column":4}}},"5":{"name":"functionStaticCall","line":30,"loc":{"start":{"line":30,"column":4},"end":{"line":33,"column":4}}},"6":{"name":"functionDelegateCall","line":35,"loc":{"start":{"line":35,"column":4},"end":{"line":38,"column":4}}}},"statementMap":{"1":{"start":{"line":13,"column":8},"end":{"line":13,"column":42}},"2":{"start":{"line":17,"column":8},"end":{"line":17,"column":42}},"3":{"start":{"line":21,"column":8},"end":{"line":21,"column":68}},"4":{"start":{"line":22,"column":8},"end":{"line":22,"column":62}},"5":{"start":{"line":26,"column":8},"end":{"line":26,"column":84}},"6":{"start":{"line":27,"column":8},"end":{"line":27,"column":62}},"7":{"start":{"line":31,"column":8},"end":{"line":31,"column":74}},"8":{"start":{"line":32,"column":8},"end":{"line":32,"column":62}},"9":{"start":{"line":36,"column":8},"end":{"line":36,"column":76}},"10":{"start":{"line":37,"column":8},"end":{"line":37,"column":62}}},"branchMap":{}},"contracts/openzeppelin-contracts/contracts/mocks/ArraysImpl.sol":{"l":{"13":0,"17":0},"path":"/home/darkdark/block_projs/rome_stuff/Test-Ground.io/contracts/openzeppelin-contracts/contracts/mocks/ArraysImpl.sol","s":{"1":0,"2":0},"b":{},"f":{"1":0,"2":0},"fnMap":{"1":{"name":"constructor","line":12,"loc":{"start":{"line":12,"column":4},"end":{"line":14,"column":4}}},"2":{"name":"findUpperBound","line":16,"loc":{"start":{"line":16,"column":4},"end":{"line":18,"column":4}}}},"statementMap":{"1":{"start":{"line":13,"column":8},"end":{"line":13,"column":21}},"2":{"start":{"line":17,"column":8},"end":{"line":17,"column":45}}},"branchMap":{}},"contracts/openzeppelin-contracts/contracts/mocks/BadBeacon.sol":{"l":{"10":0},"path":"/home/darkdark/block_projs/rome_stuff/Test-Ground.io/contracts/openzeppelin-contracts/contracts/mocks/BadBeacon.sol","s":{"1":0},"b":{},"f":{"1":0},"fnMap":{"1":{"name":"implementation","line":9,"loc":{"start":{"line":9,"column":4},"end":{"line":11,"column":4}}}},"statementMap":{"1":{"start":{"line":10,"column":8},"end":{"line":10,"column":27}}},"branchMap":{}},"contracts/openzeppelin-contracts/contracts/mocks/CallReceiverMock.sol":{"l":{"13":0,"15":0,"19":0,"21":0,"25":0,"29":0,"33":0,"37":0,"41":0,"42":0,"47":0,"48":0},"path":"/home/darkdark/block_projs/rome_stuff/Test-Ground.io/contracts/openzeppelin-contracts/contracts/mocks/CallReceiverMock.sol","s":{"1":0,"2":0,"3":0,"4":0,"5":0,"6":0,"7":0,"8":0,"9":0,"10":0,"11":0,"12":0},"b":{},"f":{"1":0,"2":0,"3":0,"4":0,"5":0,"6":0,"7":0,"8":0},"fnMap":{"1":{"name":"mockFunction","line":12,"loc":{"start":{"line":12,"column":4},"end":{"line":16,"column":4}}},"2":{"name":"mockFunctionNonPayable","line":18,"loc":{"start":{"line":18,"column":4},"end":{"line":22,"column":4}}},"3":{"name":"mockStaticFunction","line":24,"loc":{"start":{"line":24,"column":4},"end":{"line":26,"column":4}}},"4":{"name":"mockFunctionRevertsNoReason","line":28,"loc":{"start":{"line":28,"column":4},"end":{"line":30,"column":4}}},"5":{"name":"mockFunctionRevertsReason","line":32,"loc":{"start":{"line":32,"column":4},"end":{"line":34,"column":4}}},"6":{"name":"mockFunctionThrows","line":36,"loc":{"start":{"line":36,"column":4},"end":{"line":38,"column":4}}},"7":{"name":"mockFunctionOutOfGas","line":40,"loc":{"start":{"line":40,"column":4},"end":{"line":44,"column":4}}},"8":{"name":"mockFunctionWritesStorage","line":46,"loc":{"start":{"line":46,"column":4},"end":{"line":49,"column":4}}}},"statementMap":{"1":{"start":{"line":13,"column":8},"end":{"line":13,"column":33}},"2":{"start":{"line":15,"column":8},"end":{"line":15,"column":23}},"3":{"start":{"line":19,"column":8},"end":{"line":19,"column":33}},"4":{"start":{"line":21,"column":8},"end":{"line":21,"column":23}},"5":{"start":{"line":25,"column":8},"end":{"line":25,"column":23}},"6":{"start":{"line":29,"column":8},"end":{"line":29,"column":15}},"7":{"start":{"line":33,"column":8},"end":{"line":33,"column":44}},"8":{"start":{"line":37,"column":8},"end":{"line":37,"column":20}},"9":{"start":{"line":41,"column":8},"end":{"line":41,"column":919}},"10":{"start":{"line":42,"column":12},"end":{"line":42,"column":25}},"11":{"start":{"line":47,"column":8},"end":{"line":47,"column":26}},"12":{"start":{"line":48,"column":8},"end":{"line":48,"column":23}}},"branchMap":{}},"contracts/openzeppelin-contracts/contracts/mocks/ClashingImplementation.sol":{"l":{"14":0,"18":0},"path":"/home/darkdark/block_projs/rome_stuff/Test-Ground.io/contracts/openzeppelin-contracts/contracts/mocks/ClashingImplementation.sol","s":{"1":0,"2":0},"b":{},"f":{"1":0,"2":0},"fnMap":{"1":{"name":"admin","line":13,"loc":{"start":{"line":13,"column":2},"end":{"line":15,"column":2}}},"2":{"name":"delegatedFunction","line":17,"loc":{"start":{"line":17,"column":2},"end":{"line":19,"column":2}}}},"statementMap":{"1":{"start":{"line":14,"column":4},"end":{"line":14,"column":53}},"2":{"start":{"line":18,"column":4},"end":{"line":18,"column":15}}},"branchMap":{}},"contracts/openzeppelin-contracts/contracts/mocks/ConditionalEscrowMock.sol":{"l":{"12":0,"16":0},"path":"/home/darkdark/block_projs/rome_stuff/Test-Ground.io/contracts/openzeppelin-contracts/contracts/mocks/ConditionalEscrowMock.sol","s":{"1":0,"2":0},"b":{},"f":{"1":0,"2":0},"fnMap":{"1":{"name":"setAllowed","line":11,"loc":{"start":{"line":11,"column":4},"end":{"line":13,"column":4}}},"2":{"name":"withdrawalAllowed","line":15,"loc":{"start":{"line":15,"column":4},"end":{"line":17,"column":4}}}},"statementMap":{"1":{"start":{"line":12,"column":8},"end":{"line":12,"column":32}},"2":{"start":{"line":16,"column":8},"end":{"line":16,"column":30}}},"branchMap":{}},"contracts/openzeppelin-contracts/contracts/mocks/ContextMock.sol":{"l":{"11":0,"17":0,"23":0,"27":0},"path":"/home/darkdark/block_projs/rome_stuff/Test-Ground.io/contracts/openzeppelin-contracts/contracts/mocks/ContextMock.sol","s":{"1":0,"2":0,"3":0,"4":0},"b":{},"f":{"1":0,"2":0,"3":0,"4":0},"fnMap":{"1":{"name":"msgSender","line":10,"loc":{"start":{"line":10,"column":4},"end":{"line":12,"column":4}}},"2":{"name":"msgData","line":16,"loc":{"start":{"line":16,"column":4},"end":{"line":18,"column":4}}},"3":{"name":"callSender","line":22,"loc":{"start":{"line":22,"column":4},"end":{"line":24,"column":4}}},"4":{"name":"callData","line":26,"loc":{"start":{"line":26,"column":4},"end":{"line":28,"column":4}}}},"statementMap":{"1":{"start":{"line":11,"column":8},"end":{"line":11,"column":33}},"2":{"start":{"line":17,"column":8},"end":{"line":17,"column":56}},"3":{"start":{"line":23,"column":8},"end":{"line":23,"column":26}},"4":{"start":{"line":27,"column":8},"end":{"line":27,"column":49}}},"branchMap":{}},"contracts/openzeppelin-contracts/contracts/mocks/CountersImpl.sol":{"l":{"13":0,"17":0,"21":0},"path":"/home/darkdark/block_projs/rome_stuff/Test-Ground.io/contracts/openzeppelin-contracts/contracts/mocks/CountersImpl.sol","s":{"1":0,"2":0,"3":0},"b":{},"f":{"1":0,"2":0,"3":0},"fnMap":{"1":{"name":"current","line":12,"loc":{"start":{"line":12,"column":4},"end":{"line":14,"column":4}}},"2":{"name":"increment","line":16,"loc":{"start":{"line":16,"column":4},"end":{"line":18,"column":4}}},"3":{"name":"decrement","line":20,"loc":{"start":{"line":20,"column":4},"end":{"line":22,"column":4}}}},"statementMap":{"1":{"start":{"line":13,"column":8},"end":{"line":13,"column":33}},"2":{"start":{"line":17,"column":8},"end":{"line":17,"column":27}},"3":{"start":{"line":21,"column":8},"end":{"line":21,"column":27}}},"branchMap":{}},"contracts/openzeppelin-contracts/contracts/mocks/Create2Impl.sol":{"l":{"10":0,"15":0,"19":0,"23":0},"path":"/home/darkdark/block_projs/rome_stuff/Test-Ground.io/contracts/openzeppelin-contracts/contracts/mocks/Create2Impl.sol","s":{"1":0,"2":0,"3":0,"4":0},"b":{},"f":{"1":0,"2":0,"3":0,"4":0},"fnMap":{"1":{"name":"deploy","line":9,"loc":{"start":{"line":9,"column":4},"end":{"line":11,"column":4}}},"2":{"name":"deployERC1820Implementer","line":13,"loc":{"start":{"line":13,"column":4},"end":{"line":16,"column":4}}},"3":{"name":"computeAddress","line":18,"loc":{"start":{"line":18,"column":4},"end":{"line":20,"column":4}}},"4":{"name":"computeAddressWithDeployer","line":22,"loc":{"start":{"line":22,"column":4},"end":{"line":24,"column":4}}}},"statementMap":{"1":{"start":{"line":10,"column":8},"end":{"line":10,"column":40}},"2":{"start":{"line":15,"column":8},"end":{"line":15,"column":73}},"3":{"start":{"line":19,"column":8},"end":{"line":19,"column":53}},"4":{"start":{"line":23,"column":8},"end":{"line":23,"column":63}}},"branchMap":{}},"contracts/openzeppelin-contracts/contracts/mocks/DummyImplementation.sol":{"l":{"15":0,"19":0,"23":0,"27":0,"31":0,"32":0,"33":0,"37":0,"41":0,"45":0,"51":0,"55":0},"path":"/home/darkdark/block_projs/rome_stuff/Test-Ground.io/contracts/openzeppelin-contracts/contracts/mocks/DummyImplementation.sol","s":{"1":0,"2":0,"3":0,"4":0,"5":0,"6":0,"7":0,"8":0,"9":0,"10":0,"11":0,"12":0},"b":{"1":[0,0]},"f":{"1":0,"2":0,"3":0,"4":0,"5":0,"6":0,"7":0,"8":0,"9":0,"10":0},"fnMap":{"1":{"name":"initializeNonPayable","line":14,"loc":{"start":{"line":14,"column":2},"end":{"line":16,"column":2}}},"2":{"name":"initializePayable","line":18,"loc":{"start":{"line":18,"column":2},"end":{"line":20,"column":2}}},"3":{"name":"initializeNonPayableWithValue","line":22,"loc":{"start":{"line":22,"column":2},"end":{"line":24,"column":2}}},"4":{"name":"initializePayableWithValue","line":26,"loc":{"start":{"line":26,"column":2},"end":{"line":28,"column":2}}},"5":{"name":"initialize","line":30,"loc":{"start":{"line":30,"column":2},"end":{"line":34,"column":2}}},"6":{"name":"get","line":36,"loc":{"start":{"line":36,"column":2},"end":{"line":38,"column":2}}},"7":{"name":"version","line":40,"loc":{"start":{"line":40,"column":2},"end":{"line":42,"column":2}}},"8":{"name":"reverts","line":44,"loc":{"start":{"line":44,"column":2},"end":{"line":46,"column":2}}},"9":{"name":"migrate","line":50,"loc":{"start":{"line":50,"column":2},"end":{"line":52,"column":2}}},"10":{"name":"version","line":54,"loc":{"start":{"line":54,"column":2},"end":{"line":56,"column":2}}}},"statementMap":{"1":{"start":{"line":15,"column":4},"end":{"line":15,"column":13}},"2":{"start":{"line":19,"column":4},"end":{"line":19,"column":14}},"3":{"start":{"line":23,"column":4},"end":{"line":23,"column":17}},"4":{"start":{"line":27,"column":4},"end":{"line":27,"column":17}},"5":{"start":{"line":31,"column":4},"end":{"line":31,"column":17}},"6":{"start":{"line":32,"column":4},"end":{"line":32,"column":15}},"7":{"start":{"line":33,"column":4},"end":{"line":33,"column":19}},"8":{"start":{"line":37,"column":4},"end":{"line":37,"column":15}},"9":{"start":{"line":41,"column":4},"end":{"line":41,"column":15}},"10":{"start":{"line":45,"column":4},"end":{"line":45,"column":49}},"11":{"start":{"line":51,"column":4},"end":{"line":51,"column":17}},"12":{"start":{"line":55,"column":4},"end":{"line":55,"column":15}}},"branchMap":{"1":{"line":45,"type":"if","locations":[{"start":{"line":45,"column":4},"end":{"line":45,"column":4}},{"start":{"line":45,"column":4},"end":{"line":45,"column":4}}]}}},"contracts/openzeppelin-contracts/contracts/mocks/ECDSAMock.sol":{"l":{"11":0,"15":0},"path":"/home/darkdark/block_projs/rome_stuff/Test-Ground.io/contracts/openzeppelin-contracts/contracts/mocks/ECDSAMock.sol","s":{"1":0,"2":0},"b":{},"f":{"1":0,"2":0},"fnMap":{"1":{"name":"recover","line":10,"loc":{"start":{"line":10,"column":4},"end":{"line":12,"column":4}}},"2":{"name":"toEthSignedMessageHash","line":14,"loc":{"start":{"line":14,"column":4},"end":{"line":16,"column":4}}}},"statementMap":{"1":{"start":{"line":11,"column":8},"end":{"line":11,"column":38}},"2":{"start":{"line":15,"column":8},"end":{"line":15,"column":44}}},"branchMap":{}},"contracts/openzeppelin-contracts/contracts/mocks/EIP712External.sol":{"l":{"12":0,"16":0,"21":0,"22":0,"26":0,"28":0},"path":"/home/darkdark/block_projs/rome_stuff/Test-Ground.io/contracts/openzeppelin-contracts/contracts/mocks/EIP712External.sol","s":{"1":0,"2":0,"3":0,"4":0},"b":{"1":[0,0]},"f":{"1":0,"2":0,"3":0,"4":0},"fnMap":{"1":{"name":"constructor","line":9,"loc":{"start":{"line":9,"column":4},"end":{"line":9,"column":89}}},"2":{"name":"domainSeparator","line":11,"loc":{"start":{"line":11,"column":4},"end":{"line":13,"column":4}}},"3":{"name":"verify","line":15,"loc":{"start":{"line":15,"column":4},"end":{"line":23,"column":4}}},"4":{"name":"getChainId","line":25,"loc":{"start":{"line":25,"column":4},"end":{"line":31,"column":4}}}},"statementMap":{"1":{"start":{"line":12,"column":8},"end":{"line":12,"column":35}},"2":{"start":{"line":16,"column":8},"end":{"line":16,"column":511}},"3":{"start":{"line":21,"column":8},"end":{"line":21,"column":66}},"4":{"start":{"line":22,"column":8},"end":{"line":22,"column":41}}},"branchMap":{"1":{"line":22,"type":"if","locations":[{"start":{"line":22,"column":8},"end":{"line":22,"column":8}},{"start":{"line":22,"column":8},"end":{"line":22,"column":8}}]}}},"contracts/openzeppelin-contracts/contracts/mocks/EnumerableMapMock.sol":{"l":{"15":0,"19":0,"20":0,"24":0,"25":0,"29":0,"33":0,"38":0},"path":"/home/darkdark/block_projs/rome_stuff/Test-Ground.io/contracts/openzeppelin-contracts/contracts/mocks/EnumerableMapMock.sol","s":{"1":0,"2":0,"3":0,"4":0,"5":0,"6":0,"7":0,"8":0},"b":{},"f":{"1":0,"2":0,"3":0,"4":0,"5":0,"6":0},"fnMap":{"1":{"name":"contains","line":14,"loc":{"start":{"line":14,"column":4},"end":{"line":16,"column":4}}},"2":{"name":"set","line":18,"loc":{"start":{"line":18,"column":4},"end":{"line":21,"column":4}}},"3":{"name":"remove","line":23,"loc":{"start":{"line":23,"column":4},"end":{"line":26,"column":4}}},"4":{"name":"length","line":28,"loc":{"start":{"line":28,"column":4},"end":{"line":30,"column":4}}},"5":{"name":"at","line":32,"loc":{"start":{"line":32,"column":4},"end":{"line":34,"column":4}}},"6":{"name":"get","line":37,"loc":{"start":{"line":37,"column":4},"end":{"line":39,"column":4}}}},"statementMap":{"1":{"start":{"line":15,"column":8},"end":{"line":15,"column":33}},"2":{"start":{"line":19,"column":8},"end":{"line":19,"column":42}},"3":{"start":{"line":20,"column":8},"end":{"line":20,"column":36}},"4":{"start":{"line":24,"column":8},"end":{"line":24,"column":38}},"5":{"start":{"line":25,"column":8},"end":{"line":25,"column":36}},"6":{"start":{"line":29,"column":8},"end":{"line":29,"column":28}},"7":{"start":{"line":33,"column":8},"end":{"line":33,"column":29}},"8":{"start":{"line":38,"column":8},"end":{"line":38,"column":28}}},"branchMap":{}},"contracts/openzeppelin-contracts/contracts/mocks/EnumerableSetMock.sol":{"l":{"16":0,"20":0,"21":0,"25":0,"26":0,"30":0,"34":0,"47":0,"51":0,"52":0,"56":0,"57":0,"61":0,"65":0,"78":0,"82":0,"83":0,"87":0,"88":0,"92":0,"96":0},"path":"/home/darkdark/block_projs/rome_stuff/Test-Ground.io/contracts/openzeppelin-contracts/contracts/mocks/EnumerableSetMock.sol","s":{"1":0,"2":0,"3":0,"4":0,"5":0,"6":0,"7":0,"8":0,"9":0,"10":0,"11":0,"12":0,"13":0,"14":0,"15":0,"16":0,"17":0,"18":0,"19":0,"20":0,"21":0},"b":{},"f":{"1":0,"2":0,"3":0,"4":0,"5":0,"6":0,"7":0,"8":0,"9":0,"10":0,"11":0,"12":0,"13":0,"14":0,"15":0},"fnMap":{"1":{"name":"contains","line":15,"loc":{"start":{"line":15,"column":4},"end":{"line":17,"column":4}}},"2":{"name":"add","line":19,"loc":{"start":{"line":19,"column":4},"end":{"line":22,"column":4}}},"3":{"name":"remove","line":24,"loc":{"start":{"line":24,"column":4},"end":{"line":27,"column":4}}},"4":{"name":"length","line":29,"loc":{"start":{"line":29,"column":4},"end":{"line":31,"column":4}}},"5":{"name":"at","line":33,"loc":{"start":{"line":33,"column":4},"end":{"line":35,"column":4}}},"6":{"name":"contains","line":46,"loc":{"start":{"line":46,"column":4},"end":{"line":48,"column":4}}},"7":{"name":"add","line":50,"loc":{"start":{"line":50,"column":4},"end":{"line":53,"column":4}}},"8":{"name":"remove","line":55,"loc":{"start":{"line":55,"column":4},"end":{"line":58,"column":4}}},"9":{"name":"length","line":60,"loc":{"start":{"line":60,"column":4},"end":{"line":62,"column":4}}},"10":{"name":"at","line":64,"loc":{"start":{"line":64,"column":4},"end":{"line":66,"column":4}}},"11":{"name":"contains","line":77,"loc":{"start":{"line":77,"column":4},"end":{"line":79,"column":4}}},"12":{"name":"add","line":81,"loc":{"start":{"line":81,"column":4},"end":{"line":84,"column":4}}},"13":{"name":"remove","line":86,"loc":{"start":{"line":86,"column":4},"end":{"line":89,"column":4}}},"14":{"name":"length","line":91,"loc":{"start":{"line":91,"column":4},"end":{"line":93,"column":4}}},"15":{"name":"at","line":95,"loc":{"start":{"line":95,"column":4},"end":{"line":97,"column":4}}}},"statementMap":{"1":{"start":{"line":16,"column":8},"end":{"line":16,"column":35}},"2":{"start":{"line":20,"column":8},"end":{"line":20,"column":37}},"3":{"start":{"line":21,"column":8},"end":{"line":21,"column":36}},"4":{"start":{"line":25,"column":8},"end":{"line":25,"column":40}},"5":{"start":{"line":26,"column":8},"end":{"line":26,"column":36}},"6":{"start":{"line":30,"column":8},"end":{"line":30,"column":28}},"7":{"start":{"line":34,"column":8},"end":{"line":34,"column":29}},"8":{"start":{"line":47,"column":8},"end":{"line":47,"column":35}},"9":{"start":{"line":51,"column":8},"end":{"line":51,"column":37}},"10":{"start":{"line":52,"column":8},"end":{"line":52,"column":36}},"11":{"start":{"line":56,"column":8},"end":{"line":56,"column":40}},"12":{"start":{"line":57,"column":8},"end":{"line":57,"column":36}},"13":{"start":{"line":61,"column":8},"end":{"line":61,"column":28}},"14":{"start":{"line":65,"column":8},"end":{"line":65,"column":29}},"15":{"start":{"line":78,"column":8},"end":{"line":78,"column":35}},"16":{"start":{"line":82,"column":8},"end":{"line":82,"column":37}},"17":{"start":{"line":83,"column":8},"end":{"line":83,"column":36}},"18":{"start":{"line":87,"column":8},"end":{"line":87,"column":40}},"19":{"start":{"line":88,"column":8},"end":{"line":88,"column":36}},"20":{"start":{"line":92,"column":8},"end":{"line":92,"column":28}},"21":{"start":{"line":96,"column":8},"end":{"line":96,"column":29}}},"branchMap":{}},"contracts/openzeppelin-contracts/contracts/mocks/ERC1155BurnableMock.sol":{"l":{"11":0},"path":"/home/darkdark/block_projs/rome_stuff/Test-Ground.io/contracts/openzeppelin-contracts/contracts/mocks/ERC1155BurnableMock.sol","s":{"1":0},"b":{},"f":{"1":0,"2":0},"fnMap":{"1":{"name":"constructor","line":8,"loc":{"start":{"line":8,"column":4},"end":{"line":8,"column":57}}},"2":{"name":"mint","line":10,"loc":{"start":{"line":10,"column":4},"end":{"line":12,"column":4}}}},"statementMap":{"1":{"start":{"line":11,"column":8},"end":{"line":11,"column":33}}},"branchMap":{}},"contracts/openzeppelin-contracts/contracts/mocks/ERC1155Mock.sol":{"l":{"17":0,"21":0,"25":0,"29":0,"33":0},"path":"/home/darkdark/block_projs/rome_stuff/Test-Ground.io/contracts/openzeppelin-contracts/contracts/mocks/ERC1155Mock.sol","s":{"1":0,"2":0,"3":0,"4":0,"5":0},"b":{},"f":{"1":0,"2":0,"3":0,"4":0,"5":0,"6":0},"fnMap":{"1":{"name":"constructor","line":12,"loc":{"start":{"line":12,"column":4},"end":{"line":14,"column":4}}},"2":{"name":"setURI","line":16,"loc":{"start":{"line":16,"column":4},"end":{"line":18,"column":4}}},"3":{"name":"mint","line":20,"loc":{"start":{"line":20,"column":4},"end":{"line":22,"column":4}}},"4":{"name":"mintBatch","line":24,"loc":{"start":{"line":24,"column":4},"end":{"line":26,"column":4}}},"5":{"name":"burn","line":28,"loc":{"start":{"line":28,"column":4},"end":{"line":30,"column":4}}},"6":{"name":"burnBatch","line":32,"loc":{"start":{"line":32,"column":4},"end":{"line":34,"column":4}}}},"statementMap":{"1":{"start":{"line":17,"column":8},"end":{"line":17,"column":22}},"2":{"start":{"line":21,"column":8},"end":{"line":21,"column":33}},"3":{"start":{"line":25,"column":8},"end":{"line":25,"column":40}},"4":{"start":{"line":29,"column":8},"end":{"line":29,"column":30}},"5":{"start":{"line":33,"column":8},"end":{"line":33,"column":37}}},"branchMap":{}},"contracts/openzeppelin-contracts/contracts/mocks/ERC1155PausableMock.sol":{"l":{"12":0,"16":0,"29":0},"path":"/home/darkdark/block_projs/rome_stuff/Test-Ground.io/contracts/openzeppelin-contracts/contracts/mocks/ERC1155PausableMock.sol","s":{"1":0,"2":0,"3":0},"b":{},"f":{"1":0,"2":0,"3":0,"4":0},"fnMap":{"1":{"name":"constructor","line":9,"loc":{"start":{"line":9,"column":4},"end":{"line":9,"column":61}}},"2":{"name":"pause","line":11,"loc":{"start":{"line":11,"column":4},"end":{"line":13,"column":4}}},"3":{"name":"unpause","line":15,"loc":{"start":{"line":15,"column":4},"end":{"line":17,"column":4}}},"4":{"name":"_beforeTokenTransfer","line":19,"loc":{"start":{"line":19,"column":4},"end":{"line":30,"column":4}}}},"statementMap":{"1":{"start":{"line":12,"column":8},"end":{"line":12,"column":15}},"2":{"start":{"line":16,"column":8},"end":{"line":16,"column":17}},"3":{"start":{"line":29,"column":8},"end":{"line":29,"column":73}}},"branchMap":{}},"contracts/openzeppelin-contracts/contracts/mocks/ERC1155ReceiverMock.sol":{"l":{"25":0,"26":0,"27":0,"28":0,"42":0,"43":0,"44":0,"58":0,"59":0,"60":0},"path":"/home/darkdark/block_projs/rome_stuff/Test-Ground.io/contracts/openzeppelin-contracts/contracts/mocks/ERC1155ReceiverMock.sol","s":{"1":0,"2":0,"3":0,"4":0,"5":0,"6":0,"7":0,"8":0,"9":0,"10":0},"b":{"1":[0,0],"2":[0,0]},"f":{"1":0,"2":0,"3":0},"fnMap":{"1":{"name":"constructor","line":17,"loc":{"start":{"line":17,"column":4},"end":{"line":29,"column":4}}},"2":{"name":"onERC1155Received","line":31,"loc":{"start":{"line":31,"column":4},"end":{"line":45,"column":4}}},"3":{"name":"onERC1155BatchReceived","line":47,"loc":{"start":{"line":47,"column":4},"end":{"line":61,"column":4}}}},"statementMap":{"1":{"start":{"line":25,"column":8},"end":{"line":25,"column":29}},"2":{"start":{"line":26,"column":8},"end":{"line":26,"column":31}},"3":{"start":{"line":27,"column":8},"end":{"line":27,"column":29}},"4":{"start":{"line":28,"column":8},"end":{"line":28,"column":31}},"5":{"start":{"line":42,"column":8},"end":{"line":42,"column":73}},"6":{"start":{"line":43,"column":8},"end":{"line":43,"column":65}},"7":{"start":{"line":44,"column":8},"end":{"line":44,"column":25}},"8":{"start":{"line":58,"column":8},"end":{"line":58,"column":79}},"9":{"start":{"line":59,"column":8},"end":{"line":59,"column":72}},"10":{"start":{"line":60,"column":8},"end":{"line":60,"column":25}}},"branchMap":{"1":{"line":42,"type":"if","locations":[{"start":{"line":42,"column":8},"end":{"line":42,"column":8}},{"start":{"line":42,"column":8},"end":{"line":42,"column":8}}]},"2":{"line":58,"type":"if","locations":[{"start":{"line":58,"column":8},"end":{"line":58,"column":8}},{"start":{"line":58,"column":8},"end":{"line":58,"column":8}}]}}},"contracts/openzeppelin-contracts/contracts/mocks/ERC165/ERC165InterfacesSupported.sol":{"l":{"33":0,"40":0,"47":0,"48":0,"54":0,"55":0},"path":"/home/darkdark/block_projs/rome_stuff/Test-Ground.io/contracts/openzeppelin-contracts/contracts/mocks/ERC165/ERC165InterfacesSupported.sol","s":{"1":0,"2":0,"3":0,"4":0,"5":0,"6":0},"b":{"1":[0,0]},"f":{"1":0,"2":0,"3":0,"4":0},"fnMap":{"1":{"name":"constructor","line":32,"loc":{"start":{"line":32,"column":4},"end":{"line":34,"column":4}}},"2":{"name":"supportsInterface","line":39,"loc":{"start":{"line":39,"column":4},"end":{"line":41,"column":4}}},"3":{"name":"_registerInterface","line":46,"loc":{"start":{"line":46,"column":4},"end":{"line":49,"column":4}}},"4":{"name":"constructor","line":53,"loc":{"start":{"line":53,"column":4},"end":{"line":57,"column":4}}}},"statementMap":{"1":{"start":{"line":33,"column":8},"end":{"line":33,"column":46}},"2":{"start":{"line":40,"column":8},"end":{"line":40,"column":48}},"3":{"start":{"line":47,"column":8},"end":{"line":47,"column":92}},"4":{"start":{"line":48,"column":8},"end":{"line":48,"column":47}},"5":{"start":{"line":54,"column":8},"end":{"line":54,"column":1846}},"6":{"start":{"line":55,"column":12},"end":{"line":55,"column":46}}},"branchMap":{"1":{"line":47,"type":"if","locations":[{"start":{"line":47,"column":8},"end":{"line":47,"column":8}},{"start":{"line":47,"column":8},"end":{"line":47,"column":8}}]}}},"contracts/openzeppelin-contracts/contracts/mocks/ERC165/ERC165NotSupported.sol":{"l":{},"path":"/home/darkdark/block_projs/rome_stuff/Test-Ground.io/contracts/openzeppelin-contracts/con
[...]
ine":160,"column":8},"end":{"line":160,"column":8}},{"start":{"line":160,"column":8},"end":{"line":160,"column":8}}]},"10":{"line":178,"type":"if","locations":[{"start":{"line":178,"column":8},"end":{"line":178,"column":8}},{"start":{"line":178,"column":8},"end":{"line":178,"column":8}}]},"11":{"line":196,"type":"if","locations":[{"start":{"line":196,"column":8},"end":{"line":196,"column":8}},{"start":{"line":196,"column":8},"end":{"line":196,"column":8}}]},"12":{"line":208,"type":"if","locations":[{"start":{"line":208,"column":8},"end":{"line":208,"column":8}},{"start":{"line":208,"column":8},"end":{"line":208,"column":8}}]}}},"contracts/openzeppelin-contracts/contracts/utils/Strings.sol":{"l":{"16":0,"17":0,"19":0,"20":0,"21":0,"22":0,"23":0,"25":0,"26":0,"27":0,"28":0,"29":0,"30":0,"32":0},"path":"/home/darkdark/block_projs/rome_stuff/Test-Ground.io/contracts/openzeppelin-contracts/contracts/utils/Strings.sol","s":{"1":0,"2":0,"3":0,"4":0,"5":0,"6":0,"7":0,"8":0,"9":0,"10":0,"11":0,"12":0,"13":0},"b":{"1":[0,0]},"f":{"1":0},"fnMap":{"1":{"name":"toString","line":12,"loc":{"start":{"line":12,"column":4},"end":{"line":33,"column":4}}}},"statementMap":{"1":{"start":{"line":16,"column":8},"end":{"line":16,"column":488}},"2":{"start":{"line":17,"column":12},"end":{"line":17,"column":22}},"3":{"start":{"line":19,"column":8},"end":{"line":19,"column":28}},"4":{"start":{"line":20,"column":8},"end":{"line":20,"column":22}},"5":{"start":{"line":21,"column":8},"end":{"line":21,"column":602}},"6":{"start":{"line":23,"column":12},"end":{"line":23,"column":21}},"7":{"start":{"line":25,"column":8},"end":{"line":25,"column":47}},"8":{"start":{"line":26,"column":8},"end":{"line":26,"column":34}},"9":{"start":{"line":27,"column":8},"end":{"line":27,"column":19}},"10":{"start":{"line":28,"column":8},"end":{"line":28,"column":793}},"11":{"start":{"line":29,"column":12},"end":{"line":29,"column":58}},"12":{"start":{"line":30,"column":12},"end":{"line":30,"column":21}},"13":{"start":{"line":32,"column":8},"end":{"line":32,"column":29}}},"branchMap":{"1":{"line":16,"type":"if","locations":[{"start":{"line":16,"column":8},"end":{"line":16,"column":8}},{"start":{"line":16,"column":8},"end":{"line":16,"column":8}}]}}},"contracts/Pool.sol":{"l":{"25":0,"29":0,"33":0,"37":0,"61":0,"62":0,"63":0,"64":0,"69":0,"70":0,"71":0,"72":0,"74":0,"75":0,"76":0,"77":0,"85":0,"89":0,"93":0,"94":0,"98":0,"99":0,"100":0,"101":0,"102":0,"103":0,"110":0,"111":0,"112":0,"113":0,"114":0,"115":0,"116":0,"117":0,"118":0,"143":0,"144":0,"145":0,"146":0,"149":0,"150":0,"151":0,"152":0,"153":0,"156":0,"158":0,"159":0,"162":0,"166":0,"174":0,"176":0,"185":0,"187":0,"189":0,"190":0,"193":0,"196":0,"197":0,"199":0,"200":0,"201":0,"202":0,"208":0,"214":0,"219":0,"223":0,"227":0},"path":"/home/darkdark/block_projs/rome_stuff/Test-Ground.io/contracts/Pool.sol","s":{"1":0,"2":0,"3":0,"4":0,"5":0,"6":0,"7":0,"8":0,"9":0,"10":0,"11":0,"12":0,"13":0,"14":0,"15":0,"16":0,"17":0,"18":0,"19":0,"20":0,"21":0,"22":0,"23":0,"24":0,"25":0,"26":0,"27":0,"28":0,"29":0,"30":0,"31":0,"32":0,"33":0,"34":0,"35":0,"36":0,"37":0,"38":0,"39":0,"40":0,"41":0,"42":0,"43":0,"44":0,"45":0,"46":0,"47":0,"48":0,"49":0,"50":0,"51":0,"52":0,"53":0,"54":0,"55":0,"56":0,"57":0,"58":0,"59":0,"60":0,"61":0,"62":0,"63":0,"64":0,"65":0},"b":{"1":[0,0],"2":[0,0],"3":[0,0],"4":[0,0],"5":[0,0],"6":[0,0],"7":[0,0],"8":[0,0],"9":[0,0],"10":[0,0],"11":[0,0],"12":[0,0],"13":[0,0],"14":[0,0],"15":[0,0],"16":[0,0],"17":[0,0]},"f":{"1":0,"2":0,"3":0,"4":0,"5":0,"6":0,"7":0,"8":0,"9":0,"10":0,"11":0,"12":0,"13":0},"fnMap":{"1":{"name":"onlyRegionOwner","line":24,"loc":{"start":{"line":24,"column":4},"end":{"line":30,"column":4}}},"2":{"name":"onlyStrategyController","line":32,"loc":{"start":{"line":32,"column":4},"end":{"line":38,"column":4}}},"3":{"name":"constructor","line":60,"loc":{"start":{"line":59,"column":4},"end":{"line":65,"column":4}}},"4":{"name":"setStrategy","line":68,"loc":{"start":{"line":68,"column":4},"end":{"line":79,"column":4}}},"5":{"name":"moveToNewStrategy","line":81,"loc":{"start":{"line":81,"column":4},"end":{"line":105,"column":4}}},"6":{"name":"moveAllToNewStrategy","line":109,"loc":{"start":{"line":109,"column":4},"end":{"line":119,"column":4}}},"7":{"name":"deposit","line":142,"loc":{"start":{"line":142,"column":4},"end":{"line":167,"column":4}}},"8":{"name":"withdraw","line":169,"loc":{"start":{"line":169,"column":4},"end":{"line":205,"column":4}}},"9":{"name":"getToken","line":207,"loc":{"start":{"line":207,"column":4},"end":{"line":209,"column":4}}},"10":{"name":"getStrategyController","line":213,"loc":{"start":{"line":213,"column":4},"end":{"line":215,"column":4}}},"11":{"name":"getPoolManager","line":218,"loc":{"start":{"line":218,"column":4},"end":{"line":220,"column":4}}},"12":{"name":"getCurrentStrategy","line":222,"loc":{"start":{"line":222,"column":4},"end":{"line":224,"column":4}}},"13":{"name":"getLastStrategy","line":226,"loc":{"start":{"line":226,"column":4},"end":{"line":228,"column":4}}}},"statementMap":{"1":{"start":{"line":25,"column":8},"end":{"line":25,"column":656}},"2":{"start":{"line":33,"column":8},"end":{"line":33,"column":856}},"3":{"start":{"line":61,"column":8},"end":{"line":61,"column":37}},"4":{"start":{"line":62,"column":8},"end":{"line":62,"column":29}},"5":{"start":{"line":63,"column":8},"end":{"line":63,"column":32}},"6":{"start":{"line":64,"column":8},"end":{"line":64,"column":21}},"7":{"start":{"line":69,"column":8},"end":{"line":69,"column":121}},"8":{"start":{"line":70,"column":8},"end":{"line":70,"column":110}},"9":{"start":{"line":71,"column":8},"end":{"line":71,"column":97}},"10":{"start":{"line":72,"column":8},"end":{"line":72,"column":147}},"11":{"start":{"line":74,"column":8},"end":{"line":74,"column":36}},"12":{"start":{"line":75,"column":8},"end":{"line":75,"column":36}},"13":{"start":{"line":76,"column":8},"end":{"line":76,"column":2926}},"14":{"start":{"line":77,"column":12},"end":{"line":77,"column":24}},"15":{"start":{"line":85,"column":8},"end":{"line":85,"column":60}},"16":{"start":{"line":89,"column":8},"end":{"line":89,"column":35}},"17":{"start":{"line":93,"column":8},"end":{"line":93,"column":60}},"18":{"start":{"line":94,"column":8},"end":{"line":94,"column":46}},"19":{"start":{"line":98,"column":8},"end":{"line":98,"column":51}},"20":{"start":{"line":99,"column":8},"end":{"line":99,"column":72}},"21":{"start":{"line":100,"column":8},"end":{"line":100,"column":48}},"22":{"start":{"line":101,"column":8},"end":{"line":101,"column":51}},"23":{"start":{"line":102,"column":8},"end":{"line":102,"column":4063}},"24":{"start":{"line":103,"column":12},"end":{"line":103,"column":25}},"25":{"start":{"line":110,"column":8},"end":{"line":110,"column":99}},"26":{"start":{"line":111,"column":8},"end":{"line":111,"column":53}},"27":{"start":{"line":112,"column":8},"end":{"line":112,"column":64}},"28":{"start":{"line":113,"column":8},"end":{"line":113,"column":37}},"29":{"start":{"line":114,"column":8},"end":{"line":114,"column":64}},"30":{"start":{"line":115,"column":8},"end":{"line":115,"column":54}},"31":{"start":{"line":116,"column":8},"end":{"line":116,"column":72}},"32":{"start":{"line":117,"column":8},"end":{"line":117,"column":48}},"33":{"start":{"line":118,"column":8},"end":{"line":118,"column":21}},"34":{"start":{"line":143,"column":8},"end":{"line":143,"column":20}},"35":{"start":{"line":144,"column":8},"end":{"line":144,"column":133}},"36":{"start":{"line":145,"column":8},"end":{"line":145,"column":81}},"37":{"start":{"line":146,"column":8},"end":{"line":146,"column":130}},"38":{"start":{"line":149,"column":8},"end":{"line":149,"column":58}},"39":{"start":{"line":150,"column":8},"end":{"line":150,"column":28}},"40":{"start":{"line":151,"column":8},"end":{"line":151,"column":62}},"41":{"start":{"line":152,"column":8},"end":{"line":152,"column":38}},"42":{"start":{"line":153,"column":8},"end":{"line":153,"column":57}},"43":{"start":{"line":156,"column":8},"end":{"line":156,"column":28}},"44":{"start":{"line":158,"column":8},"end":{"line":158,"column":6617}},"45":{"start":{"line":159,"column":12},"end":{"line":159,"column":79}},"46":{"start":{"line":162,"column":12},"end":{"line":162,"column":46}},"47":{"start":{"line":166,"column":8},"end":{"line":166,"column":32}},"48":{"start":{"line":174,"column":8},"end":{"line":174,"column":98}},"49":{"start":{"line":176,"column":8},"end":{"line":176,"column":65}},"50":{"start":{"line":185,"column":8},"end":{"line":185,"column":70}},"51":{"start":{"line":187,"column":8},"end":{"line":187,"column":29}},"52":{"start":{"line":189,"column":8},"end":{"line":189,"column":8014}},"53":{"start":{"line":190,"column":12},"end":{"line":190,"column":83}},"54":{"start":{"line":193,"column":8},"end":{"line":193,"column":92}},"55":{"start":{"line":196,"column":8},"end":{"line":196,"column":8410}},"56":{"start":{"line":197,"column":12},"end":{"line":197,"column":46}},"57":{"start":{"line":199,"column":8},"end":{"line":199,"column":46}},"58":{"start":{"line":200,"column":8},"end":{"line":200,"column":68}},"59":{"start":{"line":201,"column":8},"end":{"line":201,"column":26}},"60":{"start":{"line":202,"column":8},"end":{"line":202,"column":65}},"61":{"start":{"line":208,"column":8},"end":{"line":208,"column":27}},"62":{"start":{"line":214,"column":8},"end":{"line":214,"column":32}},"63":{"start":{"line":219,"column":8},"end":{"line":219,"column":22}},"64":{"start":{"line":223,"column":8},"end":{"line":223,"column":30}},"65":{"start":{"line":227,"column":8},"end":{"line":227,"column":26}}},"branchMap":{"1":{"line":25,"type":"if","locations":[{"start":{"line":25,"column":8},"end":{"line":25,"column":8}},{"start":{"line":25,"column":8},"end":{"line":25,"column":8}}]},"2":{"line":33,"type":"if","locations":[{"start":{"line":33,"column":8},"end":{"line":33,"column":8}},{"start":{"line":33,"column":8},"end":{"line":33,"column":8}}]},"3":{"line":69,"type":"if","locations":[{"start":{"line":69,"column":8},"end":{"line":69,"column":8}},{"start":{"line":69,"column":8},"end":{"line":69,"column":8}}]},"4":{"line":70,"type":"if","locations":[{"start":{"line":70,"column":8},"end":{"line":70,"column":8}},{"start":{"line":70,"column":8},"end":{"line":70,"column":8}}]},"5":{"line":71,"type":"if","locations":[{"start":{"line":71,"column":8},"end":{"line":71,"column":8}},{"start":{"line":71,"column":8},"end":{"line":71,"column":8}}]},"6":{"line":72,"type":"if","locations":[{"start":{"line":72,"column":8},"end":{"line":72,"column":8}},{"start":{"line":72,"column":8},"end":{"line":72,"column":8}}]},"7":{"line":76,"type":"if","locations":[{"start":{"line":76,"column":8},"end":{"line":76,"column":8}},{"start":{"line":76,"column":8},"end":{"line":76,"column":8}}]},"8":{"line":102,"type":"if","locations":[{"start":{"line":102,"column":8},"end":{"line":102,"column":8}},{"start":{"line":102,"column":8},"end":{"line":102,"column":8}}]},"9":{"line":110,"type":"if","locations":[{"start":{"line":110,"column":8},"end":{"line":110,"column":8}},{"start":{"line":110,"column":8},"end":{"line":110,"column":8}}]},"10":{"line":144,"type":"if","locations":[{"start":{"line":144,"column":8},"end":{"line":144,"column":8}},{"start":{"line":144,"column":8},"end":{"line":144,"column":8}}]},"11":{"line":145,"type":"if","locations":[{"start":{"line":145,"column":8},"end":{"line":145,"column":8}},{"start":{"line":145,"column":8},"end":{"line":145,"column":8}}]},"12":{"line":146,"type":"if","locations":[{"start":{"line":146,"column":8},"end":{"line":146,"column":8}},{"start":{"line":146,"column":8},"end":{"line":146,"column":8}}]},"13":{"line":158,"type":"if","locations":[{"start":{"line":158,"column":8},"end":{"line":158,"column":8}},{"start":{"line":158,"column":8},"end":{"line":158,"column":8}}]},"14":{"line":174,"type":"if","locations":[{"start":{"line":174,"column":8},"end":{"line":174,"column":8}},{"start":{"line":174,"column":8},"end":{"line":174,"column":8}}]},"15":{"line":176,"type":"if","locations":[{"start":{"line":176,"column":8},"end":{"line":176,"column":8}},{"start":{"line":176,"column":8},"end":{"line":176,"column":8}}]},"16":{"line":189,"type":"if","locations":[{"start":{"line":189,"column":8},"end":{"line":189,"column":8}},{"start":{"line":189,"column":8},"end":{"line":189,"column":8}}]},"17":{"line":196,"type":"if","locations":[{"start":{"line":196,"column":8},"end":{"line":196,"column":8}},{"start":{"line":196,"column":8},"end":{"line":196,"column":8}}]}}},"contracts/PoolManager.sol":{"l":{"20":34,"21":34,"32":0,"33":0,"34":0,"35":0,"47":0,"48":0,"52":0,"53":0,"54":0,"55":0,"59":0,"60":0,"62":0,"68":3,"72":1,"76":0,"83":3,"84":1},"path":"/home/darkdark/block_projs/rome_stuff/Test-Ground.io/contracts/PoolManager.sol","s":{"1":34,"2":34,"3":0,"4":0,"5":0,"6":0,"7":0,"8":0,"9":0,"10":0,"11":0,"12":0,"13":0,"14":0,"15":0,"16":3,"17":1,"18":0,"19":3,"20":1},"b":{"1":[0,0],"2":[0,0],"3":[0,0],"4":[0,0],"5":[1,2]},"f":{"1":34,"2":0,"3":0,"4":0,"5":3,"6":1,"7":0,"8":3},"fnMap":{"1":{"name":"constructor","line":19,"loc":{"start":{"line":19,"column":4},"end":{"line":22,"column":4}}},"2":{"name":"approvePool","line":31,"loc":{"start":{"line":31,"column":4},"end":{"line":36,"column":4}}},"3":{"name":"depositToPool","line":45,"loc":{"start":{"line":45,"column":4},"end":{"line":56,"column":4}}},"4":{"name":"withdrawFromPool","line":58,"loc":{"start":{"line":58,"column":4},"end":{"line":64,"column":4}}},"5":{"name":"getRegionOwner","line":67,"loc":{"start":{"line":67,"column":4},"end":{"line":69,"column":4}}},"6":{"name":"getRegionName","line":71,"loc":{"start":{"line":71,"column":4},"end":{"line":73,"column":4}}},"7":{"name":"isPoolApproved","line":75,"loc":{"start":{"line":75,"column":4},"end":{"line":77,"column":4}}},"8":{"name":"transferRegionOwner","line":82,"loc":{"start":{"line":82,"column":4},"end":{"line":85,"column":4}}}},"statementMap":{"1":{"start":{"line":20,"column":8},"end":{"line":20,"column":27}},"2":{"start":{"line":21,"column":8},"end":{"line":21,"column":27}},"3":{"start":{"line":32,"column":8},"end":{"line":32,"column":41}},"4":{"start":{"line":33,"column":8},"end":{"line":33,"column":31}},"5":{"start":{"line":34,"column":8},"end":{"line":34,"column":31}},"6":{"start":{"line":35,"column":8},"end":{"line":35,"column":34}},"7":{"start":{"line":47,"column":8},"end":{"line":47,"column":27}},"8":{"start":{"line":48,"column":8},"end":{"line":48,"column":56}},"9":{"start":{"line":52,"column":8},"end":{"line":52,"column":39}},"10":{"start":{"line":53,"column":8},"end":{"line":53,"column":65}},"11":{"start":{"line":54,"column":8},"end":{"line":54,"column":67}},"12":{"start":{"line":55,"column":8},"end":{"line":55,"column":39}},"13":{"start":{"line":59,"column":8},"end":{"line":59,"column":27}},"14":{"start":{"line":60,"column":8},"end":{"line":60,"column":35}},"15":{"start":{"line":62,"column":8},"end":{"line":62,"column":40}},"16":{"start":{"line":68,"column":8},"end":{"line":68,"column":26}},"17":{"start":{"line":72,"column":8},"end":{"line":72,"column":25}},"18":{"start":{"line":76,"column":8},"end":{"line":76,"column":37}},"19":{"start":{"line":83,"column":8},"end":{"line":83,"column":41}},"20":{"start":{"line":84,"column":8},"end":{"line":84,"column":29}}},"branchMap":{"1":{"line":32,"type":"if","locations":[{"start":{"line":32,"column":8},"end":{"line":32,"column":8}},{"start":{"line":32,"column":8},"end":{"line":32,"column":8}}]},"2":{"line":48,"type":"if","locations":[{"start":{"line":48,"column":8},"end":{"line":48,"column":8}},{"start":{"line":48,"column":8},"end":{"line":48,"column":8}}]},"3":{"line":54,"type":"if","locations":[{"start":{"line":54,"column":8},"end":{"line":54,"column":8}},{"start":{"line":54,"column":8},"end":{"line":54,"column":8}}]},"4":{"line":60,"type":"if","locations":[{"start":{"line":60,"column":8},"end":{"line":60,"column":8}},{"start":{"line":60,"column":8},"end":{"line":60,"column":8}}]},"5":{"line":83,"type":"if","locations":[{"start":{"line":83,"column":8},"end":{"line":83,"column":8}},{"start":{"line":83,"column":8},"end":{"line":83,"column":8}}]}}},"contracts/Rome.sol":{"l":{"31":0,"32":0,"33":0,"39":0,"41":0,"44":0,"45":0,"51":0,"53":0,"56":0,"58":0,"62":0},"path":"/home/darkdark/block_projs/rome_stuff/Test-Ground.io/contracts/Rome.sol","s":{"1":0,"2":0,"3":0,"4":0,"5":0,"6":0,"7":0,"8":0,"9":0,"10":0,"11":0,"12":0},"b":{"1":[0,0],"2":[0,0],"3":[0,0],"4":[0,0]},"f":{"1":2,"2":0,"3":0,"4":0,"5":0},"fnMap":{"1":{"name":"constructor","line":25,"loc":{"start":{"line":25,"column":4},"end":{"line":27,"column":4}}},"2":{"name":"buyRome","line":30,"loc":{"start":{"line":30,"column":4},"end":{"line":34,"column":4}}},"3":{"name":"prepareUnstake","line":37,"loc":{"start":{"line":37,"column":4},"end":{"line":46,"column":4}}},"4":{"name":"unstake","line":49,"loc":{"start":{"line":49,"column":4},"end":{"line":59,"column":4}}},"5":{"name":"mint","line":61,"loc":{"start":{"line":61,"column":4},"end":{"line":63,"column":4}}}},"statementMap":{"1":{"start":{"line":31,"column":8},"end":{"line":31,"column":41}},"2":{"start":{"line":32,"column":8},"end":{"line":32,"column":103}},"3":{"start":{"line":33,"column":8},"end":{"line":33,"column":32}},"4":{"start":{"line":39,"column":8},"end":{"line":39,"column":51}},"5":{"start":{"line":41,"column":8},"end":{"line":41,"column":36}},"6":{"start":{"line":44,"column":8},"end":{"line":44,"column":49}},"7":{"start":{"line":45,"column":8},"end":{"line":45,"column":64}},"8":{"start":{"line":51,"column":8},"end":{"line":51,"column":131}},"9":{"start":{"line":53,"column":8},"end":{"line":53,"column":178}},"10":{"start":{"line":56,"column":8},"end":{"line":56,"column":56}},"11":{"start":{"line":58,"column":8},"end":{"line":58,"column":42}},"12":{"start":{"line":62,"column":8},"end":{"line":62,"column":32}}},"branchMap":{"1":{"line":32,"type":"if","locations":[{"start":{"line":32,"column":8},"end":{"line":32,"column":8}},{"start":{"line":32,"column":8},"end":{"line":32,"column":8}}]},"2":{"line":39,"type":"if","locations":[{"start":{"line":39,"column":8},"end":{"line":39,"column":8}},{"start":{"line":39,"column":8},"end":{"line":39,"column":8}}]},"3":{"line":51,"type":"if","locations":[{"start":{"line":51,"column":8},"end":{"line":51,"column":8}},{"start":{"line":51,"column":8},"end":{"line":51,"column":8}}]},"4":{"line":53,"type":"if","locations":[{"start":{"line":53,"column":8},"end":{"line":53,"column":8}},{"start":{"line":53,"column":8},"end":{"line":53,"column":8}}]}}},"contracts/StrategyController.sol":{"l":{"22":0,"27":0,"28":0,"29":0,"30":0,"34":0,"35":0,"36":0,"40":0},"path":"/home/darkdark/block_projs/rome_stuff/Test-Ground.io/contracts/StrategyController.sol","s":{"1":0,"2":0,"3":0,"4":0,"5":0,"6":0,"7":0,"8":0,"9":0},"b":{"1":[0,0]},"f":{"1":0,"2":0,"3":0,"4":0},"fnMap":{"1":{"name":"constructor","line":21,"loc":{"start":{"line":21,"column":4},"end":{"line":23,"column":4}}},"2":{"name":"startTimelock","line":26,"loc":{"start":{"line":26,"column":4},"end":{"line":31,"column":4}}},"3":{"name":"deployAfterTimelock","line":33,"loc":{"start":{"line":33,"column":4},"end":{"line":37,"column":4}}},"4":{"name":"getBlockTime","line":39,"loc":{"start":{"line":39,"column":4},"end":{"line":41,"column":4}}}},"statementMap":{"1":{"start":{"line":22,"column":8},"end":{"line":22,"column":24}},"2":{"start":{"line":27,"column":8},"end":{"line":27,"column":39}},"3":{"start":{"line":28,"column":8},"end":{"line":28,"column":53}},"4":{"start":{"line":29,"column":8},"end":{"line":29,"column":43}},"5":{"start":{"line":30,"column":8},"end":{"line":30,"column":71}},"6":{"start":{"line":34,"column":8},"end":{"line":34,"column":39}},"7":{"start":{"line":35,"column":8},"end":{"line":35,"column":92}},"8":{"start":{"line":36,"column":8},"end":{"line":36,"column":47}},"9":{"start":{"line":40,"column":8},"end":{"line":40,"column":30}}},"branchMap":{"1":{"line":35,"type":"if","locations":[{"start":{"line":35,"column":8},"end":{"line":35,"column":8}},{"start":{"line":35,"column":8},"end":{"line":35,"column":8}}]}}}}