TN:
SF:/home/darkdark/block_projs/rome_stuff/Test-Ground.io/contracts/Citizenship.sol
FN:15,constructor
FN:25,redeemCitizenship
FN:32,test
FNF:3
FNH:0
FNDA:0,constructor
FNDA:0,redeemCitizenship
FNDA:0,test
DA:16,0
DA:17,0
DA:26,0
DA:27,0
DA:28,0
DA:29,0
DA:33,0
DA:34,0
LF:8
LH:0
BRDA:26,1,0,0
BRDA:26,1,1,0
BRDA:27,2,0,0
BRDA:27,2,1,0
BRF:4
BRH:0
end_of_record
TN:
SF:/home/darkdark/block_projs/rome_stuff/Test-Ground.io/contracts/IStrategy.sol
FNF:0
FNH:0
LF:0
LH:0
BRF:0
BRH:0
end_of_record
TN:
SF:/home/darkdark/block_projs/rome_stuff/Test-Ground.io/contracts/justStoreItButFifthStrategy.sol
FN:12,constructor
FN:25,deposit
FN:30,withdraw
FN:36,withdrawAll
FN:43,totalBalance
FNF:5
FNH:0
FNDA:0,constructor
FNDA:0,deposit
FNDA:0,withdraw
FNDA:0,withdrawAll
FNDA:0,totalBalance
DA:13,0
DA:14,0
DA:31,0
DA:32,0
DA:37,0
DA:38,0
DA:44,0
LF:7
LH:0
BRDA:31,1,0,0
BRDA:31,1,1,0
BRDA:37,2,0,0
BRDA:37,2,1,0
BRF:4
BRH:0
end_of_record
TN:
SF:/home/darkdark/block_projs/rome_stuff/Test-Ground.io/contracts/justStoreItButHalfStrategy.sol
FN:12,constructor
FN:25,deposit
FN:30,withdraw
FN:36,withdrawAll
FN:43,totalBalance
FNF:5
FNH:0
FNDA:0,constructor
FNDA:0,deposit
FNDA:0,withdraw
FNDA:0,withdrawAll
FNDA:0,totalBalance
DA:13,0
DA:14,0
DA:31,0
DA:32,0
DA:37,0
DA:38,0
DA:44,0
LF:7
LH:0
BRDA:31,1,0,0
BRDA:31,1,1,0
BRDA:37,2,0,0
BRDA:37,2,1,0
BRF:4
BRH:0
end_of_record
TN:
SF:/home/darkdark/block_projs/rome_stuff/Test-Ground.io/contracts/justStoreItStrategy.sol
FN:12,constructor
FN:25,deposit
FN:30,withdraw
FN:36,withdrawAll
FN:43,totalBalance
FNF:5
FNH:0
FNDA:0,constructor
FNDA:0,deposit
FNDA:0,withdraw
FNDA:0,withdrawAll
FNDA:0,totalBalance
DA:13,0
DA:14,0
DA:31,0
DA:32,0
DA:37,0
DA:38,0
DA:44,0
LF:7
LH:0
BRDA:31,1,0,0
BRDA:31,1,1,0
BRDA:37,2,0,0
BRDA:37,2,1,0
BRF:4
BRH:0
end_of_record
TN:
SF:/home/darkdark/block_projs/rome_stuff/Test-Ground.io/contracts/openzeppelin-contracts/contracts/access/AccessControl.sol
FN:87,hasRole
FN:95,getRoleMemberCount
FN:111,getRoleMember
FN:121,getRoleAdmin
FN:135,grantRole
FN:150,revokeRole
FN:170,renounceRole
FN:192,_setupRole
FN:201,_setRoleAdmin
FN:206,_grantRole
FN:212,_revokeRole
FNF:11
FNH:0
FNDA:0,hasRole
FNDA:0,getRoleMemberCount
FNDA:0,getRoleMember
FNDA:0,getRoleAdmin
FNDA:0,grantRole
FNDA:0,revokeRole
FNDA:0,renounceRole
FNDA:0,_setupRole
FNDA:0,_setRoleAdmin
FNDA:0,_grantRole
FNDA:0,_revokeRole
DA:88,0
DA:96,0
DA:112,0
DA:122,0
DA:136,0
DA:138,0
DA:151,0
DA:153,0
DA:171,0
DA:173,0
DA:193,0
DA:202,0
DA:203,0
DA:207,0
DA:208,0
DA:213,0
DA:214,0
LF:17
LH:0
BRDA:136,1,0,0
BRDA:136,1,1,0
BRDA:151,2,0,0
BRDA:151,2,1,0
BRDA:171,3,0,0
BRDA:171,3,1,0
BRDA:207,4,0,0
BRDA:207,4,1,0
BRDA:213,5,0,0
BRDA:213,5,1,0
BRF:10
BRH:0
end_of_record
TN:
SF:/home/darkdark/block_projs/rome_stuff/Test-Ground.io/contracts/openzeppelin-contracts/contracts/access/Ownable.sol
FN:26,constructor
FN:35,owner
FN:42,onlyOwner
FN:54,renounceOwnership
FN:63,transferOwnership
FNF:5
FNH:4
FNDA:34,constructor
FNDA:2,owner
FNDA:1,onlyOwner
FNDA:1,renounceOwnership
FNDA:0,transferOwnership
DA:27,34
DA:28,34
DA:29,34
DA:36,2
DA:43,1
DA:44,1
DA:55,1
DA:56,1
DA:64,0
DA:65,0
DA:66,0
LF:11
LH:8
BRDA:43,1,0,1
BRDA:43,1,1,0
BRDA:64,2,0,0
BRDA:64,2,1,0
BRF:4
BRH:1
end_of_record
TN:
SF:/home/darkdark/block_projs/rome_stuff/Test-Ground.io/contracts/openzeppelin-contracts/contracts/access/TimelockController.sol
FN:57,constructor
FN:86,onlyRole
FN:99,isOperationPending
FN:106,isOperationReady
FN:114,isOperationDone
FN:122,getTimestamp
FN:131,getMinDelay
FN:139,hashOperation
FN:147,hashOperationBatch
FN:160,schedule
FN:175,scheduleBatch
FN:189,_schedule
FN:203,cancel
FN:219,execute
FN:235,executeBatch
FN:250,_beforeCall
FN:257,_afterCall
FN:267,_call
FN:285,updateDelay
FNF:19
FNH:0
FNDA:0,constructor
FNDA:0,onlyRole
FNDA:0,isOperationPending
FNDA:0,isOperationReady
FNDA:0,isOperationDone
FNDA:0,getTimestamp
FNDA:0,getMinDelay
FNDA:0,hashOperation
FNDA:0,hashOperationBatch
FNDA:0,schedule
FNDA:0,scheduleBatch
FNDA:0,_schedule
FNDA:0,cancel
FNDA:0,execute
FNDA:0,executeBatch
FNDA:0,_beforeCall
FNDA:0,_afterCall
FNDA:0,_call
FNDA:0,updateDelay
DA:58,0
DA:59,0
DA:60,0
DA:63,0
DA:64,0
DA:67,0
DA:68,0
DA:72,0
DA:73,0
DA:76,0
DA:77,0
DA:87,0
DA:88,0
DA:100,0
DA:108,0
DA:115,0
DA:123,0
DA:132,0
DA:140,0
DA:148,0
DA:161,0
DA:162,0
DA:163,0
DA:176,0
DA:177,0
DA:179,0
DA:180,0
DA:181,0
DA:182,0
DA:190,0
DA:191,0
DA:193,0
DA:204,0
DA:205,0
DA:207,0
DA:220,0
DA:221,0
DA:222,0
DA:223,0
DA:236,0
DA:237,0
DA:239,0
DA:240,0
DA:241,0
DA:242,0
DA:244,0
DA:251,0
DA:258,0
DA:259,0
DA:269,0
DA:270,0
DA:272,0
DA:286,0
DA:287,0
DA:288,0
LF:55
LH:0
BRDA:87,1,0,0
BRDA:87,1,1,0
BRDA:176,2,0,0
BRDA:176,2,1,0
BRDA:177,3,0,0
BRDA:177,3,1,0
BRDA:190,4,0,0
BRDA:190,4,1,0
BRDA:191,5,0,0
BRDA:191,5,1,0
BRDA:204,6,0,0
BRDA:204,6,1,0
BRDA:236,7,0,0
BRDA:236,7,1,0
BRDA:237,8,0,0
BRDA:237,8,1,0
BRDA:251,9,0,0
BRDA:251,9,1,0
BRDA:258,10,0,0
BRDA:258,10,1,0
BRDA:270,11,0,0
BRDA:270,11,1,0
BRDA:286,12,0,0
BRDA:286,12,1,0
BRF:24
BRH:0
end_of_record
TN:
SF:/home/darkdark/block_projs/rome_stuff/Test-Ground.io/contracts/openzeppelin-contracts/contracts/cryptography/ECDSA.sol
FN:26,recover
FN:53,recover
FN:81,toEthSignedMessageHash
FNF:3
FNH:0
FNDA:0,recover
FNDA:0,recover
FNDA:0,toEthSignedMessageHash
DA:28,0
DA:29,0
DA:33,0
DA:34,0
DA:35,0
DA:40,0
DA:46,0
DA:63,0
DA:64,0
DA:67,0
DA:68,0
DA:70,0
DA:84,0
LF:13
LH:0
BRDA:28,1,0,0
BRDA:28,1,1,0
BRDA:63,2,0,0
BRDA:63,2,1,0
BRDA:64,3,0,0
BRDA:64,3,1,0
BRDA:68,4,0,0
BRDA:68,4,1,0
BRF:8
BRH:0
end_of_record
TN:
SF:/home/darkdark/block_projs/rome_stuff/Test-Ground.io/contracts/openzeppelin-contracts/contracts/cryptography/MerkleProof.sol
FN:15,verify
FNF:1
FNH:0
FNDA:0,verify
DA:16,0
DA:18,0
DA:19,0
DA:21,0
DA:23,0
DA:26,0
DA:31,0
LF:7
LH:0
BRDA:21,1,0,0
BRDA:21,1,1,0
BRF:2
BRH:0
end_of_record
TN:
SF:/home/darkdark/block_projs/rome_stuff/Test-Ground.io/contracts/openzeppelin-contracts/contracts/drafts/EIP712.sol
FN:46,constructor
FN:60,_domainSeparatorV4
FN:68,_buildDomainSeparator
FN:95,_hashTypedDataV4
FN:99,_getChainId
FNF:5
FNH:0
FNDA:0,constructor
FNDA:0,_domainSeparatorV4
FNDA:0,_buildDomainSeparator
FNDA:0,_hashTypedDataV4
FNDA:0,_getChainId
DA:47,0
DA:48,0
DA:49,0
DA:50,0
DA:51,0
DA:52,0
DA:53,0
DA:54,0
DA:61,0
DA:62,0
DA:64,0
DA:69,0
DA:96,0
DA:100,0
DA:102,0
LF:15
LH:0
BRDA:61,1,0,0
BRDA:61,1,1,0
BRF:2
BRH:0
end_of_record
TN:
SF:/home/darkdark/block_projs/rome_stuff/Test-Ground.io/contracts/openzeppelin-contracts/contracts/drafts/ERC20Permit.sol
FN:32,constructor
FN:38,permit
FN:65,nonces
FN:73,DOMAIN_SEPARATOR
FNF:4
FNH:0
FNDA:0,constructor
FNDA:0,permit
FNDA:0,nonces
FNDA:0,DOMAIN_SEPARATOR
DA:40,0
DA:42,0
DA:53,0
DA:55,0
DA:56,0
DA:58,0
DA:59,0
DA:66,0
DA:74,0
LF:9
LH:0
BRDA:40,1,0,0
BRDA:40,1,1,0
BRDA:56,2,0,0
BRDA:56,2,1,0
BRF:4
BRH:0
end_of_record
TN:
SF:/home/darkdark/block_projs/rome_stuff/Test-Ground.io/contracts/openzeppelin-contracts/contracts/drafts/IERC20Permit.sol
FNF:0
FNH:0
LF:0
LH:0
BRF:0
BRH:0
end_of_record
TN:
SF:/home/darkdark/block_projs/rome_stuff/Test-Ground.io/contracts/openzeppelin-contracts/contracts/GSN/Context.sol
FNF:0
FNH:0
LF:0
LH:0
BRF:0
BRH:0
end_of_record
TN:
SF:/home/darkdark/block_projs/rome_stuff/Test-Ground.io/contracts/openzeppelin-contracts/contracts/GSN/GSNRecipient.sol
FN:38,getHubAddr
FN:49,_upgradeRelayHub
FN:65,relayHubVersion
FN:75,_withdrawDeposits
FN:90,_msgSender
FN:104,_msgData
FN:124,preRelayedCall
FN:147,postRelayedCall
FN:165,_approveRelayedCall
FN:174,_approveRelayedCall
FN:181,_rejectRelayedCall
FN:189,_computeCharge
FN:195,_getRelayedCallSender
FN:217,_getRelayedCallData
FNF:14
FNH:0
FNDA:0,getHubAddr
FNDA:0,_upgradeRelayHub
FNDA:0,relayHubVersion
FNDA:0,_withdrawDeposits
FNDA:0,_msgSender
FNDA:0,_msgData
FNDA:0,preRelayedCall
FNDA:0,postRelayedCall
FNDA:0,_approveRelayedCall
FNDA:0,_approveRelayedCall
FNDA:0,_rejectRelayedCall
FNDA:0,_computeCharge
FNDA:0,_getRelayedCallSender
FNDA:0,_getRelayedCallData
DA:39,0
DA:50,0
DA:51,0
DA:52,0
DA:54,0
DA:56,0
DA:66,0
DA:67,0
DA:76,0
DA:91,0
DA:92,0
DA:94,0
DA:105,0
DA:106,0
DA:108,0
DA:125,0
DA:126,0
DA:148,0
DA:149,0
DA:166,0
DA:175,0
DA:182,0
DA:192,0
DA:206,0
DA:207,0
DA:210,0
DA:214,0
DA:221,0
DA:222,0
DA:224,0
DA:225,0
DA:228,0
LF:32
LH:0
BRDA:51,1,0,0
BRDA:51,1,1,0
BRDA:52,2,0,0
BRDA:52,2,1,0
BRDA:91,3,0,0
BRDA:91,3,1,0
BRDA:105,4,0,0
BRDA:105,4,1,0
BRDA:125,5,0,0
BRDA:125,5,1,0
BRDA:148,6,0,0
BRDA:148,6,1,0
BRF:12
BRH:0
end_of_record
TN:
SF:/home/darkdark/block_projs/rome_stuff/Test-Ground.io/contracts/openzeppelin-contracts/contracts/GSN/GSNRecipientERC20Fee.sol
FN:33,constructor
FN:40,token
FN:47,_mint
FN:54,acceptRelayedCall
FN:84,_preRelayedCall
FN:96,_postRelayedCall
FN:121,constructor
FN:124,mint
FN:129,allowance
FN:138,_approve
FN:146,transferFrom
FNF:11
FNH:0
FNDA:0,constructor
FNDA:0,token
FNDA:0,_mint
FNDA:0,acceptRelayedCall
FNDA:0,_preRelayedCall
FNDA:0,_postRelayedCall
FNDA:0,constructor
FNDA:0,mint
FNDA:0,allowance
FNDA:0,_approve
FNDA:0,transferFrom
DA:34,0
DA:41,0
DA:48,0
DA:71,0
DA:72,0
DA:75,0
DA:85,0
DA:88,0
DA:90,0
DA:97,0
DA:103,0
DA:104,0
DA:107,0
DA:125,0
DA:130,0
DA:131,0
DA:133,0
DA:139,0
DA:140,0
DA:142,0
DA:147,0
DA:148,0
DA:149,0
DA:151,0
LF:24
LH:0
BRDA:71,1,0,0
BRDA:71,1,1,0
BRDA:130,2,0,0
BRDA:130,2,1,0
BRDA:139,3,0,0
BRDA:139,3,1,0
BRDA:147,4,0,0
BRDA:147,4,1,0
BRF:8
BRH:0
end_of_record
TN:
SF:/home/darkdark/block_projs/rome_stuff/Test-Ground.io/contracts/openzeppelin-contracts/contracts/GSN/GSNRecipientSignature.sol
FN:26,constructor
FN:34,acceptRelayedCall
FN:69,_preRelayedCall
FN:71,_postRelayedCall
FNF:4
FNH:0
FNDA:0,constructor
FNDA:0,acceptRelayedCall
FNDA:0,_preRelayedCall
FNDA:0,_postRelayedCall
DA:27,0
DA:28,0
DA:51,0
DA:62,0
DA:63,0
DA:65,0
LF:6
LH:0
BRDA:27,1,0,0
BRDA:27,1,1,0
BRDA:62,2,0,0
BRDA:62,2,1,0
BRF:4
BRH:0
end_of_record
TN:
SF:/home/darkdark/block_projs/rome_stuff/Test-Ground.io/contracts/openzeppelin-contracts/contracts/GSN/IRelayHub.sol
FNF:0
FNH:0
LF:0
LH:0
BRF:0
BRH:0
end_of_record
TN:
SF:/home/darkdark/block_projs/rome_stuff/Test-Ground.io/contracts/openzeppelin-contracts/contracts/GSN/IRelayRecipient.sol
FNF:0
FNH:0
LF:0
LH:0
BRF:0
BRH:0
end_of_record
TN:
SF:/home/darkdark/block_projs/rome_stuff/Test-Ground.io/contracts/openzeppelin-contracts/contracts/introspection/ERC165.sol
FN:24,constructor
FN:35,supportsInterface
FN:50,_registerInterface
FNF:3
FNH:0
FNDA:0,constructor
FNDA:0,supportsInterface
FNDA:0,_registerInterface
DA:27,0
DA:36,0
DA:51,0
DA:52,0
LF:4
LH:0
BRDA:51,1,0,0
BRDA:51,1,1,0
BRF:2
BRH:0
end_of_record
TN:
SF:/home/darkdark/block_projs/rome_stuff/Test-Ground.io/contracts/openzeppelin-contracts/contracts/introspection/ERC165Checker.sol
FN:24,supportsERC165
FN:37,supportsInterface
FN:52,supportsAllInterfaces
FN:80,_supportsERC165Interface
FN:96,_callERC165SupportsInterface
FNF:5
FNH:0
FNDA:0,supportsERC165
FNDA:0,supportsInterface
FNDA:0,supportsAllInterfaces
FNDA:0,_supportsERC165Interface
FNDA:0,_callERC165SupportsInterface
DA:27,0
DA:39,0
DA:54,0
DA:55,0
DA:59,0
DA:60,0
DA:61,0
DA:66,0
DA:83,0
DA:85,0
DA:101,0
DA:102,0
DA:103,0
DA:104,0
LF:14
LH:0
BRDA:54,1,0,0
BRDA:54,1,1,0
BRDA:60,2,0,0
BRDA:60,2,1,0
BRDA:103,3,0,0
BRDA:103,3,1,0
BRF:6
BRH:0
end_of_record
TN:
SF:/home/darkdark/block_projs/rome_stuff/Test-Ground.io/contracts/openzeppelin-contracts/contracts/introspection/ERC1820Implementer.sol
FN:23,canImplementInterfaceForAddress
FN:34,_registerInterfaceForAddress
FNF:2
FNH:0
FNDA:0,canImplementInterfaceForAddress
FNDA:0,_registerInterfaceForAddress
DA:24,0
DA:35,0
LF:2
LH:0
BRF:0
BRH:0
end_of_record
TN:
SF:/home/darkdark/block_projs/rome_stuff/Test-Ground.io/contracts/openzeppelin-contracts/contracts/introspection/IERC165.sol
FNF:0
FNH:0
LF:0
LH:0
BRF:0
BRH:0
end_of_record
TN:
SF:/home/darkdark/block_projs/rome_stuff/Test-Ground.io/contracts/openzeppelin-contracts/contracts/introspection/IERC1820Implementer.sol
FNF:0
FNH:0
LF:0
LH:0
BRF:0
BRH:0
end_of_record
TN:
SF:/home/darkdark/block_projs/rome_stuff/Test-Ground.io/contracts/openzeppelin-contracts/contracts/introspection/IERC1820Registry.sol
FNF:0
FNH:0
LF:0
LH:0
BRF:0
BRH:0
end_of_record
TN:
SF:/home/darkdark/block_projs/rome_stuff/Test-Ground.io/contracts/openzeppelin-contracts/contracts/math/Math.sol
FN:12,max
FN:19,min
FN:27,average
FNF:3
FNH:0
FNDA:0,max
FNDA:0,min
FNDA:0,average
DA:13,0
DA:20,0
DA:29,0
LF:3
LH:0
BRF:0
BRH:0
end_of_record
TN:
SF:/home/darkdark/block_projs/rome_stuff/Test-Ground.io/contracts/openzeppelin-contracts/contracts/math/SafeMath.sol
FN:29,add
FN:46,sub
FN:60,sub
FN:77,mul
FN:103,div
FN:119,div
FN:139,mod
FN:155,mod
FNF:8
FNH:0
FNDA:0,add
FNDA:0,sub
FNDA:0,sub
FNDA:0,mul
FNDA:0,div
FNDA:0,div
FNDA:0,mod
FNDA:0,mod
DA:30,0
DA:31,0
DA:33,0
DA:47,0
DA:61,0
DA:62,0
DA:64,0
DA:81,0
DA:82,0
DA:85,0
DA:86,0
DA:88,0
DA:104,0
DA:120,0
DA:121,0
DA:124,0
DA:140,0
DA:156,0
DA:157,0
LF:19
LH:0
BRDA:31,1,0,0
BRDA:31,1,1,0
BRDA:61,2,0,0
BRDA:61,2,1,0
BRDA:81,3,0,0
BRDA:81,3,1,0
BRDA:86,4,0,0
BRDA:86,4,1,0
BRDA:120,5,0,0
BRDA:120,5,1,0
BRDA:156,6,0,0
BRDA:156,6,1,0
BRF:12
BRH:0
end_of_record
TN:
SF:/home/darkdark/block_projs/rome_stuff/Test-Ground.io/contracts/openzeppelin-contracts/contracts/math/SignedSafeMath.sol
FN:22,mul
FN:50,div
FN:69,sub
FN:86,add
FNF:4
FNH:0
FNDA:0,mul
FNDA:0,div
FNDA:0,sub
FNDA:0,add
DA:26,0
DA:27,0
DA:30,0
DA:32,0
DA:33,0
DA:35,0
DA:51,0
DA:52,0
DA:54,0
DA:56,0
DA:70,0
DA:71,0
DA:73,0
DA:87,0
DA:88,0
DA:90,0
LF:16
LH:0
BRDA:26,1,0,0
BRDA:26,1,1,0
BRDA:30,2,0,0
BRDA:30,2,1,0
BRDA:33,3,0,0
BRDA:33,3,1,0
BRDA:51,4,0,0
BRDA:51,4,1,0
BRDA:52,5,0,0
BRDA:52,5,1,0
BRDA:71,6,0,0
BRDA:71,6,1,0
BRDA:88,7,0,0
BRDA:88,7,1,0
BRF:14
BRH:0
end_of_record
TN:
SF:/home/darkdark/block_projs/rome_stuff/Test-Ground.io/contracts/openzeppelin-contracts/contracts/mocks/AccessControlMock.sol
FN:8,constructor
FN:12,setRoleAdmin
FNF:2
FNH:0
FNDA:0,constructor
FNDA:0,setRoleAdmin
DA:9,0
DA:13,0
LF:2
LH:0
BRF:0
BRH:0
end_of_record
TN:
SF:/home/darkdark/block_projs/rome_stuff/Test-Ground.io/contracts/openzeppelin-contracts/contracts/mocks/AddressImpl.sol
FN:12,isContract
FN:16,sendValue
FN:20,functionCall
FN:25,functionCallWithValue
FN:30,functionStaticCall
FN:35,functionDelegateCall
FNF:6
FNH:0
FNDA:0,isContract
FNDA:0,sendValue
FNDA:0,functionCall
FNDA:0,functionCallWithValue
FNDA:0,functionStaticCall
FNDA:0,functionDelegateCall
DA:13,0
DA:17,0
DA:21,0
DA:22,0
DA:26,0
DA:27,0
DA:31,0
DA:32,0
DA:36,0
DA:37,0
LF:10
LH:0
BRF:0
BRH:0
end_of_record
TN:
SF:/home/darkdark/block_projs/rome_stuff/Test-Ground.io/contracts/openzeppelin-contracts/contracts/mocks/ArraysImpl.sol
FN:12,constructor
FN:16,findUpperBound
FNF:2
FNH:0
FNDA:0,constructor
FNDA:0,findUpperBound
DA:13,0
DA:17,0
LF:2
LH:0
BRF:0
BRH:0
end_of_record
TN:
SF:/home/darkdark/block_projs/rome_stuff/Test-Ground.io/contracts/openzeppelin-contracts/contracts/mocks/BadBeacon.sol
FN:9,implementation
FNF:1
FNH:0
FNDA:0,implementation
DA:10,0
LF:1
LH:0
BRF:0
BRH:0
end_of_record
TN:
SF:/home/darkdark/block_projs/rome_stuff/Test-Ground.io/contracts/openzeppelin-contracts/contracts/mocks/CallReceiverMock.sol
FN:12,mockFunction
FN:18,mockFunctionNonPayable
FN:24,mockStaticFunction
FN:28,mockFunctionRevertsNoReason
FN:32,mockFunctionRevertsReason
FN:36,mockFunctionThrows
FN:40,mockFunctionOutOfGas
FN:46,mockFunctionWritesStorage
FNF:8
FNH:0
FNDA:0,mockFunction
FNDA:0,mockFunctionNonPayable
FNDA:0,mockStaticFunction
FNDA:0,mockFunctionRevertsNoReason
FNDA:0,mockFunctionRevertsReason
FNDA:0,mockFunctionThrows
FNDA:0,mockFunctionOutOfGas
FNDA:0,mockFunctionWritesStorage
DA:13,0
DA:15,0
DA:19,0
DA:21,0
DA:25,0
DA:29,0
DA:33,0
DA:37,0
DA:41,0
DA:42,0
DA:47,0
DA:48,0
LF:12
LH:0
BRF:0
BRH:0
end_of_record
TN:
SF:/home/darkdark/block_projs/rome_stuff/Test-Ground.io/contracts/openzeppelin-contracts/contracts/mocks/ClashingImplementation.sol
FN:13,admin
FN:17,delegatedFunction
FNF:2
FNH:0
FNDA:0,admin
FNDA:0,delegatedFunction
DA:14,0
DA:18,0
LF:2
LH:0
BRF:0
BRH:0
end_of_record
TN:
SF:/home/darkdark/block_projs/rome_stuff/Test-Ground.io/contracts/openzeppelin-contracts/contracts/mocks/ConditionalEscrowMock.sol
FN:11,setAllowed
FN:15,withdrawalAllowed
FNF:2
FNH:0
FNDA:0,setAllowed
FNDA:0,withdrawalAllowed
DA:12,0
DA:16,0
LF:2
LH:0
BRF:0
BRH:0
end_of_record
TN:
SF:/home/darkdark/block_projs/rome_stuff/Test-Ground.io/contracts/openzeppelin-contracts/contracts/mocks/ContextMock.sol
FN:10,msgSender
FN:16,msgData
FN:22,callSender
FN:26,callData
FNF:4
FNH:0
FNDA:0,msgSender
FNDA:0,msgData
FNDA:0,callSender
FNDA:0,callData
DA:11,0
DA:17,0
DA:23,0
DA:27,0
LF:4
LH:0
BRF:0
BRH:0
end_of_record
TN:
SF:/home/darkdark/block_projs/rome_stuff/Test-Ground.io/contracts/openzeppelin-contracts/contracts/mocks/CountersImpl.sol
FN:12,current
FN:16,increment
FN:20,decrement
FNF:3
FNH:0
FNDA:0,current
FNDA:0,increment
FNDA:0,decrement
DA:13,0
DA:17,0
DA:21,0
LF:3
LH:0
BRF:0
BRH:0
end_of_record
TN:
SF:/home/darkdark/block_projs/rome_stuff/Test-Ground.io/contracts/openzeppelin-contracts/contracts/mocks/Create2Impl.sol
FN:9,deploy
FN:13,deployERC1820Implementer
FN:18,computeAddress
FN:22,computeAddressWithDeployer
FNF:4
FNH:0
FNDA:0,deploy
FNDA:0,deployERC1820Implementer
FNDA:0,computeAddress
FNDA:0,computeAddressWithDeployer
DA:10,0
DA:15,0
DA:19,0
DA:23,0
LF:4
LH:0
BRF:0
BRH:0
end_of_record
TN:
SF:/home/darkdark/block_projs/rome_stuff/Test-Ground.io/contracts/openzeppelin-contracts/contracts/mocks/DummyImplementation.sol
FN:14,initializeNonPayable
FN:18,initializePayable
FN:22,initializeNonPayableWithValue
FN:26,initializePayableWithValue
FN:30,initialize
FN:36,get
FN:40,version
FN:44,reverts
FN:50,migrate
FN:54,version
FNF:10
FNH:0
FNDA:0,initializeNonPayable
FNDA:0,initializePayable
FNDA:0,initializeNonPayableWithValue
FNDA:0,initializePayableWithValue
FNDA:0,initialize
FNDA:0,get
FNDA:0,version
FNDA:0,reverts
FNDA:0,migrate
FNDA:0,version
DA:15,0
DA:19,0
DA:23,0
DA:27,0
DA:31,0
DA:32,0
DA:33,0
DA:37,0
DA:41,0
DA:45,0
DA:51,0
DA:55,0
LF:12
LH:0
BRDA:45,1,0,0
BRDA:45,1,1,0
BRF:2
BRH:0
end_of_record
TN:
SF:/home/darkdark/block_projs/rome_stuff/Test-Ground.io/contracts/openzeppelin-contracts/contracts/mocks/ECDSAMock.sol
FN:10,recover
FN:14,toEthSignedMessageHash
FNF:2
FNH:0
FNDA:0,recover
FNDA:0,toEthSignedMessageHash
DA:11,0
DA:15,0
LF:2
LH:0
BRF:0
BRH:0
end_of_record
TN:
SF:/home/darkdark/block_projs/rome_stuff/Test-Ground.io/contracts/openzeppelin-contracts/contracts/mocks/EIP712External.sol
FN:9,constructor
FN:11,domainSeparator
FN:15,verify
FN:25,getChainId
FNF:4
FNH:0
FNDA:0,constructor
FNDA:0,domainSeparator
FNDA:0,verify
FNDA:0,getChainId
DA:12,0
DA:16,0
DA:21,0
DA:22,0
DA:26,0
DA:28,0
LF:6
LH:0
BRDA:22,1,0,0
BRDA:22,1,1,0
BRF:2
BRH:0
end_of_record
TN:
SF:/home/darkdark/block_projs/rome_stuff/Test-Ground.io/contracts/openzeppelin-contracts/contracts/mocks/EnumerableMapMock.sol
FN:14,contains
FN:18,set
FN:23,remove
FN:28,length
FN:32,at
FN:37,get
FNF:6
FNH:0
FNDA:0,contains
FNDA:0,set
FNDA:0,remove
FNDA:0,length
FNDA:0,at
FNDA:0,get
DA:15,0
DA:19,0
DA:20,0
DA:24,0
DA:25,0
DA:29,0
DA:33,0
DA:38,0
LF:8
LH:0
BRF:0
BRH:0
end_of_record
TN:
SF:/home/darkdark/block_projs/rome_stuff/Test-Ground.io/contracts/openzeppelin-contracts/contracts/mocks/EnumerableSetMock.sol
FN:15,contains
FN:19,add
FN:24,remove
FN:29,length
FN:33,at
FN:46,contains
FN:50,add
FN:55,remove
FN:60,length
FN:64,at
FN:77,contains
FN:81,add
FN:86,remove
FN:91,length
FN:95,at
FNF:15
FNH:0
FNDA:0,contains
FNDA:0,add
FNDA:0,remove
FNDA:0,length
FNDA:0,at
FNDA:0,contains
FNDA:0,add
FNDA:0,remove
FNDA:0,length
FNDA:0,at
FNDA:0,contains
FNDA:0,add
FNDA:0,remove
FNDA:0,length
FNDA:0,at
DA:16,0
DA:20,0
DA:21,0
DA:25,0
DA:26,0
DA:30,0
DA:34,0
DA:47,0
DA:51,0
DA:52,0
DA:56,0
DA:57,0
DA:61,0
DA:65,0
DA:78,0
DA:82,0
DA:83,0
DA:87,0
DA:88,0
DA:92,0
DA:96,0
LF:21
LH:0
BRF:0
BRH:0
end_of_record
TN:
SF:/home/darkdark/block_projs/rome_stuff/Test-Ground.io/contracts/openzeppelin-contracts/contracts/mocks/ERC1155BurnableMock.sol
FN:8,constructor
FN:10,mint
FNF:2
FNH:0
FNDA:0,constructor
FNDA:0,mint
DA:11,0
LF:1
LH:0
BRF:0
BRH:0
end_of_record
TN:
SF:/home/darkdark/block_projs/rome_stuff/Test-Ground.io/contracts/openzeppelin-contracts/contracts/mocks/ERC1155Mock.sol
FN:12,constructor
FN:16,setURI
FN:20,mint
FN:24,mintBatch
FN:28,burn
FN:32,burnBatch
FNF:6
FNH:0
FNDA:0,constructor
FNDA:0,setURI
FNDA:0,mint
FNDA:0,mintBatch
FNDA:0,burn
FNDA:0,burnBatch
DA:17,0
DA:21,0
DA:25,0
DA:29,0
DA:33,0
LF:5
LH:0
BRF:0
BRH:0
end_of_record
TN:
SF:/home/darkdark/block_projs/rome_stuff/Test-Ground.io/contracts/openzeppelin-contracts/contracts/mocks/ERC1155PausableMock.sol
FN:9,constructor
FN:11,pause
FN:15,unpause
FN:19,_beforeTokenTransfer
FNF:4
FNH:0
FNDA:0,constructor
FNDA:0,pause
FNDA:0,unpause
FNDA:0,_beforeTokenTransfer
DA:12,0
DA:16,0
DA:29,0
LF:3
LH:0
BRF:0
BRH:0
end_of_record
TN:
SF:/home/darkdark/block_projs/rome_stuff/Test-Ground.io/contracts/openzeppelin-contracts/contracts/mocks/ERC1155ReceiverMock.sol
FN:17,constructor
FN:31,onERC1155Received
FN:47,onERC1155BatchReceived
FNF:3
FNH:0
FNDA:0,constructor
FNDA:0,onERC1155Received
FNDA:0,onERC1155BatchReceived
DA:25,0
DA:26,0
DA:27,0
DA:28,0
DA:42,0
DA:43,0
DA:44,0
DA:58,0
DA:59,0
DA:60,0
LF:10
LH:0
BRDA:42,1,0,0
BRDA:42,1,1,0
BRDA:58,2,0,0
BRDA:58,2,1,0
BRF:4
BRH:0
end_of_record
TN:
SF:/home/darkdark/block_projs/rome_stuff/Test-Ground.io/contracts/openzeppelin-contracts/contracts/mocks/ERC165/ERC165InterfacesSupported.sol
FN:32,constructor
FN:39,supportsInterface
FN:46,_registerInterface
FN:53,constructor
FNF:4
FNH:0
FNDA:0,constructor
FNDA:0,supportsInterface
FNDA:0,_registerInterface
FNDA:0,constructor
DA:33,0
DA:40,0
DA:47,0
DA:48,0
DA:54,0
DA:55,0
LF:6
LH:0
BRDA:47,1,0,0
BRDA:47,1,1,0
BRF:2
BRH:0
end_of_record
TN:
SF:/home/darkdark/block_projs/rome_stuff/Test-Ground.io/contracts/openzeppelin-contracts/contracts/mocks/ERC165/ERC165NotSupported.sol
FNF:0
FNH:0
LF:0
LH:0
BRF:0
BRH:0
end_of_record
TN:
SF:/home/darkdark/block_projs/rome_stuff/Test-Ground.io/contracts/openzeppelin-contracts/contracts/mocks/ERC165CheckerMock.sol
FN:10,supportsERC165
FN:14,supportsInterface
FN:18,supportsAllInterfaces
FNF:3
FNH:0
FNDA:0,supportsERC165
FNDA:0,supportsInterface
FNDA:0,supportsAllInterfaces
DA:11,0
DA:15,0
DA:19,0
LF:3
LH:0
BRF:0
BRH:0
end_of_record
TN:
SF:/home/darkdark/block_projs/rome_stuff/Test-Ground.io/contracts/openzeppelin-contracts/contracts/mocks/ERC165Mock.sol
FN:8,registerInterface
FNF:1
FNH:0
FNDA:0,registerInterface
DA:9,0
LF:1
LH:0
BRF:0
BRH:0
end_of_record
TN:
SF:/home/darkdark/block_projs/rome_stuff/Test-Ground.io/contracts/openzeppelin-contracts/contracts/mocks/ERC1820ImplementerMock.sol
FN:8,registerInterfaceForAddress
FNF:1
FNH:0
FNDA:0,registerInterfaceForAddress
DA:9,0
LF:1
LH:0
BRF:0
BRH:0
end_of_record
TN:
SF:/home/darkdark/block_projs/rome_stuff/Test-Ground.io/contracts/openzeppelin-contracts/contracts/mocks/ERC20BurnableMock.sol
FN:13,constructor
FNF:1
FNH:0
FNDA:0,constructor
DA:14,0
LF:1
LH:0
BRF:0
BRH:0
end_of_record
TN:
SF:/home/darkdark/block_projs/rome_stuff/Test-Ground.io/contracts/openzeppelin-contracts/contracts/mocks/ERC20CappedMock.sol
FN:9,constructor
FN:12,mint
FNF:2
FNH:0
FNDA:0,constructor
FNDA:0,mint
DA:13,0
LF:1
LH:0
BRF:0
BRH:0
end_of_record
TN:
SF:/home/darkdark/block_projs/rome_stuff/Test-Ground.io/contracts/openzeppelin-contracts/contracts/mocks/ERC20DecimalsMock.sol
FN:8,constructor
FNF:1
FNH:0
FNDA:0,constructor
DA:9,0
LF:1
LH:0
BRF:0
BRH:0
end_of_record
TN:
SF:/home/darkdark/block_projs/rome_stuff/Test-Ground.io/contracts/openzeppelin-contracts/contracts/mocks/ERC20Mock.sol
FN:14,constructor
FN:18,mint
FN:22,burn
FN:26,transferInternal
FN:30,approveInternal
FNF:5
FNH:0
FNDA:0,constructor
FNDA:0,mint
FNDA:0,burn
FNDA:0,transferInternal
FNDA:0,approveInternal
DA:15,0
DA:19,0
DA:23,0
DA:27,0
DA:31,0
LF:5
LH:0
BRF:0
BRH:0
end_of_record
TN:
SF:/home/darkdark/block_projs/rome_stuff/Test-Ground.io/contracts/openzeppelin-contracts/contracts/mocks/ERC20PausableMock.sol
FN:14,constructor
FN:18,pause
FN:22,unpause
FN:26,mint
FN:30,burn
FNF:5
FNH:0
FNDA:0,constructor
FNDA:0,pause
FNDA:0,unpause
FNDA:0,mint
FNDA:0,burn
DA:15,0
DA:19,0
DA:23,0
DA:27,0
DA:31,0
LF:5
LH:0
BRF:0
BRH:0
end_of_record
TN:
SF:/home/darkdark/block_projs/rome_stuff/Test-Ground.io/contracts/openzeppelin-contracts/contracts/mocks/ERC20PermitMock.sol
FN:13,constructor
FN:17,getChainId
FNF:2
FNH:0
FNDA:0,constructor
FNDA:0,getChainId
DA:14,0
DA:18,0
DA:20,0
LF:3
LH:0
BRF:0
BRH:0
end_of_record
TN:
SF:/home/darkdark/block_projs/rome_stuff/Test-Ground.io/contracts/openzeppelin-contracts/contracts/mocks/ERC20SnapshotMock.sol
FN:14,constructor
FN:18,snapshot
FN:22,mint
FN:26,burn
FNF:4
FNH:0
FNDA:0,constructor
FNDA:0,snapshot
FNDA:0,mint
FNDA:0,burn
DA:15,0
DA:19,0
DA:23,0
DA:27,0
LF:4
LH:0
BRF:0
BRH:0
end_of_record
TN:
SF:/home/darkdark/block_projs/rome_stuff/Test-Ground.io/contracts/openzeppelin-contracts/contracts/mocks/ERC721BurnableMock.sol
FN:8,constructor
FN:10,mint
FNF:2
FNH:0
FNDA:0,constructor
FNDA:0,mint
DA:11,0
LF:1
LH:0
BRF:0
BRH:0
end_of_record
TN:
SF:/home/darkdark/block_projs/rome_stuff/Test-Ground.io/contracts/openzeppelin-contracts/contracts/mocks/ERC721GSNRecipientMock.sol
FN:17,constructor
FN:20,mint
FN:24,_msgSender
FN:28,_msgData
FNF:4
FNH:0
FNDA:0,constructor
FNDA:0,mint
FNDA:0,_msgSender
FNDA:0,_msgData
DA:21,0
DA:25,0
DA:29,0
LF:3
LH:0
BRF:0
BRH:0
end_of_record
TN:
SF:/home/darkdark/block_projs/rome_stuff/Test-Ground.io/contracts/openzeppelin-contracts/contracts/mocks/ERC721Mock.sol
FN:12,constructor
FN:14,exists
FN:18,setTokenURI
FN:22,setBaseURI
FN:26,mint
FN:30,safeMint
FN:34,safeMint
FN:38,burn
FNF:8
FNH:0
FNDA:0,constructor
FNDA:0,exists
FNDA:0,setTokenURI
FNDA:0,setBaseURI
FNDA:0,mint
FNDA:0,safeMint
FNDA:0,safeMint
FNDA:0,burn
DA:15,0
DA:19,0
DA:23,0
DA:27,0
DA:31,0
DA:35,0
DA:39,0
LF:7
LH:0
BRF:0
BRH:0
end_of_record
TN:
SF:/home/darkdark/block_projs/rome_stuff/Test-Ground.io/contracts/openzeppelin-contracts/contracts/mocks/ERC721PausableMock.sol
FN:12,constructor
FN:14,mint
FN:18,burn
FN:22,exists
FN:26,pause
FN:30,unpause
FNF:6
FNH:0
FNDA:0,constructor
FNDA:0,mint
FNDA:0,burn
FNDA:0,exists
FNDA:0,pause
FNDA:0,unpause
DA:15,0
DA:19,0
DA:23,0
DA:27,0
DA:31,0
LF:5
LH:0
BRF:0
BRH:0
end_of_record
TN:
SF:/home/darkdark/block_projs/rome_stuff/Test-Ground.io/contracts/openzeppelin-contracts/contracts/mocks/ERC721ReceiverMock.sol
FN:13,constructor
FN:18,onERC721Received
FNF:2
FNH:0
FNDA:0,constructor
FNDA:0,onERC721Received
DA:14,0
DA:15,0
DA:21,0
DA:22,0
DA:23,0
LF:5
LH:0
BRDA:21,1,0,0
BRDA:21,1,1,0
BRF:2
BRH:0
end_of_record
TN:
SF:/home/darkdark/block_projs/rome_stuff/Test-Ground.io/contracts/openzeppelin-contracts/contracts/mocks/ERC777Mock.sol
FN:15,constructor
FN:19,mintInternal
FN:28,approveInternal
FNF:3
FNH:0
FNDA:0,constructor
FNDA:0,mintInternal
FNDA:0,approveInternal
DA:16,0
DA:25,0
DA:29,0
LF:3
LH:0
BRF:0
BRH:0
end_of_record
TN:
SF:/home/darkdark/block_projs/rome_stuff/Test-Ground.io/contracts/openzeppelin-contracts/contracts/mocks/ERC777SenderRecipientMock.sol
FN:45,tokensToSend
FN:76,tokensReceived
FN:107,senderFor
FN:116,registerSender
FN:120,recipientFor
FN:129,registerRecipient
FN:133,setShouldRevertSend
FN:137,setShouldRevertReceive
FN:141,send
FN:146,burn
FNF:10
FNH:0
FNDA:0,tokensToSend
FNDA:0,tokensReceived
FNDA:0,senderFor
FNDA:0,registerSender
FNDA:0,recipientFor
FNDA:0,registerRecipient
FNDA:0,setShouldRevertSend
FNDA:0,setShouldRevertReceive
FNDA:0,send
FNDA:0,burn
DA:53,0
DA:54,0
DA:57,0
DA:59,0
DA:61,0
DA:63,0
DA:84,0
DA:85,0
DA:88,0
DA:90,0
DA:92,0
DA:94,0
DA:108,0
DA:110,0
DA:111,0
DA:112,0
DA:117,0
DA:121,0
DA:123,0
DA:124,0
DA:125,0
DA:130,0
DA:134,0
DA:138,0
DA:143,0
DA:147,0
LF:26
LH:0
BRDA:53,1,0,0
BRDA:53,1,1,0
BRDA:84,2,0,0
BRDA:84,2,1,0
BRDA:111,3,0,0
BRDA:111,3,1,0
BRDA:124,4,0,0
BRDA:124,4,1,0
BRF:8
BRH:0
end_of_record
TN:
SF:/home/darkdark/block_projs/rome_stuff/Test-Ground.io/contracts/openzeppelin-contracts/contracts/mocks/EtherReceiverMock.sol
FN:8,setAcceptEther
FNF:1
FNH:0
FNDA:0,setAcceptEther
DA:9,0
DA:13,0
DA:14,0
LF:3
LH:0
BRDA:13,1,0,0
BRDA:13,1,1,0
BRF:2
BRH:0
end_of_record
TN:
SF:/home/darkdark/block_projs/rome_stuff/Test-Ground.io/contracts/openzeppelin-contracts/contracts/mocks/GSNRecipientERC20FeeMock.sol
FN:9,constructor
FN:11,mint
FN:17,mockFunction
FNF:3
FNH:0
FNDA:0,constructor
FNDA:0,mint
FNDA:0,mockFunction
DA:12,0
DA:18,0
LF:2
LH:0
BRF:0
BRH:0
end_of_record
TN:
SF:/home/darkdark/block_projs/rome_stuff/Test-Ground.io/contracts/openzeppelin-contracts/contracts/mocks/GSNRecipientMock.sol
FN:10,withdrawDeposits
FN:14,acceptRelayedCall
FN:23,_preRelayedCall
FN:25,_postRelayedCall
FN:27,upgradeRelayHub
FN:31,_msgSender
FN:35,_msgData
FNF:7
FNH:0
FNDA:0,withdrawDeposits
FNDA:0,acceptRelayedCall
FNDA:0,_preRelayedCall
FNDA:0,_postRelayedCall
FNDA:0,upgradeRelayHub
FNDA:0,_msgSender
FNDA:0,_msgData
DA:11,0
DA:20,0
DA:28,0
DA:32,0
DA:36,0
LF:5
LH:0
BRF:0
BRH:0
end_of_record
TN:
SF:/home/darkdark/block_projs/rome_stuff/Test-Ground.io/contracts/openzeppelin-contracts/contracts/mocks/GSNRecipientSignatureMock.sol
FN:9,constructor
FN:13,mockFunction
FNF:2
FNH:0
FNDA:0,constructor
FNDA:0,mockFunction
DA:14,0
LF:1
LH:0
BRF:0
BRH:0
end_of_record
TN:
SF:/home/darkdark/block_projs/rome_stuff/Test-Ground.io/contracts/openzeppelin-contracts/contracts/mocks/InitializableMock.sol
FN:16,initialize
FN:20,initializeNested
FN:24,initializeWithX
FN:28,nonInitializable
FN:32,fail
FNF:5
FNH:0
FNDA:0,initialize
FNDA:0,initializeNested
FNDA:0,initializeWithX
FNDA:0,nonInitializable
FNDA:0,fail
DA:17,0
DA:21,0
DA:25,0
DA:29,0
DA:33,0
LF:5
LH:0
BRDA:33,1,0,0
BRDA:33,1,1,0
BRF:2
BRH:0
end_of_record
TN:
SF:/home/darkdark/block_projs/rome_stuff/Test-Ground.io/contracts/openzeppelin-contracts/contracts/mocks/MathMock.sol
FN:8,max
FN:12,min
FN:16,average
FNF:3
FNH:0
FNDA:0,max
FNDA:0,min
FNDA:0,average
DA:9,0
DA:13,0
DA:17,0
LF:3
LH:0
BRF:0
BRH:0
end_of_record
TN:
SF:/home/darkdark/block_projs/rome_stuff/Test-Ground.io/contracts/openzeppelin-contracts/contracts/mocks/MerkleProofWrapper.sol
FN:8,verify
FNF:1
FNH:0
FNDA:0,verify
DA:9,0
LF:1
LH:0
BRF:0
BRH:0
end_of_record
TN:
SF:/home/darkdark/block_projs/rome_stuff/Test-Ground.io/contracts/openzeppelin-contracts/contracts/mocks/MultipleInheritanceInitializableMocks.sol
FN:24,initialize
FN:35,initialize
FN:47,initialize
FN:59,initialize
FN:71,initialize
FNF:5
FNH:0
FNDA:0,initialize
FNDA:0,initialize
FNDA:0,initialize
FNDA:0,initialize
FNDA:0,initialize
DA:25,0
DA:36,0
DA:37,0
DA:48,0
DA:49,0
DA:60,0
DA:61,0
DA:72,0
DA:73,0
DA:74,0
LF:10
LH:0
BRF:0
BRH:0
end_of_record
TN:
SF:/home/darkdark/block_projs/rome_stuff/Test-Ground.io/contracts/openzeppelin-contracts/contracts/mocks/OwnableMock.sol
FNF:0
FNH:0
LF:0
LH:0
BRF:0
BRH:0
end_of_record
TN:
SF:/home/darkdark/block_projs/rome_stuff/Test-Ground.io/contracts/openzeppelin-contracts/contracts/mocks/PausableMock.sol
FN:11,constructor
FN:16,normalProcess
FN:20,drasticMeasure
FN:24,pause
FN:28,unpause
FNF:5
FNH:0
FNDA:0,constructor
FNDA:0,normalProcess
FNDA:0,drasticMeasure
FNDA:0,pause
FNDA:0,unpause
DA:12,0
DA:13,0
DA:17,0
DA:21,0
DA:25,0
DA:29,0
LF:6
LH:0
BRF:0
BRH:0
end_of_record
TN:
SF:/home/darkdark/block_projs/rome_stuff/Test-Ground.io/contracts/openzeppelin-contracts/contracts/mocks/PullPaymentMock.sol
FN:9,constructor
FN:12,callTransfer
FNF:2
FNH:0
FNDA:0,constructor
FNDA:0,callTransfer
DA:13,0
LF:1
LH:0
BRF:0
BRH:0
end_of_record
TN:
SF:/home/darkdark/block_projs/rome_stuff/Test-Ground.io/contracts/openzeppelin-contracts/contracts/mocks/ReentrancyAttack.sol
FN:7,callSender
FNF:1
FNH:0
FNDA:0,callSender
DA:9,0
DA:10,0
LF:2
LH:0
BRDA:10,1,0,0
BRDA:10,1,1,0
BRF:2
BRH:0
end_of_record
TN:
SF:/home/darkdark/block_projs/rome_stuff/Test-Ground.io/contracts/openzeppelin-contracts/contracts/mocks/ReentrancyMock.sol
FN:11,constructor
FN:15,callback
FN:19,countLocalRecursive
FN:26,countThisRecursive
FN:35,countAndCall
FN:41,_count
FNF:6
FNH:0
FNDA:0,constructor
FNDA:0,callback
FNDA:0,countLocalRecursive
FNDA:0,countThisRecursive
FNDA:0,countAndCall
FNDA:0,_count
DA:12,0
DA:16,0
DA:20,0
DA:21,0
DA:22,0
DA:27,0
DA:28,0
DA:30,0
DA:31,0
DA:36,0
DA:37,0
DA:38,0
DA:42,0
LF:13
LH:0
BRDA:20,1,0,0
BRDA:20,1,1,0
BRDA:27,2,0,0
BRDA:27,2,1,0
BRDA:31,3,0,0
BRDA:31,3,1,0
BRF:6
BRH:0
end_of_record
TN:
SF:/home/darkdark/block_projs/rome_stuff/Test-Ground.io/contracts/openzeppelin-contracts/contracts/mocks/RegressionImplementation.sol
FN:10,initialize
FN:13,setValue
FN:21,initialize
FN:24,setValue
FN:28,getValue
FN:36,initialize
FN:39,setValue
FN:43,getValue
FN:51,initialize
FN:54,setValue
FN:58,getValue
FN:63,
FNF:12
FNH:0
FNDA:0,initialize
FNDA:0,setValue
FNDA:0,initialize
FNDA:0,setValue
FNDA:0,getValue
FNDA:0,initialize
FNDA:0,setValue
FNDA:0,getValue
FNDA:0,initialize
FNDA:0,setValue
FNDA:0,getValue
FNDA:0,
DA:14,0
DA:25,0
DA:29,0
DA:40,0
DA:44,0
DA:55,0
DA:59,0
DA:64,0
LF:8
LH:0
BRF:0
BRH:0
end_of_record
TN:
SF:/home/darkdark/block_projs/rome_stuff/Test-Ground.io/contracts/openzeppelin-contracts/contracts/mocks/SafeCastMock.sol
FN:11,toUint256
FN:15,toInt256
FN:19,toUint128
FN:23,toUint64
FN:27,toUint32
FN:31,toUint16
FN:35,toUint8
FN:39,toInt128
FN:43,toInt64
FN:47,toInt32
FN:51,toInt16
FN:55,toInt8
FNF:12
FNH:0
FNDA:0,toUint256
FNDA:0,toInt256
FNDA:0,toUint128
FNDA:0,toUint64
FNDA:0,toUint32
FNDA:0,toUint16
FNDA:0,toUint8
FNDA:0,toInt128
FNDA:0,toInt64
FNDA:0,toInt32
FNDA:0,toInt16
FNDA:0,toInt8
DA:12,0
DA:16,0
DA:20,0
DA:24,0
DA:28,0
DA:32,0
DA:36,0
DA:40,0
DA:44,0
DA:48,0
DA:52,0
DA:56,0
LF:12
LH:0
BRF:0
BRH:0
end_of_record
TN:
SF:/home/darkdark/block_projs/rome_stuff/Test-Ground.io/contracts/openzeppelin-contracts/contracts/mocks/SafeERC20Helper.sol
FN:16,transfer
FN:21,transferFrom
FN:26,approve
FN:31,allowance
FN:44,transfer
FN:49,transferFrom
FN:54,approve
FN:59,setAllowance
FN:63,allowance
FN:75,transfer
FN:79,transferFrom
FN:83,approve
FN:87,setAllowance
FN:91,allowance
FN:101,constructor
FN:105,transfer
FN:109,transferFrom
FN:113,approve
FN:117,increaseAllowance
FN:121,decreaseAllowance
FN:125,setAllowance
FN:129,allowance
FNF:22
FNH:0
FNDA:0,transfer
FNDA:0,transferFrom
FNDA:0,approve
FNDA:0,allowance
FNDA:0,transfer
FNDA:0,transferFrom
FNDA:0,approve
FNDA:0,setAllowance
FNDA:0,allowance
FNDA:0,transfer
FNDA:0,transferFrom
FNDA:0,approve
FNDA:0,setAllowance
FNDA:0,allowance
FNDA:0,constructor
FNDA:0,transfer
FNDA:0,transferFrom
FNDA:0,approve
FNDA:0,increaseAllowance
FNDA:0,decreaseAllowance
FNDA:0,setAllowance
FNDA:0,allowance
DA:17,0
DA:18,0
DA:22,0
DA:23,0
DA:27,0
DA:28,0
DA:32,0
DA:33,0
DA:45,0
DA:46,0
DA:50,0
DA:51,0
DA:55,0
DA:56,0
DA:60,0
DA:64,0
DA:76,0
DA:80,0
DA:84,0
DA:88,0
DA:92,0
DA:102,0
DA:106,0
DA:110,0
DA:114,0
DA:118,0
DA:122,0
DA:126,0
DA:130,0
LF:29
LH:0
BRDA:32,1,0,0
BRDA:32,1,1,0
BRF:2
BRH:0
end_of_record
TN:
SF:/home/darkdark/block_projs/rome_stuff/Test-Ground.io/contracts/openzeppelin-contracts/contracts/mocks/SafeMathMock.sol
FN:8,mul
FN:12,div
FN:16,sub
FN:20,add
FN:24,mod
FNF:5
FNH:0
FNDA:0,mul
FNDA:0,div
FNDA:0,sub
FNDA:0,add
FNDA:0,mod
DA:9,0
DA:13,0
DA:17,0
DA:21,0
DA:25,0
LF:5
LH:0
BRF:0
BRH:0
end_of_record
TN:
SF:/home/darkdark/block_projs/rome_stuff/Test-Ground.io/contracts/openzeppelin-contracts/contracts/mocks/SignedSafeMathMock.sol
FN:8,mul
FN:12,div
FN:16,sub
FN:20,add
FNF:4
FNH:0
FNDA:0,mul
FNDA:0,div
FNDA:0,sub
FNDA:0,add
DA:9,0
DA:13,0
DA:17,0
DA:21,0
LF:4
LH:0
BRF:0
BRH:0
end_of_record
TN:
SF:/home/darkdark/block_projs/rome_stuff/Test-Ground.io/contracts/openzeppelin-contracts/contracts/mocks/SingleInheritanceInitializableMocks.sol
FN:14,initialize
FN:27,migrate
FN:42,migrate
FNF:3
FNH:0
FNDA:0,initialize
FNDA:0,migrate
FNDA:0,migrate
DA:15,0
DA:28,0
DA:29,0
DA:30,0
DA:31,0
DA:43,0
DA:44,0
DA:45,0
DA:46,0
DA:47,0
LF:10
LH:0
BRDA:28,1,0,0
BRDA:28,1,1,0
BRDA:43,2,0,0
BRDA:43,2,1,0
BRF:4
BRH:0
end_of_record
TN:
SF:/home/darkdark/block_projs/rome_stuff/Test-Ground.io/contracts/openzeppelin-contracts/contracts/mocks/StringsMock.sol
FN:8,fromUint256
FNF:1
FNH:0
FNDA:0,fromUint256
DA:9,0
LF:1
LH:0
BRF:0
BRH:0
end_of_record
TN:
SF:/home/darkdark/block_projs/rome_stuff/Test-Ground.io/contracts/openzeppelin-contracts/contracts/payment/escrow/ConditionalEscrow.sol
FN:20,withdraw
FNF:1
FNH:0
FNDA:0,withdraw
DA:21,0
DA:22,0
LF:2
LH:0
BRDA:21,1,0,0
BRDA:21,1,1,0
BRF:2
BRH:0
end_of_record
TN:
SF:/home/darkdark/block_projs/rome_stuff/Test-Ground.io/contracts/openzeppelin-contracts/contracts/payment/escrow/Escrow.sol
FN:31,depositsOf
FN:39,deposit
FN:56,withdraw
FNF:3
FNH:0
FNDA:0,depositsOf
FNDA:0,deposit
FNDA:0,withdraw
DA:32,0
DA:40,0
DA:41,0
DA:43,0
DA:57,0
DA:59,0
DA:61,0
DA:63,0
LF:8
LH:0
BRF:0
BRH:0
end_of_record
TN:
SF:/home/darkdark/block_projs/rome_stuff/Test-Ground.io/contracts/openzeppelin-contracts/contracts/payment/escrow/RefundEscrow.sol
FN:30,constructor
FN:39,state
FN:46,beneficiary
FN:54,deposit
FN:63,close
FN:72,enableRefunds
FN:81,beneficiaryWithdraw
FN:90,withdrawalAllowed
FNF:8
FNH:0
FNDA:0,constructor
FNDA:0,state
FNDA:0,beneficiary
FNDA:0,deposit
FNDA:0,close
FNDA:0,enableRefunds
FNDA:0,beneficiaryWithdraw
FNDA:0,withdrawalAllowed
DA:31,0
DA:32,0
DA:33,0
DA:40,0
DA:47,0
DA:55,0
DA:56,0
DA:64,0
DA:65,0
DA:66,0
DA:73,0
DA:74,0
DA:75,0
DA:82,0
DA:83,0
DA:91,0
LF:16
LH:0
BRDA:31,1,0,0
BRDA:31,1,1,0
BRDA:55,2,0,0
BRDA:55,2,1,0
BRDA:64,3,0,0
BRDA:64,3,1,0
BRDA:73,4,0,0
BRDA:73,4,1,0
BRDA:82,5,0,0
BRDA:82,5,1,0
BRF:10
BRH:0
end_of_record
TN:
SF:/home/darkdark/block_projs/rome_stuff/Test-Ground.io/contracts/openzeppelin-contracts/contracts/payment/PaymentSplitter.sol
FN:43,constructor
FN:69,totalShares
FN:76,totalReleased
FN:83,shares
FN:90,released
FN:97,payee
FN:105,release
FN:125,_addPayee
FNF:8
FNH:0
FNDA:0,constructor
FNDA:0,totalShares
FNDA:0,totalReleased
FNDA:0,shares
FNDA:0,released
FNDA:0,payee
FNDA:0,release
FNDA:0,_addPayee
DA:45,0
DA:46,0
DA:48,0
DA:49,0
DA:63,0
DA:70,0
DA:77,0
DA:84,0
DA:91,0
DA:98,0
DA:106,0
DA:108,0
DA:109,0
DA:111,0
DA:113,0
DA:114,0
DA:116,0
DA:117,0
DA:126,0
DA:127,0
DA:128,0
DA:130,0
DA:131,0
DA:132,0
DA:133,0
LF:25
LH:0
BRDA:45,1,0,0
BRDA:45,1,1,0
BRDA:46,2,0,0
BRDA:46,2,1,0
BRDA:106,3,0,0
BRDA:106,3,1,0
BRDA:111,4,0,0
BRDA:111,4,1,0
BRDA:126,5,0,0
BRDA:126,5,1,0
BRDA:127,6,0,0
BRDA:127,6,1,0
BRDA:128,7,0,0
BRDA:128,7,1,0
BRF:14
BRH:0
end_of_record
TN:
SF:/home/darkdark/block_projs/rome_stuff/Test-Ground.io/contracts/openzeppelin-contracts/contracts/payment/PullPayment.sol
FN:28,constructor
FN:46,withdrawPayments
FN:54,payments
FN:66,_asyncTransfer
FNF:4
FNH:0
FNDA:0,constructor
FNDA:0,withdrawPayments
FNDA:0,payments
FNDA:0,_asyncTransfer
DA:29,0
DA:47,0
DA:55,0
DA:67,0
LF:4
LH:0
BRF:0
BRH:0
end_of_record
TN:
SF:/home/darkdark/block_projs/rome_stuff/Test-Ground.io/contracts/openzeppelin-contracts/contracts/proxy/BeaconProxy.sol
FN:33,constructor
FN:41,_beacon
FN:52,_implementation
FN:66,_setBeacon
FNF:4
FNH:0
FNDA:0,constructor
FNDA:0,_beacon
FNDA:0,_implementation
FNDA:0,_setBeacon
DA:34,0
DA:35,0
DA:42,0
DA:44,0
DA:53,0
DA:67,0
DA:71,0
DA:75,0
DA:78,0
DA:82,0
DA:83,0
LF:11
LH:0
BRDA:67,1,0,0
BRDA:67,1,1,0
BRDA:71,2,0,0
BRDA:71,2,1,0
BRDA:82,3,0,0
BRDA:82,3,1,0
BRF:6
BRH:0
end_of_record
TN:
SF:/home/darkdark/block_projs/rome_stuff/Test-Ground.io/contracts/openzeppelin-contracts/contracts/proxy/IBeacon.sol
FNF:0
FNH:0
LF:0
LH:0
BRF:0
BRH:0
end_of_record
TN:
SF:/home/darkdark/block_projs/rome_stuff/Test-Ground.io/contracts/openzeppelin-contracts/contracts/proxy/Initializable.sol
FN:34,initializer
FN:51,_isConstructor
FNF:2
FNH:0
FNDA:0,initializer
FNDA:0,_isConstructor
DA:35,0
DA:37,0
DA:38,0
DA:39,0
DA:40,0
DA:43,0
DA:45,0
DA:46,0
DA:57,0
DA:58,0
DA:60,0
DA:61,0
LF:12
LH:0
BRDA:35,1,0,0
BRDA:35,1,1,0
BRDA:38,2,0,0
BRDA:38,2,1,0
BRDA:45,3,0,0
BRDA:45,3,1,0
BRF:6
BRH:0
end_of_record
TN:
SF:/home/darkdark/block_projs/rome_stuff/Test-Ground.io/contracts/openzeppelin-contracts/contracts/proxy/Proxy.sol
FN:21,_delegate
FN:54,_fallback
FN:63,
FN:81,_beforeFallback
FNF:4
FNH:0
FNDA:0,_delegate
FNDA:0,_fallback
FNDA:0,
FNDA:0,_beforeFallback
DA:23,0
DA:55,0
DA:56,0
DA:64,0
DA:72,0
LF:5
LH:0
BRF:0
BRH:0
end_of_record
TN:
SF:/home/darkdark/block_projs/rome_stuff/Test-Ground.io/contracts/openzeppelin-contracts/contracts/proxy/ProxyAdmin.sol
FN:21,getProxyImplementation
FN:36,getProxyAdmin
FN:51,changeProxyAdmin
FN:62,upgrade
FN:74,upgradeAndCall
FNF:5
FNH:0
FNDA:0,getProxyImplementation
FNDA:0,getProxyAdmin
FNDA:0,changeProxyAdmin
FNDA:0,upgrade
FNDA:0,upgradeAndCall
DA:24,0
DA:25,0
DA:26,0
DA:39,0
DA:40,0
DA:41,0
DA:52,0
DA:63,0
DA:75,0
LF:9
LH:0
BRDA:25,1,0,0
BRDA:25,1,1,0
BRDA:40,2,0,0
BRDA:40,2,1,0
BRF:4
BRH:0
end_of_record
TN:
SF:/home/darkdark/block_projs/rome_stuff/Test-Ground.io/contracts/openzeppelin-contracts/contracts/proxy/TransparentUpgradeableProxy.sol
FN:33,constructor
FN:53,ifAdmin
FN:70,admin
FN:83,implementation
FN:94,changeAdmin
FN:105,upgradeTo
FN:116,upgradeToAndCall
FN:124,_admin
FN:135,_setAdmin
FN:147,_beforeFallback
FNF:10
FNH:0
FNDA:0,constructor
FNDA:0,ifAdmin
FNDA:0,admin
FNDA:0,implementation
FNDA:0,changeAdmin
FNDA:0,upgradeTo
FNDA:0,upgradeToAndCall
FNDA:0,_admin
FNDA:0,_setAdmin
FNDA:0,_beforeFallback
DA:34,0
DA:35,0
DA:54,0
DA:55,0
DA:57,0
DA:71,0
DA:84,0
DA:95,0
DA:96,0
DA:97,0
DA:106,0
DA:117,0
DA:118,0
DA:125,0
DA:127,0
DA:136,0
DA:139,0
DA:148,0
DA:149,0
LF:19
LH:0
BRDA:54,1,0,0
BRDA:54,1,1,0
BRDA:95,2,0,0
BRDA:95,2,1,0
BRDA:148,3,0,0
BRDA:148,3,1,0
BRF:6
BRH:0
end_of_record
TN:
SF:/home/darkdark/block_projs/rome_stuff/Test-Ground.io/contracts/openzeppelin-contracts/contracts/proxy/UpgradeableBeacon.sol
FN:27,constructor
FN:34,implementation
FN:48,upgradeTo
FN:60,_setImplementation
FNF:4
FNH:0
FNDA:0,constructor
FNDA:0,implementation
FNDA:0,upgradeTo
FNDA:0,_setImplementation
DA:28,0
DA:35,0
DA:49,0
DA:50,0
DA:61,0
DA:62,0
LF:6
LH:0
BRDA:61,1,0,0
BRDA:61,1,1,0
BRF:2
BRH:0
end_of_record
TN:
SF:/home/darkdark/block_projs/rome_stuff/Test-Ground.io/contracts/openzeppelin-contracts/contracts/proxy/UpgradeableProxy.sol
FN:24,constructor
FN:47,_implementation
FN:60,_upgradeTo
FN:68,_setImplementation
FNF:4
FNH:0
FNDA:0,constructor
FNDA:0,_implementation
FNDA:0,_upgradeTo
FNDA:0,_setImplementation
DA:25,0
DA:26,0
DA:27,0
DA:28,0
DA:48,0
DA:50,0
DA:61,0
DA:62,0
DA:69,0
DA:71,0
DA:74,0
LF:11
LH:0
BRDA:27,1,0,0
BRDA:27,1,1,0
BRDA:69,2,0,0
BRDA:69,2,1,0
BRF:4
BRH:0
end_of_record
TN:
SF:/home/darkdark/block_projs/rome_stuff/Test-Ground.io/contracts/openzeppelin-contracts/contracts/token/ERC1155/ERC1155.sol
FN:55,constructor
FN:75,uri
FN:86,balanceOf
FN:98,balanceOfBatch
FN:122,setApprovalForAll
FN:132,isApprovedForAll
FN:139,safeTransferFrom
FN:171,safeBatchTransferFrom
FN:228,_setURI
FN:243,_mint
FN:265,_mintBatch
FN:290,_burn
FN:312,_burnBatch
FN:350,_beforeTokenTransfer
FN:361,_doSafeTransferAcceptanceCheck
FN:384,_doSafeBatchTransferAcceptanceCheck
FN:407,_asSingletonArray
FNF:17
FNH:0
FNDA:0,constructor
FNDA:0,uri
FNDA:0,balanceOf
FNDA:0,balanceOfBatch
FNDA:0,setApprovalForAll
FNDA:0,isApprovedForAll
FNDA:0,safeTransferFrom
FNDA:0,safeBatchTransferFrom
FNDA:0,_setURI
FNDA:0,_mint
FNDA:0,_mintBatch
FNDA:0,_burn
FNDA:0,_burnBatch
FNDA:0,_beforeTokenTransfer
FNDA:0,_doSafeTransferAcceptanceCheck
FNDA:0,_doSafeBatchTransferAcceptanceCheck
FNDA:0,_asSingletonArray
DA:56,0
DA:59,0
DA:62,0
DA:76,0
DA:87,0
DA:88,0
DA:107,0
DA:109,0
DA:111,0
DA:112,0
DA:113,0
DA:116,0
DA:123,0
DA:125,0
DA:126,0
DA:133,0
DA:150,0
DA:151,0
DA:156,0
DA:158,0
DA:160,0
DA:161,0
DA:163,0
DA:165,0
DA:182,0
DA:183,0
DA:184,0
DA:189,0
DA:191,0
DA:193,0
DA:194,0
DA:195,0
DA:197,0
DA:201,0
DA:204,0
DA:206,0
DA:229,0
DA:244,0
DA:246,0
DA:248,0
DA:250,0
DA:251,0
DA:253,0
DA:266,0
DA:267,0
DA:269,0
DA:271,0
DA:273,0
DA:274,0
DA:277,0
DA:279,0
DA:291,0
DA:293,0
DA:295,0
DA:297,0
DA:302,0
DA:313,0
DA:314,0
DA:316,0
DA:318,0
DA:320,0
DA:321,0
DA:327,0
DA:371,0
DA:372,0
DA:373,0
DA:374,0
DA:377,0
DA:379,0
DA:394,0
DA:395,0
DA:396,0
DA:397,0
DA:400,0
DA:402,0
DA:408,0
DA:409,0
DA:411,0
LF:78
LH:0
BRDA:87,1,0,0
BRDA:87,1,1,0
BRDA:107,2,0,0
BRDA:107,2,1,0
BRDA:112,3,0,0
BRDA:112,3,1,0
BRDA:123,4,0,0
BRDA:123,4,1,0
BRDA:150,5,0,0
BRDA:150,5,1,0
BRDA:151,6,0,0
BRDA:151,6,1,0
BRDA:182,7,0,0
BRDA:182,7,1,0
BRDA:183,8,0,0
BRDA:183,8,1,0
BRDA:184,9,0,0
BRDA:184,9,1,0
BRDA:244,10,0,0
BRDA:244,10,1,0
BRDA:266,11,0,0
BRDA:266,11,1,0
BRDA:267,12,0,0
BRDA:267,12,1,0
BRDA:291,13,0,0
BRDA:291,13,1,0
BRDA:313,14,0,0
BRDA:313,14,1,0
BRDA:314,15,0,0
BRDA:314,15,1,0
BRDA:371,16,0,0
BRDA:371,16,1,0
BRDA:373,17,0,0
BRDA:373,17,1,0
BRDA:394,18,0,0
BRDA:394,18,1,0
BRDA:396,19,0,0
BRDA:396,19,1,0
BRF:38
BRH:0
end_of_record
TN:
SF:/home/darkdark/block_projs/rome_stuff/Test-Ground.io/contracts/openzeppelin-contracts/contracts/token/ERC1155/ERC1155Burnable.sol
FN:14,burn
FN:23,burnBatch
FNF:2
FNH:0
FNDA:0,burn
FNDA:0,burnBatch
DA:15,0
DA:20,0
DA:24,0
DA:29,0
LF:4
LH:0
BRDA:15,1,0,0
BRDA:15,1,1,0
BRDA:24,2,0,0
BRDA:24,2,1,0
BRF:4
BRH:0
end_of_record
TN:
SF:/home/darkdark/block_projs/rome_stuff/Test-Ground.io/contracts/openzeppelin-contracts/contracts/token/ERC1155/ERC1155Holder.sol
FN:11,onERC1155Received
FN:15,onERC1155BatchReceived
FNF:2
FNH:0
FNDA:0,onERC1155Received
FNDA:0,onERC1155BatchReceived
DA:12,0
DA:16,0
LF:2
LH:0
BRF:0
BRH:0
end_of_record
TN:
SF:/home/darkdark/block_projs/rome_stuff/Test-Ground.io/contracts/openzeppelin-contracts/contracts/token/ERC1155/ERC1155Pausable.sol
FN:25,_beforeTokenTransfer
FNF:1
FNH:0
FNDA:0,_beforeTokenTransfer
DA:35,0
DA:37,0
LF:2
LH:0
BRDA:37,1,0,0
BRDA:37,1,1,0
BRF:2
BRH:0
end_of_record
TN:
SF:/home/darkdark/block_projs/rome_stuff/Test-Ground.io/contracts/openzeppelin-contracts/contracts/token/ERC1155/ERC1155Receiver.sol
FN:12,constructor
FNF:1
FNH:0
FNDA:0,constructor
DA:13,0
LF:1
LH:0
BRF:0
BRH:0
end_of_record
TN:
SF:/home/darkdark/block_projs/rome_stuff/Test-Ground.io/contracts/openzeppelin-contracts/contracts/token/ERC1155/IERC1155.sol
FNF:0
FNH:0
LF:0
LH:0
BRF:0
BRH:0
end_of_record
TN:
SF:/home/darkdark/block_projs/rome_stuff/Test-Ground.io/contracts/openzeppelin-contracts/contracts/token/ERC1155/IERC1155MetadataURI.sol
FNF:0
FNH:0
LF:0
LH:0
BRF:0
BRH:0
end_of_record
TN:
SF:/home/darkdark/block_projs/rome_stuff/Test-Ground.io/contracts/openzeppelin-contracts/contracts/token/ERC1155/IERC1155Receiver.sol
FNF:0
FNH:0
LF:0
LH:0
BRF:0
BRH:0
end_of_record
TN:
SF:/home/darkdark/block_projs/rome_stuff/Test-Ground.io/contracts/openzeppelin-contracts/contracts/token/ERC20/ERC20.sol
FN:55,constructor
FN:64,name
FN:72,symbol
FN:89,decimals
FN:96,totalSupply
FN:103,balanceOf
FN:115,transfer
FN:123,allowance
FN:134,approve
FN:152,transferFrom
FN:170,increaseAllowance
FN:189,decreaseAllowance
FN:208,_transfer
FN:228,_mint
FN:249,_burn
FN:272,_approve
FN:287,_setupDecimals
FN:305,_beforeTokenTransfer
FNF:18
FNH:3
FNDA:2,constructor
FNDA:1,name
FNDA:1,symbol
FNDA:0,decimals
FNDA:0,totalSupply
FNDA:0,balanceOf
FNDA:0,transfer
FNDA:0,allowance
FNDA:0,approve
FNDA:0,transferFrom
FNDA:0,increaseAllowance
FNDA:0,decreaseAllowance
FNDA:0,_transfer
FNDA:0,_mint
FNDA:0,_burn
FNDA:0,_approve
FNDA:0,_setupDecimals
FNDA:0,_beforeTokenTransfer
DA:56,2
DA:57,2
DA:58,2
DA:65,1
DA:73,1
DA:90,0
DA:97,0
DA:104,0
DA:116,0
DA:117,0
DA:124,0
DA:135,0
DA:136,0
DA:153,0
DA:154,0
DA:155,0
DA:171,0
DA:172,0
DA:190,0
DA:191,0
DA:209,0
DA:210,0
DA:212,0
DA:214,0
DA:215,0
DA:216,0
DA:229,0
DA:231,0
DA:233,0
DA:234,0
DA:235,0
DA:250,0
DA:252,0
DA:254,0
DA:255,0
DA:256,0
DA:273,0
DA:274,0
DA:276,0
DA:277,0
DA:288,0
LF:41
LH:5
BRDA:209,1,0,0
BRDA:209,1,1,0
BRDA:210,2,0,0
BRDA:210,2,1,0
BRDA:229,3,0,0
BRDA:229,3,1,0
BRDA:250,4,0,0
BRDA:250,4,1,0
BRDA:273,5,0,0
BRDA:273,5,1,0
BRDA:274,6,0,0
BRDA:274,6,1,0
BRF:12
BRH:0
end_of_record
TN:
SF:/home/darkdark/block_projs/rome_stuff/Test-Ground.io/contracts/openzeppelin-contracts/contracts/token/ERC20/ERC20Burnable.sol
FN:21,burn
FN:36,burnFrom
FNF:2
FNH:0
FNDA:0,burn
FNDA:0,burnFrom
DA:22,0
DA:37,0
DA:39,0
DA:40,0
LF:4
LH:0
BRF:0
BRH:0
end_of_record
TN:
SF:/home/darkdark/block_projs/rome_stuff/Test-Ground.io/contracts/openzeppelin-contracts/contracts/token/ERC20/ERC20Capped.sol
FN:19,constructor
FN:27,cap
FN:38,_beforeTokenTransfer
FNF:3
FNH:0
FNDA:0,constructor
FNDA:0,cap
FNDA:0,_beforeTokenTransfer
DA:20,0
DA:21,0
DA:28,0
DA:39,0
DA:41,0
DA:42,0
LF:6
LH:0
BRDA:20,1,0,0
BRDA:20,1,1,0
BRDA:41,2,0,0
BRDA:41,2,1,0
BRDA:42,3,0,0
BRDA:42,3,1,0
BRF:6
BRH:0
end_of_record
TN:
SF:/home/darkdark/block_projs/rome_stuff/Test-Ground.io/contracts/openzeppelin-contracts/contracts/token/ERC20/ERC20Pausable.sol
FN:23,_beforeTokenTransfer
FNF:1
FNH:0
FNDA:0,_beforeTokenTransfer
DA:24,0
DA:26,0
LF:2
LH:0
BRDA:26,1,0,0
BRDA:26,1,1,0
BRF:2
BRH:0
end_of_record
TN:
SF:/home/darkdark/block_projs/rome_stuff/Test-Ground.io/contracts/openzeppelin-contracts/contracts/token/ERC20/ERC20Snapshot.sol
FN:81,_snapshot
FN:92,balanceOfAt
FN:101,totalSupplyAt
FN:110,_beforeTokenTransfer
FN:128,_valueAt
FN:158,_updateAccountSnapshot
FN:162,_updateTotalSupplySnapshot
FN:166,_updateSnapshot
FN:174,_lastSnapshotId
FNF:9
FNH:0
FNDA:0,_snapshot
FNDA:0,balanceOfAt
FNDA:0,totalSupplyAt
FNDA:0,_beforeTokenTransfer
FNDA:0,_valueAt
FNDA:0,_updateAccountSnapshot
FNDA:0,_updateTotalSupplySnapshot
FNDA:0,_updateSnapshot
FNDA:0,_lastSnapshotId
DA:82,0
DA:84,0
DA:85,0
DA:86,0
DA:93,0
DA:95,0
DA:102,0
DA:104,0
DA:111,0
DA:113,0
DA:115,0
DA:116,0
DA:119,0
DA:120,0
DA:123,0
DA:124,0
DA:131,0
DA:133,0
DA:149,0
DA:151,0
DA:152,0
DA:154,0
DA:159,0
DA:163,0
DA:167,0
DA:168,0
DA:169,0
DA:170,0
DA:175,0
DA:176,0
DA:178,0
LF:31
LH:0
BRDA:113,1,0,0
BRDA:113,1,1,0
BRDA:117,2,0,0
BRDA:117,2,1,0
BRDA:131,3,0,0
BRDA:131,3,1,0
BRDA:133,4,0,0
BRDA:133,4,1,0
BRDA:151,5,0,0
BRDA:151,5,1,0
BRDA:168,6,0,0
BRDA:168,6,1,0
BRDA:175,7,0,0
BRDA:175,7,1,0
BRF:14
BRH:0
end_of_record
TN:
SF:/home/darkdark/block_projs/rome_stuff/Test-Ground.io/contracts/openzeppelin-contracts/contracts/token/ERC20/IERC20.sol
FNF:0
FNH:0
LF:0
LH:0
BRF:0
BRH:0
end_of_record
TN:
SF:/home/darkdark/block_projs/rome_stuff/Test-Ground.io/contracts/openzeppelin-contracts/contracts/token/ERC20/SafeERC20.sol
FN:22,safeTransfer
FN:26,safeTransferFrom
FN:37,safeApprove
FN:48,safeIncreaseAllowance
FN:53,safeDecreaseAllowance
FN:64,_callOptionalReturn
FNF:6
FNH:0
FNDA:0,safeTransfer
FNDA:0,safeTransferFrom
FNDA:0,safeApprove
FNDA:0,safeIncreaseAllowance
FNDA:0,safeDecreaseAllowance
FNDA:0,_callOptionalReturn
DA:23,0
DA:27,0
DA:42,0
DA:45,0
DA:49,0
DA:50,0
DA:54,0
DA:55,0
DA:69,0
DA:70,0
DA:72,0
LF:11
LH:0
BRDA:42,1,0,0
BRDA:42,1,1,0
BRDA:70,2,0,0
BRDA:70,2,1,0
BRDA:72,3,0,0
BRDA:72,3,1,0
BRF:6
BRH:0
end_of_record
TN:
SF:/home/darkdark/block_projs/rome_stuff/Test-Ground.io/contracts/openzeppelin-contracts/contracts/token/ERC20/TokenTimelock.sol
FN:26,constructor
FN:37,token
FN:44,beneficiary
FN:51,releaseTime
FN:58,release
FNF:5
FNH:0
FNDA:0,constructor
FNDA:0,token
FNDA:0,beneficiary
FNDA:0,releaseTime
FNDA:0,release
DA:28,0
DA:29,0
DA:30,0
DA:31,0
DA:38,0
DA:45,0
DA:52,0
DA:60,0
DA:62,0
DA:63,0
DA:65,0
LF:11
LH:0
BRDA:28,1,0,0
BRDA:28,1,1,0
BRDA:60,2,0,0
BRDA:60,2,1,0
BRDA:63,3,0,0
BRDA:63,3,1,0
BRF:6
BRH:0
end_of_record
TN:
SF:/home/darkdark/block_projs/rome_stuff/Test-Ground.io/contracts/openzeppelin-contracts/contracts/token/ERC721/ERC721.sol
FN:93,constructor
FN:106,balanceOf
FN:115,ownerOf
FN:122,name
FN:129,symbol
FN:136,tokenURI
FN:158,baseURI
FN:165,tokenOfOwnerByIndex
FN:172,totalSupply
FN:180,tokenByIndex
FN:188,approve
FN:202,getApproved
FN:211,setApprovalForAll
FN:221,isApprovedForAll
FN:228,transferFrom
FN:238,safeTransferFrom
FN:245,safeTransferFrom
FN:268,_safeTransfer
FN:281,_exists
FN:292,_isApprovedOrOwner
FN:308,_safeMint
FN:316,_safeMint
FN:333,_mint
FN:356,_burn
FN:387,_transfer
FN:411,_setTokenURI
FN:421,_setBaseURI
FN:435,_checkOnERC721Received
FN:452,_approve
FN:472,_beforeTokenTransfer
FNF:30
FNH:0
FNDA:0,constructor
FNDA:0,balanceOf
FNDA:0,ownerOf
FNDA:0,name
FNDA:0,symbol
FNDA:0,tokenURI
FNDA:0,baseURI
FNDA:0,tokenOfOwnerByIndex
FNDA:0,totalSupply
FNDA:0,tokenByIndex
FNDA:0,approve
FNDA:0,getApproved
FNDA:0,setApprovalForAll
FNDA:0,isApprovedForAll
FNDA:0,transferFrom
FNDA:0,safeTransferFrom
FNDA:0,safeTransferFrom
FNDA:0,_safeTransfer
FNDA:0,_exists
FNDA:0,_isApprovedOrOwner
FNDA:0,_safeMint
FNDA:0,_safeMint
FNDA:0,_mint
FNDA:0,_burn
FNDA:0,_transfer
FNDA:0,_setTokenURI
FNDA:0,_setBaseURI
FNDA:0,_checkOnERC721Received
FNDA:0,_approve
FNDA:0,_beforeTokenTransfer
DA:94,0
DA:95,0
DA:98,0
DA:99,0
DA:100,0
DA:107,0
DA:109,0
DA:116,0
DA:123,0
DA:130,0
DA:137,0
DA:139,0
DA:142,0
DA:143,0
DA:146,0
DA:147,0
DA:150,0
DA:159,0
DA:166,0
DA:174,0
DA:181,0
DA:182,0
DA:189,0
DA:190,0
DA:192,0
DA:196,0
DA:203,0
DA:205,0
DA:212,0
DA:214,0
DA:215,0
DA:222,0
DA:230,0
DA:232,0
DA:239,0
DA:246,0
DA:247,0
DA:269,0
DA:270,0
DA:282,0
DA:293,0
DA:294,0
DA:295,0
DA:309,0
DA:317,0
DA:318,0
DA:334,0
DA:335,0
DA:337,0
DA:339,0
DA:341,0
DA:343,0
DA:357,0
DA:359,0
DA:362,0
DA:365,0
DA:366,0
DA:369,0
DA:371,0
DA:373,0
DA:388,0
DA:389,0
DA:391,0
DA:394,0
DA:396,0
DA:397,0
DA:399,0
DA:401,0
DA:412,0
DA:413,0
DA:422,0
DA:438,0
DA:439,0
DA:441,0
DA:448,0
DA:449,0
DA:453,0
DA:454,0
LF:78
LH:0
BRDA:107,1,0,0
BRDA:107,1,1,0
BRDA:137,2,0,0
BRDA:137,2,1,0
BRDA:142,3,0,0
BRDA:142,3,1,0
BRDA:146,4,0,0
BRDA:146,4,1,0
BRDA:190,5,0,0
BRDA:190,5,1,0
BRDA:192,6,0,0
BRDA:192,6,1,0
BRDA:203,7,0,0
BRDA:203,7,1,0
BRDA:212,8,0,0
BRDA:212,8,1,0
BRDA:230,9,0,0
BRDA:230,9,1,0
BRDA:246,10,0,0
BRDA:246,10,1,0
BRDA:270,11,0,0
BRDA:270,11,1,0
BRDA:293,12,0,0
BRDA:293,12,1,0
BRDA:318,13,0,0
BRDA:318,13,1,0
BRDA:334,14,0,0
BRDA:334,14,1,0
BRDA:335,15,0,0
BRDA:335,15,1,0
BRDA:365,16,0,0
BRDA:365,16,1,0
BRDA:388,17,0,0
BRDA:388,17,1,0
BRDA:389,18,0,0
BRDA:389,18,1,0
BRDA:412,19,0,0
BRDA:412,19,1,0
BRDA:438,20,0,0
BRDA:438,20,1,0
BRF:40
BRH:0
end_of_record
TN:
SF:/home/darkdark/block_projs/rome_stuff/Test-Ground.io/contracts/openzeppelin-contracts/contracts/token/ERC721/ERC721Burnable.sol
FN:20,burn
FNF:1
FNH:0
FNDA:0,burn
DA:22,0
DA:23,0
LF:2
LH:0
BRDA:22,1,0,0
BRDA:22,1,1,0
BRF:2
BRH:0
end_of_record
TN:
SF:/home/darkdark/block_projs/rome_stuff/Test-Ground.io/contracts/openzeppelin-contracts/contracts/token/ERC721/ERC721Holder.sol
FN:20,onERC721Received
FNF:1
FNH:0
FNDA:0,onERC721Received
DA:21,0
LF:1
LH:0
BRF:0
BRH:0
end_of_record
TN:
SF:/home/darkdark/block_projs/rome_stuff/Test-Ground.io/contracts/openzeppelin-contracts/contracts/token/ERC721/ERC721Pausable.sol
FN:23,_beforeTokenTransfer
FNF:1
FNH:0
FNDA:0,_beforeTokenTransfer
DA:24,0
DA:26,0
LF:2
LH:0
BRDA:26,1,0,0
BRDA:26,1,1,0
BRF:2
BRH:0
end_of_record
TN:
SF:/home/darkdark/block_projs/rome_stuff/Test-Ground.io/contracts/openzeppelin-contracts/contracts/token/ERC721/IERC721.sol
FNF:0
FNH:0
LF:0
LH:0
BRF:0
BRH:0
end_of_record
TN:
SF:/home/darkdark/block_projs/rome_stuff/Test-Ground.io/contracts/openzeppelin-contracts/contracts/token/ERC721/IERC721Enumerable.sol
FNF:0
FNH:0
LF:0
LH:0
BRF:0
BRH:0
end_of_record
TN:
SF:/home/darkdark/block_projs/rome_stuff/Test-Ground.io/contracts/openzeppelin-contracts/contracts/token/ERC721/IERC721Metadata.sol
FNF:0
FNH:0
LF:0
LH:0
BRF:0
BRH:0
end_of_record
TN:
SF:/home/darkdark/block_projs/rome_stuff/Test-Ground.io/contracts/openzeppelin-contracts/contracts/token/ERC721/IERC721Receiver.sol
FNF:0
FNH:0
LF:0
LH:0
BRF:0
BRH:0
end_of_record
TN:
SF:/home/darkdark/block_projs/rome_stuff/Test-Ground.io/contracts/openzeppelin-contracts/contracts/token/ERC777/ERC777.sol
FN:69,constructor
FN:90,name
FN:97,symbol
FN:107,decimals
FN:116,granularity
FN:123,totalSupply
FN:130,balanceOf
FN:139,send
FN:151,transfer
FN:170,burn
FN:177,isOperatorFor
FN:189,authorizeOperator
FN:204,revokeOperator
FN:219,defaultOperators
FN:228,operatorSend
FN:246,operatorBurn
FN:258,allowance
FN:267,approve
FN:282,transferFrom
FN:315,_mint
FN:348,_send
FN:377,_burn
FN:401,_move
FN:425,_approve
FN:442,_callTokensToSend
FN:469,_callTokensReceived
FN:502,_beforeTokenTransfer
FNF:27
FNH:0
FNDA:0,constructor
FNDA:0,name
FNDA:0,symbol
FNDA:0,decimals
FNDA:0,granularity
FNDA:0,totalSupply
FNDA:0,balanceOf
FNDA:0,send
FNDA:0,transfer
FNDA:0,burn
FNDA:0,isOperatorFor
FNDA:0,authorizeOperator
FNDA:0,revokeOperator
FNDA:0,defaultOperators
FNDA:0,operatorSend
FNDA:0,operatorBurn
FNDA:0,allowance
FNDA:0,approve
FNDA:0,transferFrom
FNDA:0,_mint
FNDA:0,_send
FNDA:0,_burn
FNDA:0,_move
FNDA:0,_approve
FNDA:0,_callTokensToSend
FNDA:0,_callTokensReceived
FNDA:0,_beforeTokenTransfer
DA:74,0
DA:75,0
DA:77,0
DA:78,0
DA:79,0
DA:83,0
DA:84,0
DA:91,0
DA:98,0
DA:108,0
DA:117,0
DA:124,0
DA:131,0
DA:140,0
DA:152,0
DA:154,0
DA:156,0
DA:158,0
DA:160,0
DA:162,0
DA:171,0
DA:181,0
DA:190,0
DA:192,0
DA:193,0
DA:195,0
DA:198,0
DA:205,0
DA:207,0
DA:208,0
DA:210,0
DA:213,0
DA:220,0
DA:237,0
DA:238,0
DA:247,0
DA:248,0
DA:259,0
DA:268,0
DA:269,0
DA:270,0
DA:283,0
DA:284,0
DA:286,0
DA:288,0
DA:290,0
DA:291,0
DA:293,0
DA:295,0
DA:323,0
DA:325,0
DA:327,0
DA:330,0
DA:331,0
DA:333,0
DA:335,0
DA:336,0
DA:358,0
DA:359,0
DA:361,0
DA:363,0
DA:365,0
DA:367,0
DA:385,0
DA:387,0
DA:389,0
DA:391,0
DA:394,0
DA:395,0
DA:397,0
DA:398,0
DA:411,0
DA:413,0
DA:414,0
DA:416,0
DA:417,0
DA:426,0
DA:427,0
DA:429,0
DA:430,0
DA:452,0
DA:453,0
DA:454,0
DA:480,0
DA:481,0
DA:482,0
DA:484,0
LF:87
LH:0
BRDA:152,1,0,0
BRDA:152,1,1,0
BRDA:190,2,0,0
BRDA:190,2,1,0
BRDA:192,3,0,0
BRDA:192,3,1,0
BRDA:205,4,0,0
BRDA:205,4,1,0
BRDA:207,5,0,0
BRDA:207,5,1,0
BRDA:237,6,0,0
BRDA:237,6,1,0
BRDA:247,7,0,0
BRDA:247,7,1,0
BRDA:283,8,0,0
BRDA:283,8,1,0
BRDA:284,9,0,0
BRDA:284,9,1,0
BRDA:323,10,0,0
BRDA:323,10,1,0
BRDA:358,11,0,0
BRDA:358,11,1,0
BRDA:359,12,0,0
BRDA:359,12,1,0
BRDA:385,13,0,0
BRDA:385,13,1,0
BRDA:426,14,0,0
BRDA:426,14,1,0
BRDA:427,15,0,0
BRDA:427,15,1,0
BRDA:453,16,0,0
BRDA:453,16,1,0
BRDA:481,17,0,0
BRDA:481,17,1,0
BRDA:483,18,0,0
BRDA:483,18,1,0
BRDA:484,19,0,0
BRDA:484,19,1,0
BRF:38
BRH:0
end_of_record
TN:
SF:/home/darkdark/block_projs/rome_stuff/Test-Ground.io/contracts/openzeppelin-contracts/contracts/token/ERC777/IERC777.sol
FNF:0
FNH:0
LF:0
LH:0
BRF:0
BRH:0
end_of_record
TN:
SF:/home/darkdark/block_projs/rome_stuff/Test-Ground.io/contracts/openzeppelin-contracts/contracts/token/ERC777/IERC777Recipient.sol
FNF:0
FNH:0
LF:0
LH:0
BRF:0
BRH:0
end_of_record
TN:
SF:/home/darkdark/block_projs/rome_stuff/Test-Ground.io/contracts/openzeppelin-contracts/contracts/token/ERC777/IERC777Sender.sol
FNF:0
FNH:0
LF:0
LH:0
BRF:0
BRH:0
end_of_record
TN:
SF:/home/darkdark/block_projs/rome_stuff/Test-Ground.io/contracts/openzeppelin-contracts/contracts/utils/Address.sol
FN:26,isContract
FN:53,sendValue
FN:79,functionCall
FN:89,functionCall
FN:104,functionCallWithValue
FN:114,functionCallWithValue
FN:129,functionStaticCall
FN:139,functionStaticCall
FN:153,functionDelegateCall
FN:163,functionDelegateCall
FN:171,_verifyCallResult
FNF:11
FNH:0
FNDA:0,isContract
FNDA:0,sendValue
FNDA:0,functionCall
FNDA:0,functionCall
FNDA:0,functionCallWithValue
FNDA:0,functionCallWithValue
FNDA:0,functionStaticCall
FNDA:0,functionStaticCall
FNDA:0,functionDelegateCall
FNDA:0,functionDelegateCall
FNDA:0,_verifyCallResult
DA:31,0
DA:33,0
DA:34,0
DA:54,0
DA:57,0
DA:58,0
DA:80,0
DA:90,0
DA:105,0
DA:115,0
DA:116,0
DA:119,0
DA:120,0
DA:130,0
DA:140,0
DA:143,0
DA:144,0
DA:154,0
DA:164,0
DA:167,0
DA:168,0
DA:172,0
DA:173,0
DA:176,0
DA:180,0
DA:185,0
LF:26
LH:0
BRDA:54,1,0,0
BRDA:54,1,1,0
BRDA:58,2,0,0
BRDA:58,2,1,0
BRDA:115,3,0,0
BRDA:115,3,1,0
BRDA:116,4,0,0
BRDA:116,4,1,0
BRDA:140,5,0,0
BRDA:140,5,1,0
BRDA:164,6,0,0
BRDA:164,6,1,0
BRDA:172,7,0,0
BRDA:172,7,1,0
BRDA:176,8,0,0
BRDA:176,8,1,0
BRF:16
BRH:0
end_of_record
TN:
SF:/home/darkdark/block_projs/rome_stuff/Test-Ground.io/contracts/openzeppelin-contracts/contracts/utils/Arrays.sol
FN:20,findUpperBound
FNF:1
FNH:0
FNDA:0,findUpperBound
DA:21,0
DA:22,0
DA:25,0
DA:26,0
DA:28,0
DA:29,0
DA:33,0
DA:34,0
DA:36,0
DA:41,0
DA:42,0
DA:44,0
LF:12
LH:0
BRDA:21,1,0,0
BRDA:21,1,1,0
BRDA:33,2,0,0
BRDA:33,2,1,0
BRDA:41,3,0,0
BRDA:41,3,1,0
BRF:6
BRH:0
end_of_record
TN:
SF:/home/darkdark/block_projs/rome_stuff/Test-Ground.io/contracts/openzeppelin-contracts/contracts/utils/Context.sol
FN:16,_msgSender
FN:20,_msgData
FNF:2
FNH:1
FNDA:35,_msgSender
FNDA:0,_msgData
DA:17,35
DA:21,0
DA:22,0
LF:3
LH:1
BRF:0
BRH:0
end_of_record
TN:
SF:/home/darkdark/block_projs/rome_stuff/Test-Ground.io/contracts/openzeppelin-contracts/contracts/utils/Counters.sol
FN:28,current
FN:32,increment
FN:37,decrement
FNF:3
FNH:0
FNDA:0,current
FNDA:0,increment
FNDA:0,decrement
DA:29,0
DA:34,0
DA:38,0
LF:3
LH:0
BRF:0
BRH:0
end_of_record
TN:
SF:/home/darkdark/block_projs/rome_stuff/Test-Ground.io/contracts/openzeppelin-contracts/contracts/utils/Create2.sol
FN:29,deploy
FN:45,computeAddress
FN:53,computeAddress
FNF:3
FNH:0
FNDA:0,deploy
FNDA:0,computeAddress
FNDA:0,computeAddress
DA:30,0
DA:31,0
DA:32,0
DA:34,0
DA:37,0
DA:38,0
DA:46,0
DA:54,0
DA:57,0
LF:9
LH:0
BRDA:31,1,0,0
BRDA:31,1,1,0
BRDA:32,2,0,0
BRDA:32,2,1,0
BRDA:37,3,0,0
BRDA:37,3,1,0
BRF:6
BRH:0
end_of_record
TN:
SF:/home/darkdark/block_projs/rome_stuff/Test-Ground.io/contracts/openzeppelin-contracts/contracts/utils/EnumerableMap.sol
FN:60,_set
FN:81,_remove
FN:118,_contains
FN:125,_length
FN:139,_at
FN:153,_get
FN:160,_get
FN:179,set
FN:188,remove
FN:195,contains
FN:202,length
FN:215,at
FN:227,get
FN:234,get
FNF:14
FNH:0
FNDA:0,_set
FNDA:0,_remove
FNDA:0,_contains
FNDA:0,_length
FNDA:0,_at
FNDA:0,_get
FNDA:0,_get
FNDA:0,set
FNDA:0,remove
FNDA:0,contains
FNDA:0,length
FNDA:0,at
FNDA:0,get
FNDA:0,get
DA:62,0
DA:64,0
DA:65,0
DA:68,0
DA:69,0
DA:71,0
DA:72,0
DA:83,0
DA:85,0
DA:90,0
DA:91,0
DA:96,0
DA:99,0
DA:101,0
DA:104,0
DA:107,0
DA:109,0
DA:111,0
DA:119,0
DA:126,0
DA:140,0
DA:142,0
DA:143,0
DA:154,0
DA:161,0
DA:162,0
DA:163,0
DA:180,0
DA:189,0
DA:196,0
DA:203,0
DA:216,0
DA:217,0
DA:228,0
DA:235,0
LF:35
LH:0
BRDA:64,1,0,0
BRDA:64,1,1,0
BRDA:85,2,0,0
BRDA:85,2,1,0
BRDA:140,3,0,0
BRDA:140,3,1,0
BRDA:162,4,0,0
BRDA:162,4,1,0
BRF:8
BRH:0
end_of_record
TN:
SF:/home/darkdark/block_projs/rome_stuff/Test-Ground.io/contracts/openzeppelin-contracts/contracts/utils/EnumerableSet.sol
FN:54,_add
FN:72,_remove
FN:109,_contains
FN:116,_length
FN:130,_at
FN:147,add
FN:157,remove
FN:164,contains
FN:171,length
FN:185,at
FN:201,add
FN:211,remove
FN:218,contains
FN:225,length
FN:239,at
FN:256,add
FN:266,remove
FN:273,contains
FN:280,length
FN:294,at
FNF:20
FNH:0
FNDA:0,_add
FNDA:0,_remove
FNDA:0,_contains
FNDA:0,_length
FNDA:0,_at
FNDA:0,add
FNDA:0,remove
FNDA:0,contains
FNDA:0,length
FNDA:0,at
FNDA:0,add
FNDA:0,remove
FNDA:0,contains
FNDA:0,length
FNDA:0,at
FNDA:0,add
FNDA:0,remove
FNDA:0,contains
FNDA:0,length
FNDA:0,at
DA:55,0
DA:56,0
DA:59,0
DA:60,0
DA:62,0
DA:74,0
DA:76,0
DA:81,0
DA:82,0
DA:87,0
DA:90,0
DA:92,0
DA:95,0
DA:98,0
DA:100,0
DA:102,0
DA:110,0
DA:117,0
DA:131,0
DA:132,0
DA:148,0
DA:158,0
DA:165,0
DA:172,0
DA:186,0
DA:202,0
DA:212,0
DA:219,0
DA:226,0
DA:240,0
DA:257,0
DA:267,0
DA:274,0
DA:281,0
DA:295,0
LF:35
LH:0
BRDA:55,1,0,0
BRDA:55,1,1,0
BRDA:76,2,0,0
BRDA:76,2,1,0
BRDA:131,3,0,0
BRDA:131,3,1,0
BRF:6
BRH:0
end_of_record
TN:
SF:/home/darkdark/block_projs/rome_stuff/Test-Ground.io/contracts/openzeppelin-contracts/contracts/utils/Pausable.sol
FN:32,constructor
FN:39,paused
FN:50,whenNotPaused
FN:62,whenPaused
FN:74,_pause
FN:86,_unpause
FNF:6
FNH:0
FNDA:0,constructor
FNDA:0,paused
FNDA:0,whenNotPaused
FNDA:0,whenPaused
FNDA:0,_pause
FNDA:0,_unpause
DA:33,0
DA:40,0
DA:51,0
DA:52,0
DA:63,0
DA:64,0
DA:75,0
DA:76,0
DA:87,0
DA:88,0
LF:10
LH:0
BRDA:51,1,0,0
BRDA:51,1,1,0
BRDA:63,2,0,0
BRDA:63,2,1,0
BRF:4
BRH:0
end_of_record
TN:
SF:/home/darkdark/block_projs/rome_stuff/Test-Ground.io/contracts/openzeppelin-contracts/contracts/utils/ReentrancyGuard.sol
FN:38,constructor
FN:49,nonReentrant
FNF:2
FNH:0
FNDA:0,constructor
FNDA:0,nonReentrant
DA:39,0
DA:51,0
DA:54,0
DA:56,0
DA:60,0
LF:5
LH:0
BRDA:51,1,0,0
BRDA:51,1,1,0
BRF:2
BRH:0
end_of_record
TN:
SF:/home/darkdark/block_projs/rome_stuff/Test-Ground.io/contracts/openzeppelin-contracts/contracts/utils/SafeCast.sol
FN:33,toUint128
FN:48,toUint64
FN:63,toUint32
FN:78,toUint16
FN:93,toUint8
FN:105,toUint256
FN:123,toInt128
FN:141,toInt64
FN:159,toInt32
FN:177,toInt16
FN:195,toInt8
FN:207,toInt256
FNF:12
FNH:0
FNDA:0,toUint128
FNDA:0,toUint64
FNDA:0,toUint32
FNDA:0,toUint16
FNDA:0,toUint8
FNDA:0,toUint256
FNDA:0,toInt128
FNDA:0,toInt64
FNDA:0,toInt32
FNDA:0,toInt16
FNDA:0,toInt8
FNDA:0,toInt256
DA:34,0
DA:35,0
DA:49,0
DA:50,0
DA:64,0
DA:65,0
DA:79,0
DA:80,0
DA:94,0
DA:95,0
DA:106,0
DA:107,0
DA:124,0
DA:125,0
DA:142,0
DA:143,0
DA:160,0
DA:161,0
DA:178,0
DA:179,0
DA:196,0
DA:197,0
DA:208,0
DA:209,0
LF:24
LH:0
BRDA:34,1,0,0
BRDA:34,1,1,0
BRDA:49,2,0,0
BRDA:49,2,1,0
BRDA:64,3,0,0
BRDA:64,3,1,0
BRDA:79,4,0,0
BRDA:79,4,1,0
BRDA:94,5,0,0
BRDA:94,5,1,0
BRDA:106,6,0,0
BRDA:106,6,1,0
BRDA:124,7,0,0
BRDA:124,7,1,0
BRDA:142,8,0,0
BRDA:142,8,1,0
BRDA:160,9,0,0
BRDA:160,9,1,0
BRDA:178,10,0,0
BRDA:178,10,1,0
BRDA:196,11,0,0
BRDA:196,11,1,0
BRDA:208,12,0,0
BRDA:208,12,1,0
BRF:24
BRH:0
end_of_record
TN:
SF:/home/darkdark/block_projs/rome_stuff/Test-Ground.io/contracts/openzeppelin-contracts/contracts/utils/Strings.sol
FN:12,toString
FNF:1
FNH:0
FNDA:0,toString
DA:16,0
DA:17,0
DA:19,0
DA:20,0
DA:21,0
DA:22,0
DA:23,0
DA:25,0
DA:26,0
DA:27,0
DA:28,0
DA:29,0
DA:30,0
DA:32,0
LF:14
LH:0
BRDA:16,1,0,0
BRDA:16,1,1,0
BRF:2
BRH:0
end_of_record
TN:
SF:/home/darkdark/block_projs/rome_stuff/Test-Ground.io/contracts/Pool.sol
FN:24,onlyRegionOwner
FN:32,onlyStrategyController
FN:60,constructor
FN:68,setStrategy
FN:81,moveToNewStrategy
FN:109,moveAllToNewStrategy
FN:142,deposit
FN:169,withdraw
FN:207,getToken
FN:213,getStrategyController
FN:218,getPoolManager
FN:222,getCurrentStrategy
FN:226,getLastStrategy
FNF:13
FNH:0
FNDA:0,onlyRegionOwner
FNDA:0,onlyStrategyController
FNDA:0,constructor
FNDA:0,setStrategy
FNDA:0,moveToNewStrategy
FNDA:0,moveAllToNewStrategy
FNDA:0,deposit
FNDA:0,withdraw
FNDA:0,getToken
FNDA:0,getStrategyController
FNDA:0,getPoolManager
FNDA:0,getCurrentStrategy
FNDA:0,getLastStrategy
DA:25,0
DA:29,0
DA:33,0
DA:37,0
DA:61,0
DA:62,0
DA:63,0
DA:64,0
DA:69,0
DA:70,0
DA:71,0
DA:72,0
DA:74,0
DA:75,0
DA:76,0
DA:77,0
DA:85,0
DA:89,0
DA:93,0
DA:94,0
DA:98,0
DA:99,0
DA:100,0
DA:101,0
DA:102,0
DA:103,0
DA:110,0
DA:111,0
DA:112,0
DA:113,0
DA:114,0
DA:115,0
DA:116,0
DA:117,0
DA:118,0
DA:143,0
DA:144,0
DA:145,0
DA:146,0
DA:149,0
DA:150,0
DA:151,0
DA:152,0
DA:153,0
DA:156,0
DA:158,0
DA:159,0
DA:162,0
DA:166,0
DA:174,0
DA:176,0
DA:185,0
DA:187,0
DA:189,0
DA:190,0
DA:193,0
DA:196,0
DA:197,0
DA:199,0
DA:200,0
DA:201,0
DA:202,0
DA:208,0
DA:214,0
DA:219,0
DA:223,0
DA:227,0
LF:67
LH:0
BRDA:25,1,0,0
BRDA:25,1,1,0
BRDA:33,2,0,0
BRDA:33,2,1,0
BRDA:69,3,0,0
BRDA:69,3,1,0
BRDA:70,4,0,0
BRDA:70,4,1,0
BRDA:71,5,0,0
BRDA:71,5,1,0
BRDA:72,6,0,0
BRDA:72,6,1,0
BRDA:76,7,0,0
BRDA:76,7,1,0
BRDA:102,8,0,0
BRDA:102,8,1,0
BRDA:110,9,0,0
BRDA:110,9,1,0
BRDA:144,10,0,0
BRDA:144,10,1,0
BRDA:145,11,0,0
BRDA:145,11,1,0
BRDA:146,12,0,0
BRDA:146,12,1,0
BRDA:158,13,0,0
BRDA:158,13,1,0
BRDA:174,14,0,0
BRDA:174,14,1,0
BRDA:176,15,0,0
BRDA:176,15,1,0
BRDA:189,16,0,0
BRDA:189,16,1,0
BRDA:196,17,0,0
BRDA:196,17,1,0
BRF:34
BRH:0
end_of_record
TN:
SF:/home/darkdark/block_projs/rome_stuff/Test-Ground.io/contracts/PoolManager.sol
FN:19,constructor
FN:31,approvePool
FN:45,depositToPool
FN:58,withdrawFromPool
FN:67,getRegionOwner
FN:71,getRegionName
FN:75,isPoolApproved
FN:82,transferRegionOwner
FNF:8
FNH:4
FNDA:34,constructor
FNDA:0,approvePool
FNDA:0,depositToPool
FNDA:0,withdrawFromPool
FNDA:3,getRegionOwner
FNDA:1,getRegionName
FNDA:0,isPoolApproved
FNDA:3,transferRegionOwner
DA:20,34
DA:21,34
DA:32,0
DA:33,0
DA:34,0
DA:35,0
DA:47,0
DA:48,0
DA:52,0
DA:53,0
DA:54,0
DA:55,0
DA:59,0
DA:60,0
DA:62,0
DA:68,3
DA:72,1
DA:76,0
DA:83,3
DA:84,1
LF:20
LH:6
BRDA:32,1,0,0
BRDA:32,1,1,0
BRDA:48,2,0,0
BRDA:48,2,1,0
BRDA:54,3,0,0
BRDA:54,3,1,0
BRDA:60,4,0,0
BRDA:60,4,1,0
BRDA:83,5,0,1
BRDA:83,5,1,2
BRF:10
BRH:2
end_of_record
TN:
SF:/home/darkdark/block_projs/rome_stuff/Test-Ground.io/contracts/Rome.sol
FN:25,constructor
FN:30,buyRome
FN:37,prepareUnstake
FN:49,unstake
FN:61,mint
FNF:5
FNH:1
FNDA:2,constructor
FNDA:0,buyRome
FNDA:0,prepareUnstake
FNDA:0,unstake
FNDA:0,mint
DA:31,0
DA:32,0
DA:33,0
DA:39,0
DA:41,0
DA:44,0
DA:45,0
DA:51,0
DA:53,0
DA:56,0
DA:58,0
DA:62,0
LF:12
LH:0
BRDA:32,1,0,0
BRDA:32,1,1,0
BRDA:39,2,0,0
BRDA:39,2,1,0
BRDA:51,3,0,0
BRDA:51,3,1,0
BRDA:53,4,0,0
BRDA:53,4,1,0
BRF:8
BRH:0
end_of_record
TN:
SF:/home/darkdark/block_projs/rome_stuff/Test-Ground.io/contracts/StrategyController.sol
FN:21,constructor
FN:26,startTimelock
FN:33,deployAfterTimelock
FN:39,getBlockTime
FNF:4
FNH:0
FNDA:0,constructor
FNDA:0,startTimelock
FNDA:0,deployAfterTimelock
FNDA:0,getBlockTime
DA:22,0
DA:27,0
DA:28,0
DA:29,0
DA:30,0
DA:34,0
DA:35,0
DA:36,0
DA:40,0
LF:9
LH:0
BRDA:35,1,0,0
BRDA:35,1,1,0
BRF:2
BRH:0
end_of_record
